 Yearly Total Recharge Values from apex (mm)
 
 year:        1987
           1   10.39364    
           2   5.538856    
           3   3.016011    
           4   65.74972    
           5   54.56118    
           6   13.02566    
           7  0.0000000E+00
           8  0.0000000E+00
           9   29.06675    
          10   127.1349    
          11  0.0000000E+00
          12   125.2279    
          13   191.3879    
          14   32.88640    
          15   7.370861    
          16   15.17679    
          17   74.98833    
          18   98.45058    
          19   8.521075    
          20   5.641957    
          21   226.9236    
          22   11.06648    
          23   8.805917    
          24  0.0000000E+00
          25   223.6560    
          26   88.39606    
          27  0.0000000E+00
          28  0.0000000E+00
          29   24.45277    
          30   166.6543    
          31  0.0000000E+00
          32   85.69469    
          33   106.1918    
          34  0.0000000E+00
          35  0.0000000E+00
          36  0.0000000E+00
          37   20.43244    
          38  0.0000000E+00
          39   62.05743    
          40  0.0000000E+00
          41   4.058563    
          42  0.0000000E+00
          43   10.90609    
          44   19.05714    
          45  0.0000000E+00
          46   83.97755    
          47  0.0000000E+00
          48  0.0000000E+00
          49  0.0000000E+00
          50  0.0000000E+00
          51  0.0000000E+00
          52  0.0000000E+00
          53  0.0000000E+00
          54  0.0000000E+00
          55  0.0000000E+00
          56  0.0000000E+00
          57  0.0000000E+00
          58  0.0000000E+00
          59  0.0000000E+00
          60  0.0000000E+00
          61  0.0000000E+00
          62  0.0000000E+00
          63  0.0000000E+00
          64  0.0000000E+00
          65  0.0000000E+00
          66   49.92107    
          67  0.0000000E+00
          68  0.0000000E+00
          69  0.0000000E+00
          70  0.0000000E+00
          71  0.0000000E+00
          72  0.0000000E+00
          73  0.0000000E+00
          74  0.0000000E+00
          75  0.0000000E+00
 
 year:        1988
           1   44.84678    
           2   137.4039    
           3   136.9491    
           4   190.7807    
           5   36.21929    
           6   40.78433    
           7   99.03494    
           8  0.0000000E+00
           9   26.92678    
          10   241.6229    
          11   153.7210    
          12   186.7365    
          13   279.9642    
          14   41.02033    
          15   136.7544    
          16   203.0368    
          17   217.2051    
          18   244.6392    
          19   9.667002    
          20   16.05491    
          21   333.4344    
          22  0.0000000E+00
          23   37.23898    
          24   90.17566    
          25   29.78627    
          26   168.0101    
          27  0.0000000E+00
          28   196.8562    
          29   200.6423    
          30   276.4452    
          31  0.0000000E+00
          32   163.7849    
          33   278.2616    
          34   128.1051    
          35   94.63501    
          36   57.56502    
          37   147.6954    
          38   146.4378    
          39   106.7335    
          40   60.68189    
          41   106.9873    
          42  0.0000000E+00
          43   179.9692    
          44   154.8833    
          45   172.5366    
          46   109.7323    
          47   84.90255    
          48   137.8105    
          49  0.0000000E+00
          50   63.60860    
          51   32.04608    
          52  0.0000000E+00
          53  0.0000000E+00
          54  0.0000000E+00
          55  0.0000000E+00
          56  0.0000000E+00
          57   28.28871    
          58   16.80167    
          59   24.82463    
          60  0.0000000E+00
          61   44.46639    
          62   69.82972    
          63   59.16771    
          64  0.0000000E+00
          65  0.0000000E+00
          66   73.89976    
          67   49.27706    
          68   49.90666    
          69  0.0000000E+00
          70   58.31393    
          71   76.99052    
          72   58.67844    
          73   61.47185    
          74   60.72280    
          75   24.62931    
 
 year:        1989
           1   21.85232    
           2  0.0000000E+00
           3   77.09349    
           4   78.56883    
           5   37.62244    
           6   19.64047    
           7   67.83841    
           8  0.0000000E+00
           9   9.612659    
          10   99.82031    
          11   58.41136    
          12  0.0000000E+00
          13   50.73281    
          14   36.57257    
          15   75.75929    
          16   115.1274    
          17   137.6222    
          18   182.0378    
          19   2.176655    
          20   7.261447    
          21   151.1689    
          22  0.0000000E+00
          23   20.54026    
          24   66.91808    
          25   37.73420    
          26   138.4967    
          27  0.0000000E+00
          28   109.3899    
          29   142.5274    
          30   148.2027    
          31  0.0000000E+00
          32   132.4841    
          33   90.82718    
          34  0.0000000E+00
          35   33.53368    
          36  0.0000000E+00
          37   84.99512    
          38   92.66061    
          39   31.46493    
          40   28.22315    
          41   38.64949    
          42  0.0000000E+00
          43   79.32572    
          44   66.00034    
          45   59.67631    
          46   52.76776    
          47   38.07928    
          48   50.82494    
          49  0.0000000E+00
          50   16.55120    
          51   10.21772    
          52  0.0000000E+00
          53  0.0000000E+00
          54  0.0000000E+00
          55  0.0000000E+00
          56  0.0000000E+00
          57  1.2013815E-04
          58  1.9157919E-03
          59  0.0000000E+00
          60  0.0000000E+00
          61  0.0000000E+00
          62  0.0000000E+00
          63  3.1293500E-03
          64  0.0000000E+00
          65  0.0000000E+00
          66   23.85485    
          67  4.3313086E-04
          68  1.6105033E-02
          69  0.0000000E+00
          70   5.164775    
          71   2.714681    
          72   3.179298    
          73   3.082225    
          74   3.571602    
          75  3.4031385E-05
 
 year:        1990
           1   25.58126    
           2  0.0000000E+00
           3  0.0000000E+00
           4   108.8853    
           5   27.46730    
           6   24.04412    
           7   39.19244    
           8  0.0000000E+00
           9   21.17033    
          10   66.57137    
          11   58.46952    
          12   37.01051    
          13  0.0000000E+00
          14   40.25241    
          15   76.05494    
          16   84.68034    
          17   133.4921    
          18   144.1054    
          19  0.0000000E+00
          20   12.66907    
          21   93.77366    
          22  0.0000000E+00
          23   17.76048    
          24   37.26902    
          25   18.83071    
          26   105.4252    
          27  0.0000000E+00
          28   85.31107    
          29   96.62512    
          30   216.1418    
          31  0.0000000E+00
          32   104.9556    
          33   168.6614    
          34  0.0000000E+00
          35   6.767090    
          36   40.09838    
          37   60.19791    
          38   48.24242    
          39   65.65689    
          40   18.68220    
          41   30.18154    
          42  0.0000000E+00
          43   67.93229    
          44   78.81435    
          45   88.70629    
          46   148.8228    
          47   11.08173    
          48   56.99496    
          49  0.0000000E+00
          50   13.54475    
          51  6.6470653E-03
          52  0.0000000E+00
          53  0.0000000E+00
          54  0.0000000E+00
          55  0.0000000E+00
          56  0.0000000E+00
          57  0.0000000E+00
          58  0.0000000E+00
          59  0.0000000E+00
          60  0.0000000E+00
          61  0.0000000E+00
          62  0.0000000E+00
          63  0.0000000E+00
          64  0.0000000E+00
          65  0.0000000E+00
          66   25.97257    
          67  0.0000000E+00
          68  0.0000000E+00
          69  0.0000000E+00
          70  0.0000000E+00
          71  0.0000000E+00
          72   18.31408    
          73   16.62254    
          74   15.43983    
          75  0.0000000E+00
 
 year:        1991
           1   34.88188    
           2  0.0000000E+00
           3  0.0000000E+00
           4   177.0438    
           5   20.85855    
           6   37.79149    
           7  0.0000000E+00
           8  0.0000000E+00
           9   32.81406    
          10  0.0000000E+00
          11  0.0000000E+00
          12   73.90963    
          13   37.34467    
          14   42.43985    
          15   8.822938    
          16   11.04840    
          17   57.68951    
          18  0.0000000E+00
          19   3.481387    
          20   11.40240    
          21   72.49433    
          22  0.0000000E+00
          23   10.57271    
          24   35.32139    
          25   22.36477    
          26   97.31149    
          27  0.0000000E+00
          28   23.03321    
          29   76.19943    
          30   136.8765    
          31  0.0000000E+00
          32   85.54224    
          33   20.87097    
          34  0.0000000E+00
          35   9.888554    
          36   90.16829    
          37   28.39747    
          38   16.97256    
          39   31.53348    
          40   22.88859    
          41   31.51927    
          42  0.0000000E+00
          43   70.44942    
          44   32.99076    
          45   86.21234    
          46   74.30237    
          47  0.9605759    
          48   118.6045    
          49  0.0000000E+00
          50   29.88687    
          51  7.1288031E-03
          52   5.870073    
          53  0.0000000E+00
          54  0.0000000E+00
          55  0.0000000E+00
          56  0.0000000E+00
          57   2.010780    
          58  0.0000000E+00
          59  0.0000000E+00
          60  0.0000000E+00
          61  0.0000000E+00
          62   17.54252    
          63  0.0000000E+00
          64  0.0000000E+00
          65  0.0000000E+00
          66   30.20674    
          67  0.0000000E+00
          68  0.0000000E+00
          69  0.0000000E+00
          70   25.15614    
          71   26.11171    
          72   28.73308    
          73   24.42973    
          74   25.60931    
          75  0.0000000E+00
 
 year:        1992
           1   29.10562    
           2  0.0000000E+00
           3  0.0000000E+00
           4   91.80172    
           5  0.0000000E+00
           6   20.50623    
           7  0.0000000E+00
           8  0.0000000E+00
           9   17.97233    
          10  0.0000000E+00
          11  0.0000000E+00
          12   72.14694    
          13   18.34723    
          14   45.39457    
          15  0.0000000E+00
          16   22.92075    
          17  1.1698249E-02
          18  2.1161808E-02
          19   2.489870    
          20   10.52253    
          21   92.77837    
          22  0.0000000E+00
          23   10.00669    
          24  3.0578487E-02
          25   42.77504    
          26   94.09720    
          27  0.0000000E+00
          28  0.0000000E+00
          29   30.95929    
          30   46.80915    
          31  0.0000000E+00
          32   79.02018    
          33   30.74073    
          34  0.0000000E+00
          35   30.47661    
          36   34.76052    
          37   57.40195    
          38   17.89568    
          39   27.45879    
          40   71.02044    
          41   64.14662    
          42  0.0000000E+00
          43   90.91161    
          44   44.23377    
          45   119.0497    
          46   89.01180    
          47   35.02684    
          48   154.5903    
          49   128.5235    
          50   62.10871    
          51   50.57015    
          52   134.4336    
          53   105.2764    
          54   92.57844    
          55   114.9244    
          56   90.27075    
          57   57.21301    
          58  0.0000000E+00
          59  0.0000000E+00
          60  0.0000000E+00
          61   59.80345    
          62   45.22620    
          63   20.94709    
          64  0.0000000E+00
          65  0.0000000E+00
          66   40.64253    
          67   6.249623    
          68   20.93649    
          69  0.0000000E+00
          70   48.34661    
          71   50.44473    
          72  0.0000000E+00
          73   51.49427    
          74   54.90121    
          75   14.72890    
 
 year:        1993
           1   29.83636    
           2  0.0000000E+00
           3  0.0000000E+00
           4   127.3182    
           5  0.0000000E+00
           6   29.95206    
           7  0.0000000E+00
           8  0.0000000E+00
           9   15.55063    
          10  0.0000000E+00
          11  0.0000000E+00
          12   85.77448    
          13   18.21863    
          14   46.42698    
          15   262.5043    
          16   104.2936    
          17   42.01031    
          18   45.58564    
          19   4.037157    
          20   14.02768    
          21   61.69619    
          22  0.0000000E+00
          23   24.90527    
          24   31.73462    
          25   38.47003    
          26  0.0000000E+00
          27  0.0000000E+00
          28   22.46820    
          29  0.7654484    
          30   96.30749    
          31   18.65653    
          32   56.23492    
          33   58.53208    
          34  0.0000000E+00
          35   58.12385    
          36   128.1969    
          37   41.19639    
          38   1.330902    
          39   36.05459    
          40   130.7122    
          41   132.9926    
          42  0.0000000E+00
          43   170.2954    
          44   98.08433    
          45   215.3286    
          46   150.4312    
          47   88.97192    
          48   277.7271    
          49   228.1481    
          50   112.0471    
          51   92.08814    
          52   230.1528    
          53   200.7340    
          54   169.1302    
          55   209.4430    
          56   193.2564    
          57   130.3527    
          58  0.0000000E+00
          59  0.0000000E+00
          60  0.0000000E+00
          61   124.9793    
          62   56.18695    
          63   30.98877    
          64  0.0000000E+00
          65  0.0000000E+00
          66   29.44285    
          67   13.65954    
          68   22.01269    
          69  0.0000000E+00
          70   56.75494    
          71   55.52430    
          72  0.0000000E+00
          73   52.18272    
          74   52.89678    
          75   38.56256    
 
 year:        1994
           1   21.41019    
           2  0.0000000E+00
           3  0.0000000E+00
           4   42.80280    
           5  0.0000000E+00
           6   15.14249    
           7   2.151869    
           8  0.0000000E+00
           9   7.389514    
          10   85.39153    
          11  0.0000000E+00
          12   70.00615    
          13   18.11524    
          14   24.60489    
          15   49.48663    
          16   21.07102    
          17   7.776234    
          18   7.599821    
          19   1.626342    
          20   12.73884    
          21   68.97694    
          22  0.0000000E+00
          23   13.77959    
          24  1.1354102E-02
          25   25.61753    
          26  0.0000000E+00
          27  0.0000000E+00
          28  0.0000000E+00
          29  0.2439806    
          30   68.01275    
          31   17.56716    
          32   45.84784    
          33   2.490723    
          34  0.0000000E+00
          35  0.0000000E+00
          36   13.73068    
          37   9.137435    
          38  0.0000000E+00
          39  0.0000000E+00
          40  0.0000000E+00
          41   4.832283    
          42  0.0000000E+00
          43  0.0000000E+00
          44   25.39133    
          45   30.96982    
          46   73.12315    
          47  0.0000000E+00
          48   66.33398    
          49   24.96090    
          50  0.0000000E+00
          51  0.0000000E+00
          52   39.59399    
          53  0.0000000E+00
          54  0.0000000E+00
          55   22.70441    
          56  0.0000000E+00
          57   9.427485    
          58  0.0000000E+00
          59  0.0000000E+00
          60  0.0000000E+00
          61  0.4800507    
          62   1.154078    
          63  0.0000000E+00
          64  0.0000000E+00
          65  0.0000000E+00
          66   14.47125    
          67  0.0000000E+00
          68  0.0000000E+00
          69  0.0000000E+00
          70  0.0000000E+00
          71   7.787961    
          72  0.0000000E+00
          73  0.0000000E+00
          74  0.0000000E+00
          75  0.0000000E+00
 
 year:        1995
           1   45.99928    
           2  0.0000000E+00
           3  0.0000000E+00
           4   164.5181    
           5  0.0000000E+00
           6   38.89580    
           7   7.355827    
           8  0.0000000E+00
           9   29.35242    
          10   40.16874    
          11  0.0000000E+00
          12   70.44221    
          13   18.51534    
          14   50.13129    
          15   57.34320    
          16   33.87479    
          17   53.83696    
          18   61.27171    
          19   5.432280    
          20   17.83997    
          21   53.98843    
          22  0.0000000E+00
          23   22.46498    
          24   17.88209    
          25   39.84486    
          26   46.08498    
          27  0.0000000E+00
          28   40.67902    
          29   119.4496    
          30   70.70264    
          31   21.58640    
          32   162.5131    
          33   37.98566    
          34  0.0000000E+00
          35   31.22515    
          36   119.2374    
          37   66.42544    
          38   60.50633    
          39   39.95629    
          40   104.3026    
          41   68.79695    
          42  0.0000000E+00
          43   85.42140    
          44   45.35231    
          45   186.3215    
          46   96.65858    
          47   44.12921    
          48   177.5633    
          49   200.4362    
          50   68.90676    
          51   54.47958    
          52   211.1257    
          53   170.5462    
          54   148.4511    
          55   182.1951    
          56   160.3627    
          57   76.53739    
          58  0.0000000E+00
          59  0.0000000E+00
          60  0.0000000E+00
          61   88.91624    
          62   77.60691    
          63   49.54119    
          64  0.0000000E+00
          65  0.0000000E+00
          66  7.8916911E-04
          67   35.22860    
          68   41.09025    
          69  0.0000000E+00
          70  0.0000000E+00
          71  4.6824286E-04
          72  0.0000000E+00
          73  0.0000000E+00
          74  0.0000000E+00
          75   33.24119    
 
 year:        1996
           1   22.15321    
           2  0.0000000E+00
           3  0.0000000E+00
           4   49.30264    
           5  0.0000000E+00
           6   12.26203    
           7   3.790264    
           8  0.0000000E+00
           9   11.02674    
          10   61.39749    
          11  0.0000000E+00
          12   34.21642    
          13   11.63315    
          14   40.96465    
          15  0.0000000E+00
          16  0.0000000E+00
          17  1.6720939E-03
          18   1.119316    
          19  3.7782989E-02
          20   4.805808    
          21   25.74846    
          22  0.0000000E+00
          23   5.056706    
          24  9.2215389E-03
          25   10.90803    
          26   20.79866    
          27  0.0000000E+00
          28  0.0000000E+00
          29  0.0000000E+00
          30   82.06721    
          31   34.06654    
          32   30.34353    
          33  0.0000000E+00
          34  0.0000000E+00
          35  0.0000000E+00
          36  0.0000000E+00
          37  0.3280155    
          38  0.0000000E+00
          39   6.109980    
          40  0.0000000E+00
          41   1.870532    
          42  0.0000000E+00
          43   4.006546    
          44  0.0000000E+00
          45   15.17479    
          46   43.03900    
          47  0.0000000E+00
          48   66.23092    
          49  0.0000000E+00
          50   4.242140    
          51  0.0000000E+00
          52  0.0000000E+00
          53  0.0000000E+00
          54  0.0000000E+00
          55  0.0000000E+00
          56  0.0000000E+00
          57   28.81620    
          58  0.0000000E+00
          59  0.0000000E+00
          60  0.0000000E+00
          61   23.15663    
          62  0.0000000E+00
          63  0.0000000E+00
          64  0.0000000E+00
          65  0.0000000E+00
          66  0.0000000E+00
          67  0.0000000E+00
          68  0.0000000E+00
          69  0.0000000E+00
          70  0.0000000E+00
          71  0.0000000E+00
          72  0.0000000E+00
          73  0.0000000E+00
          74  0.0000000E+00
          75  9.0490924E-03
 
 year:        1997
           1   40.59120    
           2  0.0000000E+00
           3  0.0000000E+00
           4   151.3204    
           5  0.0000000E+00
           6   35.87783    
           7   1.126544    
           8  0.0000000E+00
           9   30.61940    
          10   46.42327    
          11  0.0000000E+00
          12   45.08512    
          13   11.65526    
          14   38.40742    
          15   17.61767    
          16   36.01103    
          17   43.83969    
          18   62.92395    
          19   4.744953    
          20   17.82774    
          21   108.9267    
          22  0.0000000E+00
          23   20.27282    
          24  1.5489659E-02
          25   83.88403    
          26   20.36470    
          27   37.08617    
          28   10.55993    
          29   35.85038    
          30   65.70421    
          31   16.97798    
          32   94.99568    
          33   27.21175    
          34  0.0000000E+00
          35   30.07439    
          36   112.3586    
          37   83.43901    
          38   38.91415    
          39   32.21959    
          40   131.9694    
          41   80.38748    
          42  0.0000000E+00
          43   96.34654    
          44   50.69618    
          45   190.7332    
          46   80.46552    
          47   45.91000    
          48   215.8203    
          49   247.4048    
          50   94.77292    
          51   58.83406    
          52   261.7508    
          53   227.1873    
          54   185.9997    
          55   233.4578    
          56   217.6671    
          57   88.30795    
          58  0.0000000E+00
          59  0.0000000E+00
          60  0.0000000E+00
          61   86.02980    
          62   42.55966    
          63  0.0000000E+00
          64  0.0000000E+00
          65  0.0000000E+00
          66  0.0000000E+00
          67  0.0000000E+00
          68  0.0000000E+00
          69  0.0000000E+00
          70  0.0000000E+00
          71   14.67633    
          72  0.0000000E+00
          73  0.0000000E+00
          74  0.0000000E+00
          75   17.79823    
 
 year:        1998
           1   23.87529    
           2  0.0000000E+00
           3  0.0000000E+00
           4   62.53458    
           5  0.0000000E+00
           6   19.37483    
           7   1.151328    
           8  0.0000000E+00
           9   10.19800    
          10   20.31911    
          11  0.0000000E+00
          12   19.75878    
          13   13.34073    
          14   15.36198    
          15  0.0000000E+00
          16  0.0000000E+00
          17  0.0000000E+00
          18   9.731334    
          19   2.556126    
          20   8.550071    
          21   58.12435    
          22  0.0000000E+00
          23   7.460890    
          24  5.1501505E-03
          25   7.698615    
          26   15.23614    
          27  0.0000000E+00
          28  0.0000000E+00
          29  0.0000000E+00
          30   60.60475    
          31   26.57125    
          32   7.039070    
          33  0.0000000E+00
          34  0.0000000E+00
          35  0.0000000E+00
          36   19.13144    
          37   19.34111    
          38  0.0000000E+00
          39   25.69353    
          40   97.03996    
          41   54.87888    
          42  0.0000000E+00
          43   42.67365    
          44  0.0000000E+00
          45   131.2386    
          46   128.9919    
          47   23.36532    
          48   177.0189    
          49  0.0000000E+00
          50   55.51750    
          51   28.00966    
          52   25.81013    
          53  0.0000000E+00
          54  0.0000000E+00
          55   12.06400    
          56  0.0000000E+00
          57   51.71581    
          58  0.0000000E+00
          59  0.0000000E+00
          60  0.0000000E+00
          61   60.13748    
          62   50.78153    
          63   16.97149    
          64  0.0000000E+00
          65  0.0000000E+00
          66  0.0000000E+00
          67   6.483277    
          68   17.93791    
          69  0.0000000E+00
          70  0.0000000E+00
          71   22.38330    
          72  0.0000000E+00
          73  0.0000000E+00
          74  0.0000000E+00
          75   31.41743    
 
 year:        1999
           1   44.24298    
           2  0.0000000E+00
           3  0.0000000E+00
           4   191.4704    
           5   2.412711    
           6   42.01443    
           7  0.9664198    
           8  0.0000000E+00
           9   26.39776    
          10   41.17435    
          11  0.0000000E+00
          12   34.31285    
          13   16.29794    
          14   24.20882    
          15   21.05242    
          16   21.93371    
          17   41.35813    
          18   43.40107    
          19   1.955010    
          20   13.81092    
          21   28.78395    
          22  0.0000000E+00
          23   19.61079    
          24  0.0000000E+00
          25   34.27292    
          26   70.48804    
          27  0.0000000E+00
          28  0.0000000E+00
          29  0.0000000E+00
          30   84.64098    
          31   17.57403    
          32   51.31665    
          33  0.0000000E+00
          34  0.0000000E+00
          35  0.0000000E+00
          36   100.7178    
          37   31.47394    
          38  0.0000000E+00
          39  1.8206591E-04
          40   9.367460    
          41   9.038531    
          42  0.0000000E+00
          43   5.451182    
          44   10.90924    
          45   31.95098    
          46   78.10388    
          47  6.2017026E-03
          48   30.33541    
          49   126.6136    
          50   12.73689    
          51  1.2253165E-03
          52   126.9372    
          53   108.5837    
          54   76.25126    
          55   116.7610    
          56   100.8467    
          57   5.836712    
          58  0.0000000E+00
          59  0.0000000E+00
          60  0.0000000E+00
          61   2.641271    
          62   1.618471    
          63   8.743808    
          64  0.0000000E+00
          65  0.0000000E+00
          66  0.0000000E+00
          67   2.867144    
          68   7.094105    
          69  0.0000000E+00
          70  0.0000000E+00
          71  4.1131814E-05
          72  0.0000000E+00
          73  0.0000000E+00
          74  0.0000000E+00
          75  8.2024727E-03
 
 year:        2000
           1   21.53026    
           2  0.0000000E+00
           3  0.0000000E+00
           4   90.93430    
           5   3.431927    
           6   21.28831    
           7   1.313750    
           8  0.0000000E+00
           9   7.421779    
          10   12.99417    
          11  0.0000000E+00
          12   10.15269    
          13   18.12568    
          14   4.870469    
          15  0.0000000E+00
          16  0.0000000E+00
          17  0.0000000E+00
          18  0.0000000E+00
          19   1.536205    
          20   6.649707    
          21   2.332033    
          22  0.0000000E+00
          23   4.115327    
          24  0.0000000E+00
          25   3.385317    
          26  0.0000000E+00
          27  0.0000000E+00
          28  0.0000000E+00
          29  0.0000000E+00
          30   48.05027    
          31   37.48528    
          32   14.90350    
          33  0.0000000E+00
          34  0.0000000E+00
          35  0.0000000E+00
          36   47.11761    
          37   12.97268    
          38  0.0000000E+00
          39   1.779776    
          40   31.82598    
          41   2.258332    
          42  0.0000000E+00
          43  0.0000000E+00
          44  0.0000000E+00
          45   68.93320    
          46   70.38381    
          47  0.0000000E+00
          48   90.49326    
          49  0.0000000E+00
          50  0.0000000E+00
          51  0.0000000E+00
          52  0.0000000E+00
          53  0.0000000E+00
          54  0.0000000E+00
          55  0.0000000E+00
          56  0.0000000E+00
          57   28.65882    
          58  0.0000000E+00
          59   5.788194    
          60  0.0000000E+00
          61   7.124286    
          62   5.849987    
          63  0.0000000E+00
          64  0.0000000E+00
          65  0.0000000E+00
          66  0.0000000E+00
          67  0.0000000E+00
          68  0.0000000E+00
          69  0.0000000E+00
          70  0.0000000E+00
          71  0.0000000E+00
          72  0.0000000E+00
          73  0.0000000E+00
          74  0.0000000E+00
          75   8.206593    
 
 year:        2001
           1   29.67218    
           2  0.0000000E+00
           3  0.0000000E+00
           4   127.0869    
           5   4.619083    
           6   43.97851    
           7   1.020144    
           8  0.0000000E+00
           9  0.0000000E+00
          10   43.47689    
          11  0.0000000E+00
          12   34.37575    
          13   17.55115    
          14   15.74532    
          15  0.0000000E+00
          16  0.0000000E+00
          17   37.83261    
          18   35.01067    
          19  0.9473783    
          20   12.99339    
          21   65.71905    
          22  0.0000000E+00
          23   18.60186    
          24  0.0000000E+00
          25   64.81293    
          26   34.04905    
          27   49.82110    
          28  0.0000000E+00
          29  0.0000000E+00
          30   112.6629    
          31   14.23873    
          32   43.54189    
          33   12.46707    
          34  0.0000000E+00
          35  0.0000000E+00
          36   53.48480    
          37   26.49014    
          38   1.524353    
          39   4.809219    
          40   71.28606    
          41   5.866965    
          42  0.0000000E+00
          43   23.56524    
          44   30.84067    
          45   130.1159    
          46   54.27786    
          47   1.208861    
          48   95.28687    
          49   31.19665    
          50   16.94352    
          51  0.0000000E+00
          52   42.06202    
          53   22.41491    
          54   13.41084    
          55   23.37662    
          56   17.03228    
          57   65.22846    
          58   6.463286    
          59   55.67336    
          60  0.0000000E+00
          61   50.06929    
          62   7.308038    
          63  0.0000000E+00
          64  0.0000000E+00
          65  0.0000000E+00
          66  0.0000000E+00
          67  0.0000000E+00
          68  0.0000000E+00
          69  0.0000000E+00
          70  0.0000000E+00
          71   8.519420    
          72  0.0000000E+00
          73  0.0000000E+00
          74  0.0000000E+00
          75   12.20821    
 
 year:        2002
           1   7.853465    
           2  0.0000000E+00
           3  0.0000000E+00
           4   33.35664    
           5   2.023607    
           6  0.3138660    
           7   1.320946    
           8  0.0000000E+00
           9   8.740170    
          10   11.68009    
          11  0.0000000E+00
          12   12.02558    
          13   12.31544    
          14   6.421526    
          15  0.0000000E+00
          16  0.0000000E+00
          17  0.0000000E+00
          18  0.0000000E+00
          19  0.0000000E+00
          20  0.0000000E+00
          21   1.626585    
          22  0.0000000E+00
          23  0.0000000E+00
          24  0.0000000E+00
          25   2.622258    
          26  0.0000000E+00
          27  0.0000000E+00
          28  0.0000000E+00
          29  0.0000000E+00
          30   45.45052    
          31   33.71581    
          32  0.0000000E+00
          33  0.0000000E+00
          34  0.0000000E+00
          35  0.0000000E+00
          36  0.0000000E+00
          37  0.0000000E+00
          38  0.0000000E+00
          39   1.309922    
          40  0.0000000E+00
          41   3.206484    
          42  0.0000000E+00
          43  0.0000000E+00
          44  0.0000000E+00
          45  0.0000000E+00
          46   26.40484    
          47  0.0000000E+00
          48   19.53532    
          49  0.0000000E+00
          50  0.0000000E+00
          51  0.0000000E+00
          52  0.0000000E+00
          53  0.0000000E+00
          54  0.0000000E+00
          55  0.0000000E+00
          56  0.0000000E+00
          57   19.58727    
          58   12.63480    
          59   17.52920    
          60  0.0000000E+00
          61   16.58376    
          62   17.08064    
          63  0.0000000E+00
          64  0.0000000E+00
          65  0.0000000E+00
          66   18.24011    
          67  0.0000000E+00
          68  0.0000000E+00
          69  0.0000000E+00
          70  0.0000000E+00
          71   16.94150    
          72  0.0000000E+00
          73  0.0000000E+00
          74  0.0000000E+00
          75   10.07565    
 
 year:        2003
           1   21.24219    
           2  0.0000000E+00
           3  0.0000000E+00
           4   99.58193    
           5   5.840824    
           6   21.47962    
           7   1.286749    
           8  0.0000000E+00
           9   7.549615    
          10   23.04790    
          11  0.0000000E+00
          12   21.32385    
          13   24.52365    
          14   21.05925    
          15  0.0000000E+00
          16  0.0000000E+00
          17  0.0000000E+00
          18  0.0000000E+00
          19  0.0000000E+00
          20   7.370614    
          21  0.0000000E+00
          22  0.0000000E+00
          23   3.518067    
          24  0.0000000E+00
          25   1.497590    
          26   56.91856    
          27  0.0000000E+00
          28  0.0000000E+00
          29  0.0000000E+00
          30   38.12373    
          31   23.19753    
          32  0.0000000E+00
          33  0.0000000E+00
          34  0.0000000E+00
          35  0.0000000E+00
          36  0.0000000E+00
          37  0.0000000E+00
          38  0.0000000E+00
          39   2.389325    
          40   41.13266    
          41   5.707343    
          42  0.0000000E+00
          43   2.861110    
          44  0.0000000E+00
          45   43.64042    
          46   59.70524    
          47  0.0000000E+00
          48   75.14754    
          49  0.0000000E+00
          50   19.60634    
          51  0.0000000E+00
          52  0.0000000E+00
          53  0.0000000E+00
          54  0.0000000E+00
          55  0.0000000E+00
          56  0.0000000E+00
          57   80.65095    
          58   33.16600    
          59   57.81123    
          60  0.0000000E+00
          61   49.67128    
          62   46.13060    
          63   23.60291    
          64  0.0000000E+00
          65  0.0000000E+00
          66  0.0000000E+00
          67   19.39446    
          68   24.88457    
          69  0.0000000E+00
          70  0.0000000E+00
          71  0.0000000E+00
          72  0.0000000E+00
          73  0.0000000E+00
          74  0.0000000E+00
          75   38.55929    
 
 year:        2004
           1   12.56904    
           2  0.0000000E+00
           3  0.0000000E+00
           4   179.5784    
           5   4.041309    
           6   16.33819    
           7  0.6111749    
           8  0.0000000E+00
           9   9.671607    
          10   38.38239    
          11  0.0000000E+00
          12   38.45518    
          13   29.38599    
          14   11.97178    
          15  0.0000000E+00
          16  0.0000000E+00
          17  0.0000000E+00
          18   6.243464    
          19   1.291541    
          20   9.552332    
          21   44.24429    
          22  0.0000000E+00
          23   16.80453    
          24  0.0000000E+00
          25   43.46103    
          26   75.22034    
          27   21.38217    
          28  0.0000000E+00
          29  0.0000000E+00
          30   121.5538    
          31   43.34000    
          32   14.20294    
          33   6.724333    
          34  0.0000000E+00
          35  0.0000000E+00
          36   49.39115    
          37   2.242277    
          38  0.0000000E+00
          39   11.36308    
          40   40.76310    
          41   34.67702    
          42  0.0000000E+00
          43  0.0000000E+00
          44   2.418621    
          45   127.5872    
          46   113.8315    
          47  0.0000000E+00
          48   166.1460    
          49   55.56102    
          50  0.0000000E+00
          51  0.0000000E+00
          52   62.72257    
          53   40.85524    
          54   42.96070    
          55   42.50348    
          56   40.01865    
          57   71.17113    
          58   8.315337    
          59   59.52184    
          60  0.0000000E+00
          61   43.56306    
          62   20.99211    
          63  0.0000000E+00
          64  0.0000000E+00
          65  0.0000000E+00
          66  0.0000000E+00
          67  0.0000000E+00
          68  0.0000000E+00
          69  0.0000000E+00
          70   12.56447    
          71   4.587399    
          72  0.0000000E+00
          73  0.0000000E+00
          74   19.43816    
          75   8.521071    
 
 year:        2005
           1   15.40975    
           2  0.0000000E+00
           3  0.0000000E+00
           4   176.3131    
           5   6.114430    
           6   21.45110    
           7  0.0000000E+00
           8  0.0000000E+00
           9   6.959102    
          10   51.09138    
          11  0.0000000E+00
          12   44.09858    
          13   8.393478    
          14   13.98992    
          15  0.0000000E+00
          16  0.0000000E+00
          17   37.56865    
          18   66.19595    
          19   4.509338    
          20   20.21348    
          21   44.08535    
          22  0.0000000E+00
          23   18.82682    
          24  0.0000000E+00
          25   60.26059    
          26  0.0000000E+00
          27   48.34751    
          28   7.772119    
          29   4.265981    
          30   106.9766    
          31  0.1299298    
          32   57.82455    
          33   43.17844    
          34  0.3869118    
          35  0.0000000E+00
          36   157.0340    
          37   25.88093    
          38   3.317664    
          39   9.217393    
          40   78.23895    
          41   20.37154    
          42  0.0000000E+00
          43   3.611530    
          44   36.93232    
          45   178.1681    
          46   107.9751    
          47  0.0000000E+00
          48   157.3232    
          49   108.1804    
          50   5.162155    
          51  0.0000000E+00
          52   114.8423    
          53   91.71545    
          54   71.05024    
          55   85.05396    
          56   78.24332    
          57   85.64588    
          58   22.51900    
          59   97.65793    
          60  0.0000000E+00
          61   69.86022    
          62   74.16515    
          63   51.23201    
          64  0.0000000E+00
          65  0.0000000E+00
          66  0.0000000E+00
          67   32.71305    
          68   28.06872    
          69  0.0000000E+00
          70  0.0000000E+00
          71   3.615862    
          72  0.0000000E+00
          73  0.0000000E+00
          74  0.0000000E+00
          75   28.28725    
 
 year:        2006
           1   9.731599    
           2  0.0000000E+00
           3  0.0000000E+00
           4   95.05070    
           5   3.022769    
           6   15.27359    
           7  0.0000000E+00
           8  0.0000000E+00
           9   5.796679    
          10   180.2989    
          11  0.0000000E+00
          12   181.7335    
          13   26.79878    
          14   13.80226    
          15   11.67909    
          16   60.01547    
          17   21.24981    
          18   24.05548    
          19   1.381634    
          20   5.968891    
          21   187.5228    
          22  0.0000000E+00
          23   26.43903    
          24  0.0000000E+00
          25   110.0105    
          26   54.51416    
          27  0.0000000E+00
          28  0.0000000E+00
          29  0.0000000E+00
          30   116.3991    
          31   31.03612    
          32   12.99794    
          33   151.4952    
          34   60.08084    
          35  0.0000000E+00
          36  0.0000000E+00
          37   73.20139    
          38   36.77042    
          39   70.54121    
          40   49.14511    
          41   150.2743    
          42  0.0000000E+00
          43   114.2873    
          44   75.81541    
          45   160.9957    
          46   81.62636    
          47   80.50368    
          48   154.2008    
          49  0.0000000E+00
          50   67.47096    
          51   49.21679    
          52  0.0000000E+00
          53  0.0000000E+00
          54  0.0000000E+00
          55  0.0000000E+00
          56  0.0000000E+00
          57   73.12151    
          58   34.66652    
          59   56.22986    
          60  0.0000000E+00
          61   63.55074    
          62  0.0000000E+00
          63  0.0000000E+00
          64  0.0000000E+00
          65  0.0000000E+00
          66  0.0000000E+00
          67  0.0000000E+00
          68  0.0000000E+00
          69  0.0000000E+00
          70  0.0000000E+00
          71  0.0000000E+00
          72  0.0000000E+00
          73  0.0000000E+00
          74  0.0000000E+00
          75  0.0000000E+00
 
 year:        2007
           1   19.97872    
           2  0.0000000E+00
           3   7.866233    
           4   76.72559    
           5   1.724561    
           6   17.83955    
           7   67.97276    
           8  0.0000000E+00
           9   7.953679    
          10   50.41986    
          11  0.0000000E+00
          12   127.6316    
          13   9.327667    
          14   20.73027    
          15   159.4489    
          16   177.2712    
          17   166.7940    
          18   104.3184    
          19   4.913799    
          20   13.73102    
          21   53.42014    
          22  0.0000000E+00
          23   36.65605    
          24   110.9171    
          25   18.52729    
          26   13.80315    
          27  0.0000000E+00
          28   212.0347    
          29   218.6243    
          30  0.0000000E+00
          31   21.42191    
          32   229.8076    
          33   284.7131    
          34  8.6648978E-04
          35  0.0000000E+00
          36   36.84038    
          37   171.7720    
          38   139.3379    
          39   75.56690    
          40   68.64758    
          41   86.15470    
          42  0.0000000E+00
          43   91.82546    
          44   150.5259    
          45   141.6462    
          46   42.54033    
          47   57.82743    
          48   81.62445    
          49  0.0000000E+00
          50   25.50115    
          51   18.77313    
          52  0.0000000E+00
          53  0.0000000E+00
          54  0.0000000E+00
          55  0.0000000E+00
          56  0.0000000E+00
          57   6.974429    
          58  2.2277368E-02
          59   1.544627    
          60  0.0000000E+00
          61   6.199199    
          62   9.786357    
          63  0.0000000E+00
          64  0.0000000E+00
          65  0.0000000E+00
          66  0.0000000E+00
          67  0.0000000E+00
          68  0.0000000E+00
          69  0.0000000E+00
          70  0.0000000E+00
          71   12.96491    
          72  0.0000000E+00
          73  0.0000000E+00
          74  0.0000000E+00
          75  0.0000000E+00
 
 year:        2008
           1   13.42472    
           2  0.0000000E+00
           3  0.0000000E+00
           4   104.0657    
           5  0.0000000E+00
           6   13.37928    
           7  0.0000000E+00
           8  0.0000000E+00
           9   6.596661    
          10  0.0000000E+00
          11  0.0000000E+00
          12   106.3172    
          13  0.0000000E+00
          14   11.17833    
          15  0.0000000E+00
          16  0.0000000E+00
          17  0.0000000E+00
          18   82.30497    
          19   5.594628    
          20   12.93139    
          21  0.0000000E+00
          22  0.0000000E+00
          23   36.77703    
          24   119.5672    
          25   36.97583    
          26   5.966884    
          27  0.0000000E+00
          28   186.4330    
          29   197.6888    
          30   43.58937    
          31   26.35406    
          32   160.1445    
          33   246.4438    
          34  0.0000000E+00
          35  0.0000000E+00
          36   79.06644    
          37   103.9083    
          38   147.4495    
          39   110.3932    
          40  0.0000000E+00
          41   105.0005    
          42  0.0000000E+00
          43   173.4038    
          44   149.3936    
          45   187.4093    
          46   54.01756    
          47   113.3514    
          48   144.4284    
          49  0.0000000E+00
          50   68.27978    
          51   68.07596    
          52  0.0000000E+00
          53  0.0000000E+00
          54  0.0000000E+00
          55  0.0000000E+00
          56  0.0000000E+00
          57   42.26519    
          58   26.00775    
          59   37.34265    
          60  0.0000000E+00
          61   51.60353    
          62   77.76072    
          63   52.31827    
          64  0.0000000E+00
          65  0.0000000E+00
          66  0.0000000E+00
          67   33.04059    
          68   51.48391    
          69  0.0000000E+00
          70  0.0000000E+00
          71  0.0000000E+00
          72  0.0000000E+00
          73  0.0000000E+00
          74  0.0000000E+00
          75   10.55923    
 
 year:        2009
           1   19.58016    
           2  0.0000000E+00
           3   12.07942    
           4   92.21900    
           5  0.0000000E+00
           6   26.40064    
           7   20.40601    
           8  0.0000000E+00
           9   6.147946    
          10  0.0000000E+00
          11  0.0000000E+00
          12   86.81174    
          13   18.75457    
          14   9.349730    
          15  0.0000000E+00
          16  0.0000000E+00
          17  0.0000000E+00
          18  2.2214364E-04
          19   2.453484    
          20   7.819852    
          21   75.25039    
          22  0.0000000E+00
          23   19.43377    
          24   68.15446    
          25   38.97228    
          26  0.6277184    
          27  0.0000000E+00
          28   113.6721    
          29   140.7639    
          30  0.0000000E+00
          31   19.60244    
          32   29.50470    
          33   52.94955    
          34  0.0000000E+00
          35  0.0000000E+00
          36  0.0000000E+00
          37  0.0000000E+00
          38   93.58168    
          39   32.02406    
          40  0.0000000E+00
          41   41.65117    
          42  0.0000000E+00
          43   78.62851    
          44   60.35268    
          45   62.12805    
          46   39.97652    
          47   39.39434    
          48   51.54441    
          49  0.0000000E+00
          50   15.13354    
          51   7.425399    
          52  0.0000000E+00
          53  0.0000000E+00
          54  0.0000000E+00
          55  0.0000000E+00
          56  0.0000000E+00
          57  1.2162972E-04
          58  1.5919196E-03
          59  0.0000000E+00
          60  0.0000000E+00
          61  0.0000000E+00
          62   15.85250    
          63  0.0000000E+00
          64  0.0000000E+00
          65  0.0000000E+00
          66  0.0000000E+00
          67  0.0000000E+00
          68  0.0000000E+00
          69  0.0000000E+00
          70  0.0000000E+00
          71   8.038507    
          72  0.0000000E+00
          73  0.0000000E+00
          74  0.0000000E+00
          75   2.054558    
 
 year:        2010
           1   3.679386    
           2   33.27211    
           3  0.0000000E+00
           4   77.95247    
           5  0.0000000E+00
           6   14.92807    
           7  0.0000000E+00
           8  0.0000000E+00
           9   7.807356    
          10   55.82115    
          11  0.0000000E+00
          12   97.09908    
          13   18.70683    
          14   22.74685    
          15  0.0000000E+00
          16  0.0000000E+00
          17   74.20603    
          18   13.69910    
          19  0.0000000E+00
          20   7.621059    
          21   73.75503    
          22  0.0000000E+00
          23   11.00016    
          24   28.78144    
          25   37.87458    
          26   31.85976    
          27  0.0000000E+00
          28  0.0000000E+00
          29   74.70110    
          30   29.79044    
          31   19.89359    
          32   84.84084    
          33   87.98771    
          34  0.0000000E+00
          35  0.0000000E+00
          36   29.62624    
          37  0.0000000E+00
          38   56.52776    
          39   54.86320    
          40  0.0000000E+00
          41   70.62567    
          42  0.0000000E+00
          43   117.1091    
          44   54.78393    
          45   103.2788    
          46   74.92803    
          47   61.43849    
          48   78.58238    
          49  0.0000000E+00
          50   61.21339    
          51   39.13776    
          52  0.0000000E+00
          53  0.0000000E+00
          54  0.0000000E+00
          55  0.0000000E+00
          56  0.0000000E+00
          57   33.15035    
          58   18.97137    
          59   31.67966    
          60  0.0000000E+00
          61   24.67099    
          62   44.16189    
          63   7.006776    
          64  0.0000000E+00
          65  0.0000000E+00
          66  0.0000000E+00
          67  0.0000000E+00
          68   14.76699    
          69  0.0000000E+00
          70  0.0000000E+00
          71   32.89983    
          72  0.0000000E+00
          73  0.0000000E+00
          74   18.22670    
          75   30.98225    
 
 year:        2011
           1   28.11846    
           2  0.0000000E+00
           3  0.0000000E+00
           4   151.5481    
           5  0.0000000E+00
           6   19.76973    
           7  0.0000000E+00
           8  0.0000000E+00
           9   15.44601    
          10   54.89111    
          11  0.0000000E+00
          12   88.26779    
          13  1.1025470E-04
          14   13.30533    
          15   15.63892    
          16  0.0000000E+00
          17  0.0000000E+00
          18   45.96943    
          19  0.0000000E+00
          20   10.42010    
          21   72.25963    
          22  0.0000000E+00
          23   11.36351    
          24   25.58700    
          25   37.36301    
          26  0.0000000E+00
          27  0.0000000E+00
          28   28.23000    
          29   81.79823    
          30   47.64991    
          31   21.02693    
          32   67.64571    
          33   52.92829    
          34  0.0000000E+00
          35  0.0000000E+00
          36   10.31968    
          37  0.0000000E+00
          38   32.77847    
          39   50.39268    
          40  0.0000000E+00
          41   26.54758    
          42  0.0000000E+00
          43   14.09157    
          44   29.80410    
          45   26.39008    
          46   87.00764    
          47  0.0000000E+00
          48   58.14221    
          49  0.0000000E+00
          50  1.2581428E-02
          51  3.7342007E-03
          52  0.0000000E+00
          53  0.0000000E+00
          54  0.0000000E+00
          55  0.0000000E+00
          56  0.0000000E+00
          57   1.032185    
          58  0.0000000E+00
          59   1.313170    
          60  0.0000000E+00
          61   1.051843    
          62   69.00499    
          63   33.05727    
          64  0.0000000E+00
          65  0.0000000E+00
          66  0.0000000E+00
          67  0.0000000E+00
          68  0.0000000E+00
          69  0.0000000E+00
          70  0.0000000E+00
          71  0.0000000E+00
          72  0.0000000E+00
          73  0.0000000E+00
          74  0.0000000E+00
          75  0.0000000E+00
 
