 Annual Total GW/SW Rates for apex subareas (m3)
 Positive values: GW --> SW
 Negative values: SW --> GW
 
 year:        1987
           1  -5351.124    
           2  -15522.88    
           3  0.0000000E+00
           4  -82443.17    
           5  -22144.32    
           6  -3374.779    
           7  -1108825.    
           8  -143888.8    
           9  -1075650.    
          10  -223044.8    
          11  -237181.5    
          12  -356105.8    
          13  -3922131.    
          14  -203740.5    
          15  -21979.93    
          16  -17439.74    
          17  -10195.31    
          18  -27355.03    
          19  -9487502.    
          20  -321720.9    
          21  -228624.4    
          22   5026.552    
          23  -1920934.    
          24  -4525661.    
          25   1907634.    
          26  -108296.8    
          27   672783.9    
          28  -157286.8    
          29  -2366784.    
          30  -348173.2    
          31  -1021743.    
          32  -5301124.    
          33  -1838142.    
          34  -598240.1    
          35  -2075114.    
          36  -1242132.    
          37  -9972.398    
          38  -42529.24    
          39  -6800978.    
          40  -67.18642    
          41  -158107.8    
          42  -148978.2    
          43  -608720.3    
          44   2427751.    
          45  -29019.24    
          46  -3257679.    
          47  -553657.9    
          48  -7698276.    
          49  -126458.7    
          50  -241172.0    
          51  -8308786.    
          52  -3749264.    
          53  -462840.0    
          54  -69143.88    
          55  -6261267.    
          56  -5202084.    
          57  -661801.5    
          58  -1704474.    
          59  -385621.8    
          60  -632.6275    
          61  -318.2625    
          62  -169033.1    
          63  -127886.2    
          64  -2118254.    
          65  -175324.2    
          66  -4397.542    
          67  -970413.6    
          68  -298839.9    
          69  -2164.495    
          70  -50239.27    
          71  -1049626.    
          72  -424169.5    
          73  -36019.82    
          74  -1285238.    
          75  -5689492.    
 
 year:        1988
           1  -5903.304    
           2  -16515.99    
           3  0.0000000E+00
           4  -147686.3    
           5  -23561.10    
           6  -3723.023    
           7  -675096.1    
           8  -183785.8    
           9  -1245674.    
          10   98354.75    
          11   104588.6    
          12   219923.2    
          13   2657484.    
          14  -85175.64    
          15  -26227.99    
          16  -20810.43    
          17   189617.1    
          18   631281.2    
          19  -1252203.    
          20  -62849.25    
          21   1587412.    
          22   202784.5    
          23   1501812.    
          24  -5282332.    
          25   2451076.    
          26  -93671.33    
          27   696801.1    
          28  -57486.27    
          29  -1092542.    
          30   799371.6    
          31   921850.6    
          32   259947.0    
          33   1292621.    
          34   174357.1    
          35  -136540.7    
          36   154885.6    
          37  -10987.57    
          38   314126.6    
          39   2300935.    
          40  -74.02576    
          41   180470.7    
          42   326043.4    
          43  -613633.9    
          44   7373602.    
          45  -15482.51    
          46   658166.8    
          47  -115630.9    
          48   895197.4    
          49  -146750.0    
          50   45919.32    
          51   409344.5    
          52   1455659.    
          53  -231459.3    
          54   175229.2    
          55   534510.6    
          56   680115.4    
          57  -12090.38    
          58   326385.4    
          59   109741.1    
          60  -869.0144    
          61  -437.1834    
          62  -63340.75    
          63   55389.10    
          64   514240.1    
          65   10598.19    
          66   19146.61    
          67   641570.3    
          68   221210.2    
          69   208861.7    
          70   23390.02    
          71   921021.3    
          72   157356.3    
          73   6898.256    
          74   365707.2    
          75  -2410459.    
 
 year:        1989
           1  -7204.106    
           2  -17964.61    
           3   39980.19    
           4  -13593.59    
           5  -25627.58    
           6  -4543.409    
           7   367545.1    
           8  -60016.73    
           9  -1050367.    
          10   57876.64    
          11   61544.75    
          12   98413.77    
          13   1589853.    
          14   11669.66    
          15  -15996.82    
          16  -12692.57    
          17   1156975.    
          18   2016407.    
          19  -177430.7    
          20   64386.00    
          21   1226600.    
          22   165180.5    
          23   1317033.    
          24  -201750.9    
          25   2401648.    
          26  -39494.00    
          27   650544.1    
          28   99085.26    
          29   1092781.    
          30   2295434.    
          31   1025688.    
          32   1437983.    
          33   627543.4    
          34   54520.43    
          35  -50301.42    
          36   38144.59    
          37  -10846.34    
          38   254665.3    
          39   2017146.    
          40  -73.07435    
          41   164337.5    
          42   347163.3    
          43  -166975.7    
          44   8025601.    
          45   29561.05    
          46   528497.2    
          47  -132331.3    
          48   990826.2    
          49  -4368.265    
          50   49392.58    
          51   1336154.    
          52   2284040.    
          53   97701.02    
          54   908778.8    
          55   577709.1    
          56   1732918.    
          57  -31591.94    
          58   344322.7    
          59   97650.23    
          60  -718.8563    
          61  -361.6415    
          62  -60136.65    
          63   32825.15    
          64   421412.9    
          65   235.3527    
          66   18877.83    
          67   235764.5    
          68   54797.92    
          69   226034.4    
          70   3476.151    
          71   270902.4    
          72   15170.94    
          73   741.1306    
          74   53298.86    
          75  -2576899.    
 
 year:        1990
           1  -6229.102    
           2  -15727.85    
           3   35744.24    
           4   87837.92    
           5  -22436.71    
           6  -3928.497    
           7   293458.1    
           8   46552.31    
           9  -228025.3    
          10   66717.22    
          11   70945.86    
          12   99676.00    
          13   1107666.    
          14  -7293.276    
          15  -15750.08    
          16  -12496.79    
          17   2003264.    
          18   3173638.    
          19   83050.36    
          20   64746.87    
          21   1006509.    
          22   141885.8    
          23   1167271.    
          24   535336.6    
          25   2547680.    
          26   983449.4    
          27   578641.9    
          28   96960.44    
          29   991512.0    
          30   3906798.    
          31   1200544.    
          32   1433505.    
          33   1121637.    
          34   132100.8    
          35  -90037.70    
          36   97070.48    
          37  -10488.00    
          38   297561.2    
          39   2520321.    
          40  -70.66019    
          41   205219.4    
          42   375510.8    
          43   407844.9    
          44  1.0502644E+07
          45   35312.89    
          46   1177367.    
          47  -127898.0    
          48   1162116.    
          49   14955.36    
          50   47871.27    
          51   1384230.    
          52   2297286.    
          53   113767.2    
          54   1127314.    
          55   544797.9    
          56   1451255.    
          57  -34363.16    
          58   427163.5    
          59   171440.7    
          60  -490.4539    
          61  -246.7374    
          62  -30467.36    
          63   31267.72    
          64   350858.7    
          65   42685.55    
          66   69122.40    
          67   215137.3    
          68   45451.50    
          69   157024.0    
          70   5772.928    
          71   187478.7    
          72   50118.07    
          73   1806.160    
          74   116576.0    
          75  -3107908.    
 
 year:        1991
           1  -6877.690    
           2  -17366.77    
           3   36539.18    
           4   131754.9    
           5  -24774.76    
           6  -4337.553    
           7   126243.8    
           8   49567.32    
           9   192782.7    
          10   47580.02    
          11   50595.66    
          12   122291.5    
          13   1339932.    
          14  -1619.106    
          15  -11825.22    
          16  -9382.636    
          17   2429107.    
          18   2274500.    
          19   173232.8    
          20   63032.98    
          21   928819.9    
          22   129866.1    
          23   1008842.    
          24   944774.9    
          25   2808906.    
          26   1999487.    
          27   537390.5    
          28   91440.63    
          29   953915.7    
          30   3368636.    
          31   1105022.    
          32   1520180.    
          33   574678.1    
          34   178135.4    
          35   54466.15    
          36   129006.6    
          37  -8374.970    
          38   675668.8    
          39   1952603.    
          40  -56.42427    
          41   198248.5    
          42   368013.8    
          43   443421.1    
          44   8629431.    
          45   39406.85    
          46   988395.5    
          47  -116719.8    
          48   1709183.    
          49   18588.50    
          50   50972.45    
          51   1483894.    
          52   2581605.    
          53   120002.4    
          54   1124515.    
          55   538682.1    
          56   1489841.    
          57  -33486.59    
          58   433184.4    
          59   250950.5    
          60  -874.1627    
          61  -439.7733    
          62  -75408.09    
          63   33469.98    
          64   310832.9    
          65   62890.46    
          66   87990.78    
          67   209920.7    
          68   71744.70    
          69   277510.2    
          70   17573.97    
          71   686609.4    
          72   107878.0    
          73   2825.354    
          74   180759.7    
          75  -3093491.    
 
 year:        1992
           1   16088.97    
           2  -18254.25    
           3   37898.07    
           4   81568.96    
           5   18607.35    
           6  -3543.987    
           7   114450.2    
           8   42229.82    
           9   146748.0    
          10   46466.26    
          11   49411.29    
          12   116680.4    
          13   1181505.    
          14  -7399.684    
          15  -12887.74    
          16  -10225.70    
          17   2224751.    
          18   2002240.    
          19   201059.2    
          20   62821.34    
          21   1079585.    
          22   131444.5    
          23   941072.8    
          24   657269.7    
          25   2799769.    
          26   2541994.    
          27   517285.0    
          28   90438.14    
          29   786264.2    
          30   2054596.    
          31   990574.3    
          32   1554973.    
          33   577258.1    
          34   168100.6    
          35   104534.1    
          36   75148.76    
          37  -9952.027    
          38   787780.7    
          39   1889626.    
          40  -67.04919    
          41   225107.2    
          42   394138.7    
          43   601410.1    
          44   9984794.    
          45   200156.4    
          46   1293186.    
          47  -83231.97    
          48   2311230.    
          49   71445.02    
          50   72672.97    
          51   2116074.    
          52   4710816.    
          53   296937.4    
          54   1940524.    
          55   1779801.    
          56   2734758.    
          57   8319.284    
          58   447703.6    
          59   257398.2    
          60  -1262.469    
          61  -635.1228    
          62  -100093.7    
          63   49180.74    
          64   280165.7    
          65   65615.23    
          66   126229.0    
          67   273881.2    
          68   167372.2    
          69   544036.8    
          70   86371.73    
          71   1235721.    
          72   69665.11    
          73   6481.561    
          74   365347.9    
          75  -2857511.    
 
 year:        1993
           1   183830.9    
           2  -9927.438    
           3   52965.56    
           4   99697.10    
           5   134601.5    
           6  -2850.143    
           7   109608.1    
           8   43578.71    
           9   163634.2    
          10   47385.27    
          11   50388.57    
          12   123834.7    
          13   1152153.    
          14   62239.77    
          15   73109.51    
          16   147646.9    
          17   2900555.    
          18   2767797.    
          19   237919.5    
          20   73582.50    
          21   994891.4    
          22   127669.7    
          23   1041776.    
          24   1079616.    
          25   2826783.    
          26   1731044.    
          27   494601.1    
          28   88247.32    
          29   661447.1    
          30   2835761.    
          31   1248602.    
          32   1455405.    
          33   768343.5    
          34   200258.1    
          35   182793.3    
          36   182078.2    
          37  -8556.267    
          38   800247.1    
          39   2054814.    
          40  -57.64593    
          41   295972.2    
          42   451045.6    
          43   1112503.    
          44  1.4005479E+07
          45   361440.8    
          46   1980116.    
          47  -15732.02    
          48   3597095.    
          49   134703.2    
          50   96336.12    
          51   2730746.    
          52   7112156.    
          53   507023.2    
          54   3123568.    
          55   2992740.    
          56   4413706.    
          57   71333.73    
          58   476184.4    
          59   257398.2    
          60  -1147.245    
          61  -577.1575    
          62   40847.75    
          63   58625.14    
          64   271776.8    
          65   65629.30    
          66   123300.8    
          67   367507.7    
          68   227457.7    
          69   725694.0    
          70   390094.4    
          71   1658300.    
          72   160059.1    
          73   9018.020    
          74   551261.4    
          75  -2687717.    
 
 year:        1994
           1   391230.0    
           2   1477.553    
           3   67217.70    
           4   52053.61    
           5   243592.3    
           6  -2783.669    
           7   131249.5    
           8   38367.57    
           9   123693.8    
          10   61661.39    
          11   65569.59    
          12   117954.1    
          13   1124367.    
          14   382139.6    
          15   143855.8    
          16   177157.2    
          17   2402726.    
          18   2052329.    
          19   210893.2    
          20   70196.78    
          21   953188.1    
          22   122366.4    
          23   895360.1    
          24   713987.1    
          25   2544072.    
          26   1321294.    
          27   466942.5    
          28   104111.5    
          29   665521.0    
          30   2119253.    
          31   1165953.    
          32   1387398.    
          33   452999.6    
          34   161742.5    
          35   44498.96    
          36   43416.74    
          37  -6757.822    
          38   745281.5    
          39   1398041.    
          40  -45.52916    
          41   192572.3    
          42   388487.9    
          43   337427.0    
          44  1.0347747E+07
          45   190435.8    
          46   1308563.    
          47  -90216.73    
          48   2414919.    
          49   116917.2    
          50   57679.10    
          51   1920870.    
          52   4284097.    
          53   261659.5    
          54   1788526.    
          55   1217121.    
          56   2486965.    
          57   16895.20    
          58   471365.0    
          59   256790.1    
          60  -765.9454    
          61  -385.3322    
          62  -13042.33    
          63   36979.59    
          64   268088.8    
          65   71302.55    
          66   102538.9    
          67   250510.9    
          68   88744.44    
          69   406970.8    
          70   136602.9    
          71   654683.7    
          72   112946.6    
          73   2714.518    
          74   199063.2    
          75  -2799381.    
 
 year:        1995
           1   788828.9    
           2   31180.95    
           3   73212.89    
           4   127132.6    
           5   251189.6    
           6   38947.37    
           7   144439.5    
           8   50783.85    
           9   251480.9    
          10   55453.50    
          11   58968.21    
          12   116626.5    
          13   1125819.    
          14   719228.8    
          15   254276.0    
          16   276713.3    
          17   3109462.    
          18   3125816.    
          19   281729.3    
          20   78215.37    
          21   939077.1    
          22   121971.1    
          23   968065.2    
          24   1054623.    
          25   2737194.    
          26   1777624.    
          27   462744.9    
          28   238683.6    
          29   1359522.    
          30   2425323.    
          31   1236182.    
          32   2555494.    
          33   686893.4    
          34   206052.1    
          35   193033.7    
          36   197865.5    
          37   77493.84    
          38   1372776.    
          39   2127077.    
          40   522.0950    
          41   240930.9    
          42   417615.8    
          43   753111.1    
          44  1.0841760E+07
          45   389196.1    
          46   1711920.    
          47  -2830.016    
          48   3475797.    
          49   428825.8    
          50   87063.29    
          51   2539204.    
          52   7501374.    
          53   540013.6    
          54   3343014.    
          55   3085027.    
          56   4946890.    
          57   83170.54    
          58   506008.9    
          59   254627.8    
          60  -891.1415    
          61   215550.2    
          62   191010.6    
          63   80234.17    
          64   255559.2    
          65   116359.3    
          66   97036.98    
          67   687518.1    
          68   217519.1    
          69   456037.5    
          70   82803.52    
          71   459390.9    
          72   76490.25    
          73   4635.124    
          74   155925.9    
          75  -2594338.    
 
 year:        1996
           1   987471.8    
           2   40076.23    
           3   72845.92    
           4   58774.73    
           5   246869.8    
           6   169059.5    
           7   128346.5    
           8   38255.93    
           9   183477.3    
          10   54511.42    
          11   57966.42    
          12   93714.88    
          13   1031393.    
          14   912129.9    
          15   254450.6    
          16   274345.2    
          17   2200625.    
          18   2045903.    
          19   194518.9    
          20   123976.5    
          21   587369.2    
          22   104543.1    
          23   738875.5    
          24   817807.5    
          25   2330922.    
          26   1564778.    
          27   421981.3    
          28   170732.0    
          29   983423.9    
          30   2328286.    
          31   1330452.    
          32   1626034.    
          33   449116.5    
          34   167371.7    
          35   58513.59    
          36   50997.52    
          37   29606.87    
          38   1023220.    
          39   1488074.    
          40   199.4690    
          41   170515.2    
          42   377271.1    
          43   292895.7    
          44   7444140.    
          45   197418.4    
          46   1012970.    
          47   66439.98    
          48   2641180.    
          49   207055.3    
          50   60643.13    
          51   2017304.    
          52   4029752.    
          53   305075.2    
          54   1954570.    
          55   1186629.    
          56   2771952.    
          57   42022.71    
          58   514835.8    
          59   252836.0    
          60  -864.7083    
          61   237211.3    
          62   8714.290    
          63   40249.94    
          64   227393.9    
          65   88861.12    
          66   85344.44    
          67   269405.0    
          68   70457.57    
          69   241103.7    
          70   58142.45    
          71   328169.1    
          72   61645.75    
          73   3487.872    
          74   134322.9    
          75  -2853598.    
 
 year:        1997
           1   1438290.    
           2   63685.95    
           3   79055.77    
           4   122495.2    
           5   241851.4    
           6   326893.8    
           7   112860.7    
           8   51008.83    
           9   367573.1    
          10   53523.83    
          11   56916.14    
          12   97853.35    
          13   1058310.    
          14   971220.9    
          15   316556.1    
          16   496066.2    
          17   3010866.    
          18   3302906.    
          19   272920.8    
          20   183371.2    
          21   1244561.    
          22   134909.6    
          23   902791.7    
          24   788634.9    
          25   3119420.    
          26   1578719.    
          27   634674.4    
          28   205728.2    
          29   1241974.    
          30   2291182.    
          31   1207621.    
          32   2362196.    
          33   651920.0    
          34   226950.5    
          35   224254.9    
          36   198151.6    
          37   114352.4    
          38   1381606.    
          39   1989825.    
          40   770.4216    
          41   228704.9    
          42   411154.2    
          43   733283.8    
          44  1.0361783E+07
          45   470620.4    
          46   1568506.    
          47   209599.8    
          48   4040157.    
          49   581334.2    
          50   98238.05    
          51   2721269.    
          52   8745104.    
          53   771869.8    
          54   4176918.    
          55   4082373.    
          56   6394555.    
          57   114767.5    
          58   544309.7    
          59   255072.4    
          60   22783.76    
          61   580172.1    
          62   162252.6    
          63   43713.58    
          64   215221.6    
          65   77902.35    
          66   83174.95    
          67   260603.5    
          68   91111.23    
          69   282902.4    
          70   57722.84    
          71   602036.7    
          72   56455.11    
          73   4579.291    
          74   129651.4    
          75  -3288761.    
 
 year:        1998
           1   1513636.    
           2   68697.36    
           3   89982.32    
           4   66840.57    
           5   238923.5    
           6   310602.7    
           7   97870.62    
           8   35980.20    
           9   250898.2    
          10   44757.02    
          11   47593.70    
          12   77772.67    
          13   1058390.    
          14   817391.8    
          15   289975.7    
          16   413184.9    
          17   2216920.    
          18   2295567.    
          19   264349.0    
          20   189511.1    
          21   861245.2    
          22   115041.3    
          23   777532.8    
          24   812296.7    
          25   2361710.    
          26   1490833.    
          27   451314.0    
          28   173858.8    
          29   1005922.    
          30   2194964.    
          31   1239890.    
          32   1600959.    
          33   466644.4    
          34   198214.1    
          35   135361.2    
          36   94261.99    
          37   59994.56    
          38   1086148.    
          39   1902171.    
          40   10774.09    
          41   219667.4    
          42   404292.3    
          43   464079.4    
          44   7176495.    
          45   371519.9    
          46   1798656.    
          47   187565.1    
          48   3876545.    
          49   264860.0    
          50   80377.38    
          51   2449279.    
          52   4899374.    
          53   379848.9    
          54   2347154.    
          55   1713067.    
          56   3136177.    
          57   70433.34    
          58   525187.0    
          59   256288.7    
          60   27232.95    
          61   536996.4    
          62   249407.3    
          63   52366.28    
          64   223559.2    
          65   74878.88    
          66   82680.41    
          67   331838.8    
          68   141548.5    
          69   266352.8    
          70   53172.98    
          71   645934.4    
          72   57090.95    
          73   5408.479    
          74   140901.2    
          75  -2153661.    
 
 year:        1999
           1   1941364.    
           2   66893.07    
           3   103206.0    
           4   142873.1    
           5   250740.8    
           6   396600.9    
           7   96878.33    
           8   46639.66    
           9   372380.9    
          10   49470.88    
          11   52606.29    
          12   82437.61    
          13   1098764.    
          14   854836.8    
          15   440122.5    
          16   596566.3    
          17   2729328.    
          18   2800131.    
          19   259611.3    
          20   225060.1    
          21   677061.4    
          22   110482.3    
          23   851399.8    
          24   796753.6    
          25   2591540.    
          26   1985117.    
          27   441586.6    
          28   186079.5    
          29   946036.9    
          30   2506434.    
          31   1224432.    
          32   1945418.    
          33   539472.7    
          34   222097.1    
          35   185861.7    
          36   194988.0    
          37   65236.34    
          38   1030368.    
          39   1450166.    
          40   54080.96    
          41   188353.9    
          42   383266.6    
          43   334436.1    
          44   7278886.    
          45   406688.1    
          46   1661319.    
          47   149418.0    
          48   3065827.    
          49   439158.0    
          50   76812.61    
          51   2249578.    
          52   6613946.    
          53   591727.7    
          54   3194303.    
          55   3120659.    
          56   4555186.    
          57   48356.79    
          58   518809.4    
          59   254667.2    
          60   16577.23    
          61   298384.2    
          62   66052.18    
          63   41836.19    
          64   212605.3    
          65   76471.77    
          66   83753.01    
          67   291183.4    
          68   103023.5    
          69   286915.0    
          70   48767.09    
          71   448412.8    
          72   51231.75    
          73   3947.605    
          74   124443.4    
          75  -2989071.    
 
 year:        2000
           1   1815633.    
           2   65110.43    
           3   120290.5    
           4   82380.60    
           5   260314.0    
           6   390038.0    
           7   87512.90    
           8   33316.52    
           9   274513.3    
          10   41931.41    
          11   44588.96    
          12   64411.42    
          13   1107836.    
          14   750087.3    
          15   355507.4    
          16   475154.3    
          17   1997706.    
          18   1878487.    
          19   274708.3    
          20   228642.3    
          21   416524.7    
          22   95756.92    
          23   683646.2    
          24   804421.9    
          25   2126392.    
          26   1326585.    
          27   398203.5    
          28   188753.7    
          29   884321.5    
          30   1862948.    
          31   1320463.    
          32   1614142.    
          33   496381.8    
          34   206744.9    
          35   150811.9    
          36   131996.6    
          37   48579.63    
          38   1014071.    
          39   1394529.    
          40   76784.37    
          41   172700.0    
          42   375162.9    
          43   233743.1    
          44   6321462.    
          45   340826.7    
          46   1403546.    
          47   177454.6    
          48   3272452.    
          49   266065.9    
          50   72377.98    
          51   2215972.    
          52   4346113.    
          53   388814.9    
          54   2297800.    
          55   1611772.    
          56   3050962.    
          57   51336.00    
          58   518337.4    
          59   271445.9    
          60   39016.86    
          61   316894.9    
          62   75480.94    
          63   38197.85    
          64   225398.7    
          65   65981.95    
          66   81715.97    
          67   268892.4    
          68   69785.16    
          69   181650.0    
          70   38439.71    
          71   298604.8    
          72   50535.39    
          73   4446.786    
          74   132913.4    
          75  -2341153.    
 
 year:        2001
           1   1953727.    
           2   63629.01    
           3   138117.6    
           4   97633.54    
           5   267192.4    
           6   550988.9    
           7   91098.47    
           8   28039.82    
           9   227519.6    
          10   48819.90    
          11   51914.09    
          12   75330.95    
          13   1128341.    
          14   793574.7    
          15   344849.6    
          16   468831.4    
          17   2633953.    
          18   2459212.    
          19   292305.3    
          20   264463.0    
          21   876137.2    
          22   118334.4    
          23   839119.5    
          24   807369.4    
          25   2948199.    
          26   1544610.    
          27   662372.7    
          28   218218.2    
          29   845071.0    
          30   2923384.    
          31   1266637.    
          32   1838118.    
          33   539103.7    
          34   210816.3    
          35   166848.8    
          36   140718.6    
          37   207551.5    
          38   1039537.    
          39   1405441.    
          40   122139.2    
          41   169469.7    
          42   370483.8    
          43   309167.0    
          44   7823916.    
          45   538765.0    
          46   1384631.    
          47   206270.2    
          48   3402831.    
          49   290951.8    
          50   77173.27    
          51   2206372.    
          52   4719375.    
          53   403413.8    
          54   2319000.    
          55   1889170.    
          56   2992617.    
          57   86923.51    
          58   585073.8    
          59   417517.1    
          60   52549.42    
          61   538233.1    
          62   86173.27    
          63   36910.80    
          64   227704.8    
          65   59796.41    
          66   81004.59    
          67   253233.2    
          68   77791.26    
          69   183899.0    
          70   39304.61    
          71   428397.4    
          72   46651.26    
          73   4609.289    
          74   128104.2    
          75  -2621039.    
 
 year:        2002
           1   1624689.    
           2   60997.70    
           3   136325.5    
           4   52131.07    
           5   253707.5    
           6   447350.8    
           7   82680.74    
           8   30721.22    
           9   288004.3    
          10   41368.92    
          11   43990.84    
          12   57056.04    
          13   1047647.    
          14   732303.6    
          15   340839.0    
          16   456259.9    
          17   1881402.    
          18   1692870.    
          19   229037.8    
          20   256228.1    
          21   412586.2    
          22   92523.41    
          23   622015.7    
          24   793504.6    
          25   2118766.    
          26   1076415.    
          27   440710.4    
          28   206804.0    
          29   763248.4    
          30   1852426.    
          31   1268558.    
          32   1400212.    
          33   415364.2    
          34   194602.8    
          35   114267.9    
          36   62317.61    
          37   161321.2    
          38   1010770.    
          39   1267061.    
          40   50568.39    
          41   142443.1    
          42   346176.5    
          43   155825.0    
          44   6028405.    
          45   301897.4    
          46   893301.9    
          47   202615.6    
          48   2651484.    
          49   233834.2    
          50   74594.20    
          51   2173960.    
          52   3942368.    
          53   344491.5    
          54   2034065.    
          55   1489144.    
          56   2667296.    
          57   54868.07    
          58   586241.7    
          59   340483.7    
          60   45885.92    
          61   375423.7    
          62   122591.6    
          63   36549.26    
          64   202196.5    
          65   53889.86    
          66   115863.3    
          67   235926.9    
          68   81562.62    
          69   189220.8    
          70   39937.62    
          71   524329.4    
          72   41581.12    
          73   4210.670    
          74   114436.7    
          75  -1697482.    
 
 year:        2003
           1   1741824.    
           2   60279.11    
           3   134867.1    
           4   85371.26    
           5   268751.9    
           6   511774.9    
           7   78153.47    
           8   30732.77    
           9   283548.7    
          10   43787.89    
          11   46563.11    
          12   62684.73    
          13   1182111.    
          14   806592.1    
          15   338536.9    
          16   436992.1    
          17   1676588.    
          18   1475910.    
          19   208473.8    
          20   277938.2    
          21   324064.7    
          22   88463.68    
          23   569552.9    
          24   789804.1    
          25   1960884.    
          26   1583949.    
          27   406546.8    
          28   203955.0    
          29   672123.0    
          30   1740687.    
          31   1182825.    
          32   1308872.    
          33   399459.3    
          34   201096.5    
          35   114626.8    
          36   61658.56    
          37   156064.2    
          38   984860.1    
          39   1267068.    
          40   92809.85    
          41   146023.9    
          42   350488.0    
          43   121660.8    
          44   5622357.    
          45   314314.0    
          46   1107104.    
          47   215935.2    
          48   2927354.    
          49   215894.4    
          50   79155.27    
          51   2179290.    
          52   3667679.    
          53   315794.0    
          54   1916300.    
          55   1489465.    
          56   2459939.    
          57   111428.9    
          58   723857.6    
          59   469177.6    
          60   65800.12    
          61   554664.6    
          62   275552.5    
          63   56230.30    
          64   226150.2    
          65   76541.11    
          66   94015.98    
          67   445160.2    
          68   143380.1    
          69   225543.6    
          70   37227.76    
          71   335270.9    
          72   40955.63    
          73   6429.620    
          74   132676.7    
          75  -1573849.    
 
 year:        2004
           1   1610317.    
           2   58089.62    
           3   133959.0    
           4   128704.4    
           5   258931.7    
           6   495789.6    
           7   82161.59    
           8   31874.89    
           9   298548.6    
          10   47134.44    
          11   50121.74    
          12   71641.77    
          13   1239786.    
          14   770857.0    
          15   336085.2    
          16   443194.1    
          17   1618392.    
          18   1515948.    
          19   252580.1    
          20   301518.9    
          21   594638.3    
          22   104126.2    
          23   701372.8    
          24   817925.6    
          25   2527878.    
          26   2030383.    
          27   504643.2    
          28   205039.0    
          29   627707.5    
          30   2919907.    
          31   1493167.    
          32   1369286.    
          33   472398.5    
          34   223702.7    
          35   165486.5    
          36   135962.6    
          37   162391.3    
          38   968668.0    
          39   1429454.    
          40   95687.93    
          41   174187.2    
          42   362613.2    
          43   120068.2    
          44   5455436.    
          45   496261.2    
          46   1659043.    
          47   237531.8    
          48   3686529.    
          49   283369.2    
          50   81607.98    
          51   2193787.    
          52   4496119.    
          53   374549.7    
          54   2308209.    
          55   2069384.    
          56   2869871.    
          57   112990.7    
          58   658085.1    
          59   563513.4    
          60   60082.79    
          61   593438.9    
          62   154656.2    
          63   39288.39    
          64   230776.9    
          65   61494.60    
          66   85602.87    
          67   264810.7    
          68   73409.51    
          69   162822.6    
          70   97783.24    
          71   349617.4    
          72   74850.88    
          73   7826.596    
          74   315805.1    
          75  -2480171.    
 
 year:        2005
           1   1617764.    
           2   57061.22    
           3   133705.4    
           4   127057.5    
           5   266046.6    
           6   520798.5    
           7   73747.77    
           8   30593.21    
           9   281306.4    
          10   49795.07    
          11   52951.02    
          12   73205.41    
          13   1063665.    
          14   778387.2    
          15   334124.7    
          16   486265.9    
          17   2233929.    
          18   2804681.    
          19   316984.9    
          20   341253.9    
          21   809960.2    
          22   111425.2    
          23   778929.1    
          24   788921.7    
          25   3070172.    
          26   1269362.    
          27   726735.9    
          28   240571.2    
          29   651694.8    
          30   3080416.    
          31   1166908.    
          32   1742203.    
          33   715125.9    
          34   263363.6    
          35   252890.5    
          36   280393.3    
          37   269045.7    
          38   980516.6    
          39   1407497.    
          40   150717.6    
          41   172738.4    
          42   358503.8    
          43   147567.8    
          44   7277916.    
          45   746164.4    
          46   1820257.    
          47   241365.2    
          48   3852964.    
          49   367907.6    
          50   93502.73    
          51   2245117.    
          52   5513891.    
          53   470878.7    
          54   2734758.    
          55   2850698.    
          56   3418915.    
          57   159695.1    
          58   768092.1    
          59   886778.2    
          60   90758.60    
          61   1017101.    
          62   437213.5    
          63   81169.11    
          64   264589.6    
          65   108453.5    
          66   94533.73    
          67   670861.4    
          68   164487.4    
          69   212684.5    
          70   55523.24    
          71   303252.7    
          72   51334.54    
          73   7812.153    
          74   167346.3    
          75  -2503672.    
 
 year:        2006
           1   1509240.    
           2   54514.92    
           3   132157.5    
           4   84307.29    
           5   250274.9    
           6   486095.8    
           7   94308.09    
           8   33439.87    
           9   272449.1    
          10   82041.84    
          11   87241.66    
          12   151713.7    
          13   1257286.    
          14   782519.8    
          15   376224.8    
          16   850823.0    
          17   2081574.    
          18   2154891.    
          19   278987.9    
          20   341172.3    
          21   1376482.    
          22   146810.6    
          23   870762.8    
          24   802974.0    
          25   3343944.    
          26   1745541.    
          27   551928.8    
          28   210359.7    
          29   613738.9    
          30   2926532.    
          31   1408849.    
          32   1365120.    
          33   1040345.    
          34   480181.0    
          35   217598.2    
          36   123583.8    
          37   654166.4    
          38   1370383.    
          39   2477164.    
          40   154547.5    
          41   240687.7    
          42   359352.1    
          43   598070.5    
          44   9281937.    
          45   597824.4    
          46   1559981.    
          47   423016.8    
          48   3683402.    
          49   225013.2    
          50   119061.5    
          51   2754243.    
          52   3639642.    
          53   308969.1    
          54   1988886.    
          55   1690754.    
          56   2399741.    
          57   154487.9    
          58   793884.1    
          59   708627.2    
          60   62642.06    
          61   941369.5    
          62   71414.43    
          63   40519.50    
          64   230946.2    
          65   80139.40    
          66   86921.04    
          67   288741.3    
          68   66231.31    
          69   136868.0    
          70   38072.94    
          71   236917.0    
          72   40290.96    
          73   4694.010    
          74   128984.7    
          75  -2787590.    
 
 year:        2007
           1   1642696.    
           2   72654.02    
           3   184780.0    
           4   76798.81    
           5   255417.3    
           6   490485.2    
           7   391092.4    
           8   36164.73    
           9   295848.7    
          10   67141.14    
          11   71396.55    
          12   140374.1    
          13   1104405.    
          14   841424.8    
          15   1346693.    
          16   2220659.    
          17   5385052.    
          18   4757278.    
          19   287831.8    
          20   381163.5    
          21   1307511.    
          22   128546.2    
          23   1058995.    
          24   2623259.    
          25   2624403.    
          26   1655942.    
          27   458800.1    
          28   964629.2    
          29   2082210.    
          30   1736815.    
          31   1297678.    
          32   3907085.    
          33   1864232.    
          34   399507.6    
          35   361495.2    
          36   204839.3    
          37   1986784.    
          38   3358737.    
          39   2868570.    
          40   280922.6    
          41   199703.7    
          42   377087.9    
          43   636134.4    
          44  1.7573684E+07
          45   739382.9    
          46   1289806.    
          47   555532.8    
          48   3433122.    
          49   208605.9    
          50   105694.0    
          51   2520858.    
          52   3412816.    
          53   283891.0    
          54   1879383.    
          55   1623402.    
          56   2171018.    
          57   111600.0    
          58   640242.3    
          59   497893.1    
          60   53249.02    
          61   484971.2    
          62   115419.8    
          63   40549.16    
          64   229270.7    
          65   70559.96    
          66   87512.70    
          67   288499.8    
          68   88431.42    
          69   165914.1    
          70   41751.55    
          71   497683.8    
          72   42539.97    
          73   4520.958    
          74   130488.2    
          75  -3369036.    
 
 year:        2008
           1   1544282.    
           2   57589.27    
           3   138033.9    
           4   89614.82    
           5   259435.9    
           6   469632.8    
           7   106400.0    
           8   34635.82    
           9   287552.9    
          10   49197.51    
          11   52315.66    
          12   130309.3    
          13   971594.3    
          14   781397.9    
          15   624232.4    
          16   956606.4    
          17   2787914.    
          18   4048082.    
          19   334647.8    
          20   476828.9    
          21   659616.8    
          22   112522.6    
          23   1142041.    
          24   3259730.    
          25   2665744.    
          26   2000446.    
          27   484052.8    
          28   1385864.    
          29   3164196.    
          30   2085056.    
          31   1311783.    
          32   4686399.    
          33   1834097.    
          34   439555.1    
          35   533689.4    
          36   291369.5    
          37   1747469.    
          38   5290758.    
          39   3739656.    
          40   123303.3    
          41   209839.1    
          42   410523.9    
          43   1079752.    
          44  2.1904298E+07
          45   863906.5    
          46   1359330.    
          47   1198479.    
          48   3838916.    
          49   193722.4    
          50   133156.1    
          51   3094879.    
          52   3199740.    
          53   266878.4    
          54   1788662.    
          55   1663250.    
          56   2066148.    
          57   151255.9    
          58   774625.1    
          59   649762.8    
          60   96772.98    
          61   912371.6    
          62   484154.2    
          63   85439.55    
          64   251577.4    
          65   116217.7    
          66   99658.70    
          67   739949.6    
          68   234766.3    
          69   283370.5    
          70   34434.73    
          71   245033.8    
          72   38800.79    
          73   4949.584    
          74   127011.0    
          75  -3198816.    
 
 year:        2009
           1   1631064.    
           2   60819.19    
           3   223599.1    
           4   83987.85    
           5   283928.1    
           6   535808.8    
           7   191437.8    
           8   34581.93    
           9   278006.3    
          10   48089.68    
          11   51137.62    
          12   126126.9    
          13   1160282.    
          14   767111.4    
          15   478542.0    
          16   793207.9    
          17   2477614.    
          18   3068486.    
          19   316592.6    
          20   554622.5    
          21   927492.0    
          22   122052.0    
          23   1031518.    
          24   2854804.    
          25   2600764.    
          26   1980229.    
          27   494284.8    
          28   1234081.    
          29   2755650.    
          30   1408257.    
          31   1157878.    
          32   2996857.    
          33   787076.1    
          34   372818.2    
          35   352746.4    
          36   133038.1    
          37   850171.6    
          38   5818708.    
          39   2514318.    
          40   133773.6    
          41   164395.2    
          42   400560.5    
          43   780699.1    
          44  1.7454114E+07
          45   539854.3    
          46   1126409.    
          47   1186361.    
          48   3103721.    
          49   181079.5    
          50   103535.5    
          51   2494514.    
          52   3051787.    
          53   253680.7    
          54   1726922.    
          55   1563646.    
          56   2011596.    
          57   96350.08    
          58   621842.2    
          59   455512.7    
          60   55682.13    
          61   408100.1    
          62   149010.2    
          63   46035.85    
          64   237258.8    
          65   90072.07    
          66   90315.22    
          67   323711.1    
          68   86197.31    
          69   161131.1    
          70   36098.45    
          71   386720.8    
          72   38896.79    
          73   4466.789    
          74   124132.8    
          75  -2861273.    
 
 year:        2010
           1   1369616.    
           2   176051.0    
           3   146902.2    
           4   76217.83    
           5   288050.3    
           6   482596.8    
           7   126445.8    
           8   36493.54    
           9   291383.6    
          10   58922.89    
          11   62657.47    
          12   131659.6    
          13   1110161.    
          14   833970.5    
          15   422259.6    
          16   668296.8    
          17   3700278.    
          18   2445619.    
          19   261789.0    
          20   575780.1    
          21   929523.3    
          22   120692.2    
          23   919051.6    
          24   2198322.    
          25   2515842.    
          26   2158223.    
          27   491431.8    
          28   683741.6    
          29   2217588.    
          30   1610676.    
          31   1192752.    
          32   3324212.    
          33   988723.8    
          34   399058.8    
          35   473570.5    
          36   178840.0    
          37   726989.4    
          38   4837086.    
          39   2999016.    
          40   153830.1    
          41   183799.5    
          42   421407.7    
          43   1069273.    
          44  1.6061753E+07
          45   632195.6    
          46   1360824.    
          47   1412911.    
          48   3138109.    
          49   169123.7    
          50   127217.2    
          51   2848687.    
          52   2902346.    
          53   235337.5    
          54   1660074.    
          55   1588858.    
          56   1884061.    
          57   127649.9    
          58   715704.8    
          59   591159.2    
          60   74883.81    
          61   623597.2    
          62   286545.2    
          63   48736.09    
          64   227130.9    
          65   78089.52    
          66   95529.37    
          67   308147.6    
          68   167834.0    
          69   332874.3    
          70   68417.03    
          71   952036.2    
          72   69013.36    
          73   9761.099    
          74   310366.1    
          75  -2265087.    
 
 year:        2011
           1   1679921.    
           2   77546.80    
           3   143585.3    
           4   118515.8    
           5   270363.4    
           6   502163.6    
           7   113217.5    
           8   41494.14    
           9   356512.4    
          10   58668.75    
          11   62387.17    
          12   123596.8    
          13   969898.5    
          14   791300.9    
          15   509294.2    
          16   647210.8    
          17   2609399.    
          18   3256988.    
          19   251279.5    
          20   618550.3    
          21   935446.2    
          22   120900.0    
          23   903935.9    
          24   2155663.    
          25   2551820.    
          26   1814612.    
          27   483775.8    
          28   758518.8    
          29   2214688.    
          30   1945012.    
          31   1223987.    
          32   3135006.    
          33   811537.1    
          34   399089.4    
          35   491697.5    
          36   148979.6    
          37   639682.6    
          38   3943198.    
          39   3017848.    
          40   130973.9    
          41   158059.5    
          42   394695.8    
          43   589474.2    
          44  1.3144381E+07
          45   444867.3    
          46   1464748.    
          47   1012756.    
          48   2889186.    
          49   158501.7    
          50   96160.41    
          51   2395602.    
          52   2844210.    
          53   220100.3    
          54   1602360.    
          55   1482655.    
          56   1829670.    
          57   84756.34    
          58   599266.0    
          59   433148.6    
          60   80759.36    
          61   394321.3    
          62   416639.6    
          63   59588.88    
          64   222258.4    
          65   73692.92    
          66   93169.88    
          67   312514.5    
          68   75656.26    
          69   193059.4    
          70   49239.02    
          71   327175.3    
          72   48065.28    
          73   4593.737    
          74   138008.6    
          75  -3176081.    
 
