 Annual Total GW/SW Rates for apex subareas (m3)
 Positive values: GW --> SW
 Negative values: SW --> GW
 
 year:        1987
           1  -4176.045    
           2  -12171.37    
           3  0.0000000E+00
           4  -64601.42    
           5  -17363.19    
           6  -2633.721    
           7  -869586.6    
           8  -114289.4    
           9  -841023.5    
          10  -192122.7    
          11  -204298.9    
          12  -349918.1    
          13  -4000123.    
          14  -276488.4    
          15  -29868.78    
          16  -23699.25    
          17  -10296.09    
          18  -27625.45    
          19 -1.0467775E+07
          20  -381743.5    
          21  -260935.7    
          22   5765.605    
          23  -2009400.    
          24  -6151860.    
          25   1909596.    
          26  -148746.2    
          27   672606.9    
          28  -225630.6    
          29  -3342095.    
          30  -392771.2    
          31  -1037380.    
          32  -6332062.    
          33  -1839659.    
          34  -606247.3    
          35  -2223756.    
          36  -1242672.    
          37  -13343.62    
          38  -39335.60    
          39  -7088321.    
          40  -89.89914    
          41  -156531.8    
          42  -145001.3    
          43  -816408.4    
          44   2422943.    
          45  -24398.93    
          46  -3426442.    
          47  -571046.1    
          48  -7567394.    
          49  -106054.7    
          50  -235603.0    
          51  -8606192.    
          52  -3278584.    
          53  -392095.1    
          54  -58259.20    
          55  -6241592.    
          56  -4700758.    
          57  -662084.4    
          58  -1699118.    
          59  -385160.8    
          60  -596.8795    
          61  -300.2781    
          62  -164503.8    
          63  -128061.5    
          64  -2120940.    
          65  -176251.0    
          66  -4424.941    
          67  -978662.2    
          68  -304337.7    
          69  -2058.375    
          70  -50931.84    
          71  -1052974.    
          72  -426270.2    
          73  -36000.12    
          74  -1287228.    
          75  -4920510.    
 
 year:        1988
           1  -4626.657    
           2  -12862.38    
           3  0.0000000E+00
           4  -115758.0    
           5  -18348.95    
           6  -2917.901    
           7  -737008.8    
           8  -144969.0    
           9  -976978.5    
          10   67852.37    
          11   72152.93    
          12   217112.9    
          13   2736219.    
          14  -16945.65    
          15  -35629.84    
          16  -28270.30    
          17   193442.6    
          18   634784.8    
          19  -628412.0    
          20  -3813.062    
          21   1610761.    
          22   203282.5    
          23   1518048.    
          24  -5023394.    
          25   2450912.    
          26  -113258.5    
          27   697241.1    
          28   18812.49    
          29  -130637.1    
          30   843144.9    
          31   937091.2    
          32   1113823.    
          33   1293882.    
          34   180112.7    
          35  -243541.3    
          36   155297.0    
          37  -14929.20    
          38   317436.4    
          39   2467628.    
          40  -100.5817    
          41   180594.8    
          42   329213.5    
          43  -766872.4    
          44   7374154.    
          45  -18284.13    
          46   563229.8    
          47  -83216.72    
          48   869451.8    
          49  -122331.5    
          50   54847.85    
          51   995016.8    
          52   1487379.    
          53  -249228.3    
          54   182168.4    
          55   516887.3    
          56   357536.9    
          57  -10931.17    
          58   338229.7    
          59   109528.6    
          60  -819.8773    
          61  -412.4647    
          62  -57170.05    
          63   55189.09    
          64   510990.4    
          65   10432.90    
          66   19039.89    
          67   644331.8    
          68   220397.4    
          69   208396.2    
          70   23211.75    
          71   921818.1    
          72   157099.5    
          73   6853.865    
          74   363107.2    
          75  -1551618.    
 
 year:        1989
           1  -5646.148    
           2  -14080.92    
           3   37146.95    
           4  -50838.71    
           5  -20087.28    
           6  -3560.864    
           7   201845.9    
           8  -99596.71    
           9  -1068384.    
          10   55699.04    
          11   59229.28    
          12   98375.24    
          13   1590752.    
          14   11714.32    
          15  -22062.05    
          16  -17504.97    
          17   1180188.    
          18   2019892.    
          19   40557.70    
          20   65122.99    
          21   1232218.    
          22   165301.0    
          23   1292228.    
          24   574002.3    
          25   2401098.    
          26  -59975.31    
          27   650776.5    
          28   99037.73    
          29   1097486.    
          30   2298504.    
          31   1026470.    
          32   1417588.    
          33   629390.0    
          34   54597.83    
          35  -101238.7    
          36   38563.47    
          37  -14711.22    
          38   254778.5    
          39   1990312.    
          40  -99.11311    
          41   164000.7    
          42   347483.8    
          43   130085.3    
          44   8007268.    
          45   28068.28    
          46   546379.8    
          47  -124237.5    
          48   1060425.    
          49  -41648.96    
          50   49912.20    
          51   1445151.    
          52   2341158.    
          53   63456.28    
          54   898982.8    
          55   547706.8    
          56   1722260.    
          57  -31984.51    
          58   334028.5    
          59   97392.66    
          60  -678.2915    
          61  -341.2345    
          62  -55243.38    
          63   32526.25    
          64   418508.8    
          65   26.79699    
          66   18267.94    
          67   233417.5    
          68   54103.03    
          69   225535.3    
          70   3330.255    
          71   268315.0    
          72   14604.86    
          73   719.1852    
          74   52028.07    
          75  -1779986.    
 
 year:        1990
           1  -4551.082    
           2  -12315.77    
           3   35719.83    
           4   74096.12    
           5  -17569.18    
           6  -2870.244    
           7   326353.4    
           8   18656.09    
           9  -391724.9    
          10   72971.83    
          11   77596.79    
          12   92175.30    
          13   1108791.    
          14  -7154.539    
          15  -21729.77    
          16  -17241.32    
          17   2004695.    
          18   3272612.    
          19   94402.37    
          20   66127.57    
          21   1023282.    
          22   142919.4    
          23   1160963.    
          24   845569.1    
          25   2555802.    
          26   1040637.    
          27   579158.3    
          28   97019.02    
          29   994526.2    
          30   3910322.    
          31   1207139.    
          32   1575931.    
          33   1126650.    
          34   133202.7    
          35   37899.05    
          36   99630.11    
          37  -14237.47    
          38   312226.9    
          39   2520949.    
          40  -95.92130    
          41   206917.8    
          42   377697.7    
          43   400083.9    
          44  1.0487387E+07
          45   34435.00    
          46   1239302.    
          47  -128668.9    
          48   1223796.    
          49   13427.19    
          50   48751.89    
          51   1492075.    
          52   2259998.    
          53   112349.7    
          54   1091355.    
          55   564428.2    
          56   1510224.    
          57  -32990.09    
          58   432522.9    
          59   170816.6    
          60  -462.8112    
          61  -232.8314    
          62  -26659.63    
          63   31905.41    
          64   365731.8    
          65   43441.12    
          66   69423.52    
          67   227780.1    
          68   49291.48    
          69   157511.8    
          70   6276.060    
          71   199609.6    
          72   53255.22    
          73   1958.640    
          74   124783.7    
          75  -2142670.    
 
 year:        1991
           1  -5391.760    
           2  -13594.00    
           3   36504.55    
           4   128290.1    
           5  -19392.66    
           6  -3400.414    
           7   130622.8    
           8   48045.77    
           9  -26401.33    
          10   47620.96    
          11   50639.17    
          12   122491.0    
          13   1331110.    
          14  -1806.186    
          15  -17030.12    
          16  -13512.42    
          17   2429496.    
          18   2322540.    
          19   159322.8    
          20   64717.21    
          21   929895.6    
          22   130514.7    
          23   1004986.    
          24   1065281.    
          25   2869477.    
          26   2010144.    
          27   545075.6    
          28   91518.47    
          29   952111.1    
          30   3377254.    
          31   1102690.    
          32   1520650.    
          33   569730.4    
          34   177845.1    
          35   76491.92    
          36   128072.5    
          37  -11408.45    
          38   677357.8    
          39   1903598.    
          40  -76.86136    
          41   197195.2    
          42   367398.2    
          43   455009.7    
          44   8618723.    
          45   39016.69    
          46   992454.1    
          47  -117119.6    
          48   1751216.    
          49   16712.81    
          50   51172.58    
          51   1560344.    
          52   2552700.    
          53   117661.0    
          54   1113442.    
          55   535735.4    
          56   1513684.    
          57  -33620.87    
          58   432692.5    
          59   249920.8    
          60  -824.7780    
          61  -414.9299    
          62  -69446.01    
          63   33148.89    
          64   310776.1    
          65   62865.25    
          66   88069.78    
          67   209038.8    
          68   71444.38    
          69   276404.5    
          70   17448.91    
          71   684791.1    
          72   107763.1    
          73   2844.465    
          74   181927.8    
          75  -2147991.    
 
 year:        1992
           1   16642.85    
           2  -14301.88    
           3   37574.36    
           4   80249.85    
           5   26056.06    
           6  -2819.319    
           7   117175.1    
           8   40424.21    
           9   160133.3    
          10   47578.51    
          11   50594.06    
          12   123636.4    
          13   1174769.    
          14  -7996.999    
          15  -17488.25    
          16  -13875.92    
          17   2228935.    
          18   2027837.    
          19   177790.0    
          20   65147.18    
          21   1082731.    
          22   130657.2    
          23   942051.3    
          24   640400.8    
          25   2731014.    
          26   2545873.    
          27   509895.4    
          28   90569.72    
          29   786425.1    
          30   2047965.    
          31   985010.3    
          32   1559716.    
          33   572961.0    
          34   167942.5    
          35   86347.87    
          36   74427.80    
          37  -13513.87    
          38   788038.4    
          39   1842432.    
          40  -91.04604    
          41   224089.7    
          42   393288.8    
          43   597248.6    
          44   9981484.    
          45   199753.4    
          46   1302377.    
          47  -84413.05    
          48   2346574.    
          49   69142.56    
          50   72079.14    
          51   2186798.    
          52   4669096.    
          53   293563.8    
          54   1901849.    
          55   1772756.    
          56   2741749.    
          57   7799.685    
          58   445315.2    
          59   256364.8    
          60  -1191.142    
          61  -599.2397    
          62  -102664.9    
          63   48518.98    
          64   276146.3    
          65   65420.54    
          66   126190.9    
          67   270644.3    
          68   166455.7    
          69   544162.8    
          70   86994.84    
          71   1233801.    
          72   70258.27    
          73   6491.443    
          74   366520.6    
          75  -1898938.    
 
 year:        1993
           1   184748.7    
           2  -14045.88    
           3   53043.21    
           4   98187.96    
           5   129791.7    
           6  -2234.083    
           7   108570.4    
           8   45613.48    
           9   174654.5    
          10   47153.19    
          11   50141.77    
          12   121965.5    
          13   1142179.    
          14   61754.76    
          15   99823.84    
          16   163761.8    
          17   2902573.    
          18   2666486.    
          19   221479.6    
          20   76484.94    
          21   996472.4    
          22   128076.0    
          23   1043952.    
          24   1212449.    
          25   2824178.    
          26   1733638.    
          27   496941.4    
          28   88390.94    
          29   660991.7    
          30   2774117.    
          31   1239997.    
          32   1460552.    
          33   766256.9    
          34   200272.2    
          35   176756.1    
          36   181903.0    
          37  -11629.79    
          38   800885.9    
          39   2070468.    
          40  -78.35264    
          41   295309.5    
          42   449936.6    
          43   1113215.    
          44  1.3998074E+07
          45   359934.1    
          46   1996948.    
          47  -15755.13    
          48   3634092.    
          49   134218.7    
          50   95186.88    
          51   2803981.    
          52   7024736.    
          53   508961.0    
          54   3110532.    
          55   2982547.    
          56   4429512.    
          57   70366.19    
          58   475496.2    
          59   256197.0    
          60  -1082.434    
          61  -544.5505    
          62   27381.05    
          63   58269.39    
          64   266444.0    
          65   65367.87    
          66   123191.3    
          67   363444.2    
          68   226649.1    
          69   724496.3    
          70   390070.3    
          71   1655579.    
          72   160102.9    
          73   9022.969    
          74   552348.5    
          75  -1649338.    
 
 year:        1994
           1   388102.5    
           2  -12699.34    
           3   67236.80    
           4   50132.73    
           5   226398.8    
           6  -2182.279    
           7   111025.9    
           8   37811.39    
           9   131117.0    
          10   55610.01    
          11   59134.63    
          12   121788.4    
          13   1112687.    
          14   381308.9    
          15   161170.5    
          16   190468.9    
          17   2469209.    
          18   2295064.    
          19   188315.0    
          20   73589.12    
          21   951804.6    
          22   122102.2    
          23   896594.8    
          24   777750.1    
          25   2505245.    
          26   1323388.    
          27   463753.6    
          28   103964.6    
          29   663928.1    
          30   2116544.    
          31   1154751.    
          32   1383950.    
          33   448844.0    
          34   161560.6    
          35   74507.27    
          36   41796.14    
          37  -4209.188    
          38   745683.8    
          39   1446953.    
          40  -28.35837    
          41   190691.6    
          42   387041.4    
          43   338697.2    
          44  1.0346763E+07
          45   189668.3    
          46   1317757.    
          47  -89914.17    
          48   2457050.    
          49   112139.2    
          50   57458.84    
          51   2003205.    
          52   4287712.    
          53   263326.7    
          54   1776613.    
          55   1211646.    
          56   2485362.    
          57   16045.48    
          58   469181.5    
          59   255446.8    
          60  -722.7365    
          61  -363.5943    
          62  -11869.52    
          63   36748.68    
          64   261315.2    
          65   70810.60    
          66   102506.9    
          67   245693.1    
          68   87611.74    
          69   406894.9    
          70   136293.5    
          71   651234.4    
          72   112112.1    
          73   2709.706    
          74   199314.8    
          75  -1926258.    
 
 year:        1995
           1   764851.0    
           2   31426.27    
           3   73290.84    
           4   125372.9    
           5   255102.4    
           6   23714.17    
           7   198155.0    
           8   50931.76    
           9   262975.0    
          10   56462.75    
          11   60041.41    
          12   114663.7    
          13   1113051.    
          14   714809.8    
          15   274422.1    
          16   303634.9    
          17   3026121.    
          18   3024605.    
          19   314000.0    
          20   94119.19    
          21   947431.4    
          22   122671.4    
          23   975115.2    
          24   1098715.    
          25   2799814.    
          26   1787993.    
          27   467184.6    
          28   238746.4    
          29   1359036.    
          30   2526225.    
          31   1239998.    
          32   2554325.    
          33   685945.4    
          34   206144.5    
          35   263399.4    
          36   197669.6    
          37   93765.35    
          38   1372871.    
          39   2177242.    
          40   631.7196    
          41   240539.0    
          42   417402.6    
          43   750933.4    
          44  1.0849479E+07
          45   387640.2    
          46   1728253.    
          47  -5650.556    
          48   3519869.    
          49   417542.8    
          50   86243.05    
          51   2628422.    
          52   7472046.    
          53   543220.4    
          54   3335227.    
          55   3081858.    
          56   4892498.    
          57   82866.13    
          58   506641.2    
          59   253630.2    
          60  -837.2132    
          61   204332.2    
          62   191004.4    
          63   80248.23    
          64   255791.8    
          65   116236.0    
          66   97184.34    
          67   687616.6    
          68   218227.2    
          69   457533.4    
          70   82935.82    
          71   461992.9    
          72   77231.88    
          73   4698.860    
          74   159387.1    
          75  -1599851.    
 
 year:        1996
           1   981918.1    
           2   39875.88    
           3   72924.94    
           4   56648.86    
           5   250355.5    
           6   164430.0    
           7   118295.5    
           8   38391.44    
           9   177749.2    
          10   54963.23    
          11   58446.85    
          12   93291.62    
          13   1011543.    
          14   911343.9    
          15   254903.6    
          16   273626.5    
          17   2183490.    
          18   2210096.    
          19   265529.4    
          20   159615.1    
          21   593658.1    
          22   105115.9    
          23   735630.2    
          24   827178.9    
          25   2331239.    
          26   1579528.    
          27   422448.4    
          28   170776.1    
          29   984446.8    
          30   2243503.    
          31   1309323.    
          32   1627422.    
          33   451017.3    
          34   167681.0    
          35   84679.93    
          36   51305.37    
          37   29765.36    
          38   1024770.    
          39   1480251.    
          40   200.5366    
          41   171217.1    
          42   378353.2    
          43   339702.8    
          44   7450140.    
          45   196957.8    
          46   1082954.    
          47   68209.65    
          48   2705348.    
          49   202980.0    
          50   60979.63    
          51   2098973.    
          52   4070853.    
          53   307785.5    
          54   1944549.    
          55   1198432.    
          56   2789784.    
          57   43825.19    
          58   516335.2    
          59   252705.0    
          60  -814.1829    
          61   235279.7    
          62   10297.82    
          63   41313.32    
          64   244729.3    
          65   89750.28    
          66   85685.96    
          67   283893.0    
          68   74951.52    
          69   242758.7    
          70   58930.93    
          71   343371.7    
          72   65915.72    
          73   3781.539    
          74   149629.3    
          75  -1916748.    
 
 year:        1997
           1   1435475.    
           2   65793.80    
           3   78957.78    
           4   120215.0    
           5   246348.5    
           6   325545.0    
           7   115790.4    
           8   50975.05    
           9   307999.7    
          10   53557.91    
          11   56952.46    
          12   97965.38    
          13   1039326.    
          14   969655.0    
          15   316859.1    
          16   494332.6    
          17   3033648.    
          18   3372558.    
          19   325337.8    
          20   194583.3    
          21   1244112.    
          22   135180.8    
          23   927151.9    
          24   834394.1    
          25   3087338.    
          26   1579191.    
          27   632347.0    
          28   205636.4    
          29   1238200.    
          30   2212834.    
          31   1188007.    
          32   2359636.    
          33   655761.1    
          34   227141.2    
          35   245768.5    
          36   199639.8    
          37   114510.2    
          38   1384055.    
          39   1995540.    
          40   771.4836    
          41   229353.1    
          42   412248.7    
          43   730168.2    
          44  1.0366047E+07
          45   468806.4    
          46   1580058.    
          47   211775.2    
          48   4095134.    
          49   565256.6    
          50   97472.68    
          51   2808094.    
          52   8699427.    
          53   776525.3    
          54   4169242.    
          55   4089763.    
          56   6367641.    
          57   116115.7    
          58   544600.4    
          59   254588.7    
          60   21077.39    
          61   575495.1    
          62   161236.8    
          63   44505.31    
          64   228681.7    
          65   78628.72    
          66   83473.40    
          67   272870.4    
          68   94907.77    
          69   283911.4    
          70   58262.62    
          71   613169.6    
          72   59842.10    
          73   4811.323    
          74   142141.5    
          75  -2141758.    
 
 year:        1998
           1   1513476.    
           2   69535.59    
           3   89993.92    
           4   64292.29    
           5   244107.4    
           6   310179.8    
           7   102742.4    
           8   35893.38    
           9   253183.6    
          10   44796.30    
          11   47635.55    
          12   77427.95    
          13   1042743.    
          14   819081.7    
          15   290210.3    
          16   410736.9    
          17   2222770.    
          18   2187704.    
          19   299596.2    
          20   200770.7    
          21   866748.1    
          22   115388.4    
          23   771110.0    
          24   813063.9    
          25   2377166.    
          26   1496897.    
          27   453457.2    
          28   173453.0    
          29   1004134.    
          30   2277200.    
          31   1244000.    
          32   1592529.    
          33   460790.1    
          34   197825.1    
          35   129614.1    
          36   90815.89    
          37   60131.16    
          38   1086419.    
          39   1852210.    
          40   10150.24    
          41   216054.4    
          42   400521.0    
          43   464521.6    
          44   7178438.    
          45   370002.6    
          46   1819342.    
          47   188956.8    
          48   3914292.    
          49   259437.1    
          50   79398.49    
          51   2509212.    
          52   4902772.    
          53   382207.4    
          54   2340813.    
          55   1692629.    
          56   3153828.    
          57   69134.47    
          58   523199.2    
          59   254305.8    
          60   27006.33    
          61   536964.0    
          62   237005.7    
          63   51184.43    
          64   207488.2    
          65   73941.93    
          66   82387.85    
          67   315613.1    
          68   138485.4    
          69   270602.9    
          70   53470.27    
          71   654172.5    
          72   53835.64    
          73   5253.161    
          74   132871.4    
          75  -1301748.    
 
 year:        1999
           1   1941121.    
           2   67107.29    
           3   102617.3    
           4   142005.9    
           5   240521.8    
           6   395981.6    
           7   101394.3    
           8   46704.63    
           9   377726.8    
          10   49719.11    
          11   52870.35    
          12   82298.25    
          13   1091664.    
          14   869193.7    
          15   442633.0    
          16   597737.2    
          17   2730751.    
          18   2768394.    
          19   305582.2    
          20   236848.5    
          21   682933.5    
          22   110930.7    
          23   873551.8    
          24   839277.7    
          25   2603726.    
          26   1991201.    
          27   442644.6    
          28   185881.0    
          29   944804.2    
          30   2519715.    
          31   1253237.    
          32   1945892.    
          33   544416.9    
          34   222606.4    
          35   184249.9    
          36   195597.9    
          37   65380.85    
          38   1030762.    
          39   1445186.    
          40   54145.62    
          41   188332.5    
          42   382966.7    
          43   344704.5    
          44   7280976.    
          45   404815.1    
          46   1665686.    
          47   151436.7    
          48   3115411.    
          49   428030.5    
          50   76036.89    
          51   2311936.    
          52   6628036.    
          53   595808.9    
          54   3187086.    
          55   3116336.    
          56   4540946.    
          57   48349.11    
          58   514012.1    
          59   253453.7    
          60   16107.37    
          61   298409.6    
          62   68773.77    
          63   41754.07    
          64   210090.1    
          65   76314.49    
          66   83886.23    
          67   288632.0    
          68   103418.8    
          69   295586.8    
          70   50112.06    
          71   463487.6    
          72   51797.66    
          73   4000.992    
          74   127147.6    
          75  -2019694.    
 
 year:        2000
           1   1816957.    
           2   65811.17    
           3   114302.8    
           4   83080.99    
           5   259692.8    
           6   379624.6    
           7   92439.61    
           8   35051.27    
           9   295178.2    
          10   42056.05    
          11   44721.55    
          12   64040.46    
          13   1085623.    
          14   724223.1    
          15   355784.8    
          16   475987.9    
          17   1997388.    
          18   1867165.    
          19   297771.9    
          20   240662.5    
          21   417051.3    
          22   95508.17    
          23   683704.7    
          24   795956.4    
          25   2125431.    
          26   1330491.    
          27   399036.8    
          28   186711.2    
          29   884882.9    
          30   1867483.    
          31   1337712.    
          32   1610357.    
          33   493902.5    
          34   206622.1    
          35   155595.4    
          36   130315.2    
          37   48690.84    
          38   1015012.    
          39   1392461.    
          40   76887.84    
          41   170645.5    
          42   373071.3    
          43   233516.2    
          44   6322184.    
          45   339415.7    
          46   1425783.    
          47   178513.4    
          48   3317589.    
          49   260707.9    
          50   71762.59    
          51   2282459.    
          52   4386612.    
          53   390672.8    
          54   2289920.    
          55   1597242.    
          56   3056599.    
          57   49981.55    
          58   513133.6    
          59   269512.3    
          60   39021.75    
          61   317114.7    
          62   72029.91    
          63   37409.69    
          64   211822.5    
          65   65273.10    
          66   81622.76    
          67   257203.5    
          68   66906.26    
          69   185289.2    
          70   38251.30    
          71   293383.4    
          72   48726.39    
          73   4327.432    
          74   126596.0    
          75  -1525504.    
 
 year:        2001
           1   1956353.    
           2   64232.07    
           3   132499.5    
           4   95000.44    
           5   266271.5    
           6   554026.2    
           7   95990.56    
           8   28255.35    
           9   232978.5    
          10   49146.32    
          11   52261.23    
          12   75416.46    
          13   1132253.    
          14   798138.4    
          15   345100.3    
          16   469266.3    
          17   2633537.    
          18   2453158.    
          19   287684.2    
          20   276823.0    
          21   877097.6    
          22   118296.0    
          23   855225.7    
          24   805769.8    
          25   2945898.    
          26   1588056.    
          27   663613.3    
          28   217768.3    
          29   848083.9    
          30   2923949.    
          31   1272567.    
          32   1840650.    
          33   536667.9    
          34   210647.1    
          35   171207.5    
          36   139652.7    
          37   216140.7    
          38   1039635.    
          39   1389354.    
          40   122332.7    
          41   169230.4    
          42   370440.5    
          43   313418.3    
          44   7827170.    
          45   535597.4    
          46   1417867.    
          47   208310.5    
          48   3451150.    
          49   285013.7    
          50   76849.65    
          51   2284898.    
          52   4763836.    
          53   407327.2    
          54   2311253.    
          55   1885892.    
          56   3026846.    
          57   87161.12    
          58   584044.0    
          59   416128.3    
          60   52567.36    
          61   538448.2    
          62   87540.49    
          63   37190.63    
          64   228054.6    
          65   59893.39    
          66   81494.92    
          67   258213.3    
          68   82259.94    
          69   196270.3    
          70   40478.72    
          71   464745.7    
          72   48283.04    
          73   4664.045    
          74   130866.3    
          75  -1709120.    
 
 year:        2002
           1   1625057.    
           2   62031.16    
           3   135241.4    
           4   49794.82    
           5   261557.0    
           6   449498.9    
           7   90002.91    
           8   32879.34    
           9   289776.3    
          10   41750.73    
          11   44396.87    
          12   57565.74    
          13   1038458.    
          14   731443.6    
          15   341060.6    
          16   456721.3    
          17   1881261.    
          18   1689620.    
          19   244429.7    
          20   268984.6    
          21   412868.0    
          22   92555.64    
          23   617159.9    
          24   786470.9    
          25   2120775.    
          26   1091015.    
          27   441165.1    
          28   206427.1    
          29   768724.1    
          30   1856355.    
          31   1246188.    
          32   1401136.    
          33   413584.3    
          34   194299.1    
          35   115366.9    
          36   62092.20    
          37   161681.6    
          38   1012731.    
          39   1275957.    
          40   50588.87    
          41   142312.5    
          42   347006.0    
          43   151221.4    
          44   6031876.    
          45   300745.2    
          46   897481.1    
          47   204899.9    
          48   2706659.    
          49   229436.1    
          50   74381.34    
          51   2243483.    
          52   3998725.    
          53   346439.6    
          54   2025242.    
          55   1483182.    
          56   2663967.    
          57   54771.91    
          58   584262.9    
          59   339167.3    
          60   45902.45    
          61   375715.5    
          62   123264.2    
          63   36554.53    
          64   201792.1    
          65   53877.46    
          66   111672.9    
          67   236095.2    
          68   82514.66    
          69   195302.8    
          70   40485.95    
          71   534855.9    
          72   43116.23    
          73   4278.730    
          74   118182.3    
          75  -1037920.    
 
 year:        2003
           1   1749369.    
           2   60214.56    
           3   133784.2    
           4   82840.20    
           5   257205.0    
           6   497621.2    
           7   81669.03    
           8   29899.32    
           9   281320.9    
          10   43874.78    
          11   46655.55    
          12   62717.96    
          13   1173647.    
          14   803038.2    
          15   338805.9    
          16   437275.8    
          17   1677202.    
          18   1475310.    
          19   229199.8    
          20   290879.4    
          21   318225.4    
          22   88741.72    
          23   564353.4    
          24   797097.8    
          25   1966872.    
          26   1582302.    
          27   409592.7    
          28   203773.9    
          29   673805.6    
          30   1731293.    
          31   1270346.    
          32   1308944.    
          33   409806.9    
          34   201852.9    
          35   113967.0    
          36   62848.77    
          37   156380.4    
          38   987357.8    
          39   1280078.    
          40   92877.39    
          41   147081.0    
          42   352636.4    
          43   135073.0    
          44   5624893.    
          45   313307.8    
          46   1129752.    
          47   219240.5    
          48   2998632.    
          49   212045.4    
          50   79799.51    
          51   2280271.    
          52   3702202.    
          53   318272.3    
          54   1907511.    
          55   1505149.    
          56   2468309.    
          57   112814.0    
          58   729945.0    
          59   468110.2    
          60   65823.53    
          61   553610.6    
          62   276878.0    
          63   57152.20    
          64   241327.8    
          65   77366.76    
          66   93871.02    
          67   457384.1    
          68   147561.4    
          69   230976.2    
          70   38193.83    
          71   351376.6    
          72   44308.79    
          73   6586.500    
          74   141151.7    
          75  -733529.0    
 
 year:        2004
           1   1605987.    
           2   59042.81    
           3   132848.9    
           4   124917.9    
           5   265375.4    
           6   498281.8    
           7   82749.69    
           8   30760.51    
           9   276432.6    
          10   47011.95    
          11   49991.53    
          12   71427.19    
          13   1231023.    
          14   787246.3    
          15   336335.8    
          16   442882.2    
          17   1619341.    
          18   1516141.    
          19   249071.5    
          20   314403.1    
          21   601331.1    
          22   104150.0    
          23   705803.6    
          24   801145.3    
          25   2514502.    
          26   2039696.    
          27   504027.7    
          28   204828.5    
          29   626810.0    
          30   2888421.    
          31   1346024.    
          32   1367099.    
          33   465712.8    
          34   223734.6    
          35   165649.5    
          36   134151.8    
          37   162717.8    
          38   970392.7    
          39   1414125.    
          40   95788.48    
          41   172874.9    
          42   361473.6    
          43   123079.5    
          44   5455828.    
          45   494213.7    
          46   1675607.    
          47   240149.6    
          48   3736006.    
          49   277084.1    
          50   81189.98    
          51   2259945.    
          52   4515220.    
          53   377506.4    
          54   2301544.    
          55   2060482.    
          56   2882785.    
          57   112253.3    
          58   655818.2    
          59   561294.3    
          60   60123.56    
          61   593271.6    
          62   153913.7    
          63   38868.97    
          64   224162.7    
          65   61219.36    
          66   85250.34    
          67   258712.0    
          68   71658.52    
          69   165511.3    
          70   78818.54    
          71   344740.0    
          72   41884.08    
          73   4988.330    
          74   124416.6    
          75  -1602404.    
 
 year:        2005
           1   1616643.    
           2   57515.77    
           3   132584.8    
           4   129375.4    
           5   264963.2    
           6   520916.2    
           7   73754.70    
           8   32159.15    
           9   284122.7    
          10   49749.64    
          11   52902.80    
          12   73037.57    
          13   1058210.    
          14   767170.1    
          15   334396.7    
          16   485373.9    
          17   2234484.    
          18   2804382.    
          19   305366.8    
          20   358605.3    
          21   808722.2    
          22   111218.9    
          23   800653.1    
          24   786758.9    
          25   3071039.    
          26   1276086.    
          27   801002.8    
          28   240489.8    
          29   650102.2    
          30   3127832.    
          31   1214790.    
          32   1744483.    
          33   708169.4    
          34   263156.8    
          35   254686.3    
          36   279846.0    
          37   270479.8    
          38   983417.6    
          39   1399068.    
          40   150256.6    
          41   172389.9    
          42   358882.9    
          43   140424.1    
          44   7282574.    
          45   742631.0    
          46   1856533.    
          47   244424.0    
          48   3905904.    
          49   358740.0    
          50   93170.19    
          51   2320829.    
          52   5486408.    
          53   474369.9    
          54   2729972.    
          55   2850780.    
          56   3440016.    
          57   159174.6    
          58   767090.5    
          59   875413.4    
          60   90899.30    
          61   1016660.    
          62   437022.3    
          63   81208.02    
          64   261766.6    
          65   108264.3    
          66   93851.20    
          67   671177.1    
          68   163908.9    
          69   215011.2    
          70   50011.89    
          71   301693.3    
          72   56043.89    
          73   6215.854    
          74   218140.6    
          75  -2052185.    
 
 year:        2006
           1   1509040.    
           2   54878.68    
           3   149682.2    
           4   80110.91    
           5   247968.3    
           6   484191.3    
           7   95122.59    
           8   34253.69    
           9   275466.3    
          10   82437.15    
          11   87662.04    
          12   151498.4    
          13   1243507.    
          14   782764.8    
          15   376534.6    
          16   849119.6    
          17   2082693.    
          18   2156115.    
          19   295526.8    
          20   361599.2    
          21   1376627.    
          22   146419.6    
          23   878629.3    
          24   822480.6    
          25   3312175.    
          26   1753276.    
          27   568536.7    
          28   210266.2    
          29   615248.4    
          30   2808499.    
          31   1384082.    
          32   1368203.    
          33   1038104.    
          34   480312.3    
          35   219600.0    
          36   122532.2    
          37   661214.0    
          38   1413238.    
          39   2458231.    
          40   154403.3    
          41   239503.6    
          42   359142.9    
          43   593948.5    
          44   9304294.    
          45   595627.2    
          46   1580965.    
          47   426704.1    
          48   3737287.    
          49   220947.4    
          50   118778.3    
          51   2825053.    
          52   3688924.    
          53   312301.8    
          54   1982442.    
          55   1683325.    
          56   2420441.    
          57   154137.3    
          58   790901.2    
          59   705977.2    
          60   62730.54    
          61   942373.1    
          62   72451.34    
          63   40452.90    
          64   228759.9    
          65   80132.82    
          66   86360.40    
          67   286873.4    
          68   65699.99    
          69   138692.1    
          70   38089.39    
          71   234703.0    
          72   39561.89    
          73   4259.565    
          74   121223.2    
          75  -1921674.    
 
 year:        2007
           1   1612704.    
           2   73033.68    
           3   169007.2    
           4   71185.84    
           5   251830.7    
           6   493109.2    
           7   398547.9    
           8   36378.95    
           9   297412.1    
          10   66385.45    
          11   70593.00    
          12   140472.5    
          13   1102042.    
          14   815165.1    
          15   1348258.    
          16   2215490.    
          17   5382753.    
          18   4752876.    
          19   300242.3    
          20   409893.3    
          21   1292280.    
          22   128265.7    
          23   1110722.    
          24   2676996.    
          25   2589526.    
          26   1661757.    
          27   474660.6    
          28   964898.6    
          29   2081242.    
          30   1674976.    
          31   1273321.    
          32   3912649.    
          33   1862738.    
          34   399744.9    
          35   361804.4    
          36   204422.0    
          37   1990274.    
          38   3365988.    
          39   2866369.    
          40   283569.2    
          41   199442.9    
          42   377382.2    
          43   630098.0    
          44  1.7625654E+07
          45   736931.6    
          46   1308777.    
          47   560433.4    
          48   3484276.    
          49   204929.8    
          50   105589.3    
          51   2596074.    
          52   3413812.    
          53   287703.5    
          54   1874550.    
          55   1618433.    
          56   2202132.    
          57   111269.8    
          58   639423.9    
          59   495217.5    
          60   53354.61    
          61   485446.6    
          62   111026.0    
          63   40413.59    
          64   226181.7    
          65   70513.23    
          66   87203.16    
          67   285737.2    
          68   88022.77    
          69   169076.6    
          70   41253.96    
          71   495486.6    
          72   40454.00    
          73   4609.671    
          74   123837.4    
          75  -2146708.    
 
 year:        2008
           1   1561108.    
           2   58139.00    
           3   267461.5    
           4   98327.05    
           5   257595.0    
           6   471863.9    
           7   109938.2    
           8   34135.55    
           9   283654.2    
          10   48963.15    
          11   52066.47    
          12   128282.6    
          13   971728.8    
          14   772500.2    
          15   625229.5    
          16   951954.2    
          17   2788243.    
          18   4145548.    
          19   356137.6    
          20   507912.4    
          21   661819.3    
          22   112909.6    
          23   1180889.    
          24   3270976.    
          25   2701953.    
          26   1962226.    
          27   499458.4    
          28   1381328.    
          29   3204665.    
          30   2144318.    
          31   1327832.    
          32   4689422.    
          33   1885213.    
          34   441986.8    
          35   534149.0    
          36   292753.2    
          37   1751157.    
          38   5311442.    
          39   3743321.    
          40   125266.8    
          41   209938.8    
          42   411314.7    
          43   1080430.    
          44  2.1959604E+07
          45   861167.7    
          46   1383482.    
          47   1236093.    
          48   3891022.    
          49   190319.6    
          50   133120.9    
          51   3174025.    
          52   3233114.    
          53   270499.2    
          54   1782892.    
          55   1661822.    
          56   2092282.    
          57   151215.3    
          58   774404.9    
          59   645286.6    
          60   96973.63    
          61   912534.6    
          62   471081.2    
          63   85515.09    
          64   251321.6    
          65   116195.2    
          66   101463.9    
          67   741158.0    
          68   257908.9    
          69   351144.9    
          70   46919.62    
          71   529481.4    
          72   55895.58    
          73   7455.120    
          74   227793.1    
          75  -1673466.    
 
 year:        2009
           1   1636100.    
           2   61265.85    
           3   162782.1    
           4   73109.80    
           5   283629.2    
           6   537515.4    
           7   192299.4    
           8   34160.73    
           9   271623.9    
          10   49205.87    
          11   52324.53    
          12   133321.9    
          13   1162030.    
          14   792570.8    
          15   479048.7    
          16   792956.1    
          17   2482639.    
          18   3063004.    
          19   331805.6    
          20   581504.6    
          21   933047.1    
          22   122245.8    
          23   1051887.    
          24   2864427.    
          25   2605672.    
          26   2213346.    
          27   506950.8    
          28   1232166.    
          29   2773197.    
          30   1412486.    
          31   1160917.    
          32   2994768.    
          33   825686.2    
          34   375106.2    
          35   358810.3    
          36   134209.5    
          37   851642.9    
          38   5826264.    
          39   2514258.    
          40   133603.2    
          41   164795.9    
          42   400898.6    
          43   777975.8    
          44  1.7484982E+07
          45   536222.4    
          46   1151079.    
          47   1198762.    
          48   3158860.    
          49   177777.2    
          50   103964.8    
          51   2579128.    
          52   3090120.    
          53   256703.0    
          54   1720257.    
          55   1567256.    
          56   2019343.    
          57   96321.22    
          58   622385.2    
          59   452920.9    
          60   55700.62    
          61   408417.6    
          62   149829.6    
          63   46156.56    
          64   239509.4    
          65   90316.92    
          66   90122.25    
          67   325420.6    
          68   75737.49    
          69   158341.8    
          70   38717.84    
          71   264292.9    
          72   42982.43    
          73   4547.277    
          74   132058.6    
          75  -1897983.    
 
 year:        2010
           1   1367491.    
           2   156021.6    
           3   154342.0    
           4   74377.65    
           5   287781.3    
           6   483046.5    
           7   122983.2    
           8   36528.68    
           9   290716.4    
          10   55159.37    
          11   58655.38    
          12   130852.9    
          13   1100639.    
          14   817052.5    
          15   422552.8    
          16   668315.9    
          17   3769857.    
          18   2458500.    
          19   277413.9    
          20   607051.0    
          21   933331.8    
          22   121251.7    
          23   932175.8    
          24   2193566.    
          25   2523143.    
          26   1820364.    
          27   503020.1    
          28   681046.1    
          29   2175191.    
          30   1622556.    
          31   1187093.    
          32   3266587.    
          33   955844.0    
          34   398364.5    
          35   475310.7    
          36   180086.0    
          37   727675.1    
          38   4846371.    
          39   3017485.    
          40   153884.1    
          41   184877.2    
          42   423045.0    
          43   1096977.    
          44  1.6068442E+07
          45   629166.6    
          46   1393547.    
          47   1425557.    
          48   3199670.    
          49   166015.9    
          50   128003.7    
          51   2941190.    
          52   2955249.    
          53   238697.3    
          54   1654762.    
          55   1602676.    
          56   1900684.    
          57   128774.9    
          58   719158.4    
          59   589121.8    
          60   74714.02    
          61   624011.4    
          62   286652.6    
          63   49676.48    
          64   241369.8    
          65   78929.56    
          66   93339.30    
          67   320322.9    
          68   133618.9    
          69   231237.2    
          70   46110.68    
          71   627384.1    
          72   41731.73    
          73   6341.424    
          74   137525.9    
          75  -1439712.    
 
 year:        2011
           1   1684282.    
           2   76182.31    
           3   150174.0    
           4   117871.6    
           5   269275.1    
           6   502683.9    
           7   109940.1    
           8   41985.33    
           9   368362.8    
          10   55412.90    
          11   58925.00    
          12   122063.8    
          13   975050.7    
          14   797279.4    
          15   483379.1    
          16   647726.5    
          17   2626931.    
          18   2906945.    
          19   255216.5    
          20   658244.1    
          21   941284.9    
          22   121384.2    
          23   916770.7    
          24   2160756.    
          25   2573660.    
          26   1966020.    
          27   493573.2    
          28   757077.3    
          29   2207123.    
          30   1961189.    
          31   1216147.    
          32   3110893.    
          33   827537.8    
          34   400209.2    
          35   488873.5    
          36   147851.5    
          37   640165.7    
          38   3931970.    
          39   3027702.    
          40   130825.4    
          41   157645.3    
          42   394727.4    
          43   577799.8    
          44  1.3144598E+07
          45   442226.0    
          46   1480158.    
          47   1022022.    
          48   2941710.    
          49   155592.0    
          50   96554.09    
          51   2476842.    
          52   2865440.    
          53   223585.3    
          54   1596985.    
          55   1484646.    
          56   1839765.    
          57   85075.55    
          58   600050.9    
          59   430738.6    
          60   80645.13    
          61   394595.0    
          62   415980.7    
          63   59787.76    
          64   226115.6    
          65   73949.67    
          66   93406.43    
          67   316493.7    
          68   116550.3    
          69   179446.3    
          70   41707.20    
          71   272116.6    
          72   56373.72    
          73   5972.740    
          74   228124.6    
          75  -2124724.    
 
