 Yearly Total Recharge Values from apex (mm)
 
 year:        1987
           1   10.43687    
           2   5.538856    
           3   3.016011    
           4   65.74972    
           5   54.55167    
           6   13.02566    
           7  0.0000000E+00
           8  0.0000000E+00
           9   29.06677    
          10   127.1349    
          11  0.0000000E+00
          12   125.2278    
          13   191.3879    
          14   32.88640    
          15   7.370861    
          16   15.17679    
          17   74.98833    
          18   98.45058    
          19   8.521075    
          20   5.641957    
          21   226.9236    
          22   8.180241    
          23   8.805917    
          24  0.0000000E+00
          25   223.5226    
          26   88.27641    
          27  0.0000000E+00
          28  0.0000000E+00
          29   24.45284    
          30   166.6543    
          31  0.0000000E+00
          32   85.69469    
          33   106.1918    
          34  0.0000000E+00
          35  0.0000000E+00
          36  0.0000000E+00
          37   21.62157    
          38  0.0000000E+00
          39   62.05743    
          40  0.0000000E+00
          41   4.058567    
          42  0.0000000E+00
          43   10.90395    
          44   19.05714    
          45  0.0000000E+00
          46   83.97755    
          47  0.0000000E+00
          48  0.0000000E+00
          49  0.0000000E+00
          50  0.0000000E+00
          51  0.0000000E+00
          52  0.0000000E+00
          53  0.0000000E+00
          54  0.0000000E+00
          55  0.0000000E+00
          56  0.0000000E+00
          57  0.0000000E+00
          58  0.0000000E+00
          59  0.0000000E+00
          60  0.0000000E+00
          61  0.0000000E+00
          62  0.0000000E+00
          63  0.0000000E+00
          64  0.0000000E+00
          65  0.0000000E+00
          66   49.92107    
          67  0.0000000E+00
          68  0.0000000E+00
          69  0.0000000E+00
          70  0.0000000E+00
          71  0.0000000E+00
          72  0.0000000E+00
          73  0.0000000E+00
          74  0.0000000E+00
          75  0.0000000E+00
 
 year:        1988
           1   44.84678    
           2   137.4039    
           3   136.9491    
           4   190.7807    
           5   36.21525    
           6   40.78433    
           7   99.03400    
           8  0.0000000E+00
           9   26.92678    
          10   241.6230    
          11   153.7209    
          12   187.9804    
          13   279.9642    
          14   41.02033    
          15   136.7544    
          16   203.0368    
          17   217.2051    
          18   244.6392    
          19   9.667002    
          20   16.05491    
          21   333.4344    
          22  0.0000000E+00
          23   37.23898    
          24   90.17566    
          25   29.91950    
          26   168.0101    
          27  0.0000000E+00
          28   196.8562    
          29   200.6423    
          30   276.4452    
          31  0.0000000E+00
          32   163.7849    
          33   278.2593    
          34   128.1051    
          35   94.63501    
          36   57.56502    
          37   147.6954    
          38   146.4378    
          39   106.7334    
          40   60.68189    
          41   106.9873    
          42  0.0000000E+00
          43   179.9692    
          44   154.8833    
          45   172.5366    
          46   109.7323    
          47   84.90255    
          48   137.8105    
          49  0.0000000E+00
          50   63.60860    
          51   32.04608    
          52  0.0000000E+00
          53  0.0000000E+00
          54  0.0000000E+00
          55  0.0000000E+00
          56  0.0000000E+00
          57   28.28871    
          58   16.80167    
          59   24.82463    
          60  0.0000000E+00
          61   44.46639    
          62   69.82972    
          63   59.16771    
          64  0.0000000E+00
          65  0.0000000E+00
          66   73.89976    
          67   49.27706    
          68   49.90666    
          69  0.0000000E+00
          70   58.31393    
          71   76.99052    
          72   58.67844    
          73   61.47185    
          74   60.72280    
          75   24.62931    
 
 year:        1989
           1   21.85233    
           2  0.0000000E+00
           3   77.14402    
           4   78.56888    
           5   37.62231    
           6   19.64046    
           7   67.83837    
           8  0.0000000E+00
           9   9.612643    
          10   99.82030    
          11   58.41136    
          12  0.0000000E+00
          13   50.73281    
          14   36.57257    
          15   75.75929    
          16   115.1274    
          17   137.6222    
          18   182.0378    
          19   2.176649    
          20   7.261447    
          21   150.3020    
          22  0.0000000E+00
          23   20.54026    
          24   66.91808    
          25   37.72868    
          26   138.4967    
          27  0.0000000E+00
          28   109.3899    
          29   142.5274    
          30   148.2027    
          31  0.0000000E+00
          32   132.4841    
          33   90.81640    
          34  0.0000000E+00
          35   33.53368    
          36  0.0000000E+00
          37   84.99524    
          38   92.66061    
          39   31.46489    
          40   28.22315    
          41   38.64949    
          42  0.0000000E+00
          43   79.32572    
          44   66.00034    
          45   59.67631    
          46   52.76776    
          47   38.07928    
          48   50.82494    
          49  0.0000000E+00
          50   16.55120    
          51   10.21772    
          52  0.0000000E+00
          53  0.0000000E+00
          54  0.0000000E+00
          55  0.0000000E+00
          56  0.0000000E+00
          57  1.2013815E-04
          58  1.9157919E-03
          59  0.0000000E+00
          60  0.0000000E+00
          61  0.0000000E+00
          62  0.0000000E+00
          63  3.1293500E-03
          64  0.0000000E+00
          65  0.0000000E+00
          66   23.85485    
          67  4.3313086E-04
          68  1.6105033E-02
          69  0.0000000E+00
          70   5.164775    
          71   2.714681    
          72   3.179329    
          73   3.082225    
          74   3.571631    
          75  3.4031385E-05
 
 year:        1990
           1   25.58126    
           2  0.0000000E+00
           3  0.0000000E+00
           4   108.8847    
           5   27.46489    
           6   24.04412    
           7   43.70312    
           8  0.0000000E+00
           9   21.17031    
          10   110.3839    
          11   59.03234    
          12   18.66227    
          13  0.0000000E+00
          14   40.25241    
          15   76.05494    
          16   84.68034    
          17   133.4921    
          18   149.3801    
          19  0.0000000E+00
          20   12.66907    
          21   96.63454    
          22  0.0000000E+00
          23   17.76048    
          24   37.26902    
          25   18.83622    
          26   105.4253    
          27  0.0000000E+00
          28   85.31107    
          29   96.62512    
          30   216.1418    
          31  0.0000000E+00
          32   104.9556    
          33   168.6615    
          34  0.0000000E+00
          35   6.767090    
          36   40.09838    
          37   60.19790    
          38   48.24242    
          39   65.65642    
          40   18.68220    
          41   30.18154    
          42  0.0000000E+00
          43   67.93224    
          44   78.81435    
          45   88.70629    
          46   148.8228    
          47   11.08173    
          48   56.99496    
          49  0.0000000E+00
          50   13.54475    
          51  6.6470653E-03
          52  0.0000000E+00
          53  0.0000000E+00
          54  0.0000000E+00
          55  0.0000000E+00
          56  0.0000000E+00
          57  0.0000000E+00
          58  0.0000000E+00
          59  0.0000000E+00
          60  0.0000000E+00
          61  0.0000000E+00
          62  0.0000000E+00
          63  0.0000000E+00
          64  0.0000000E+00
          65  0.0000000E+00
          66   25.97257    
          67  0.0000000E+00
          68  0.0000000E+00
          69  0.0000000E+00
          70  0.0000000E+00
          71  0.0000000E+00
          72   18.31408    
          73   16.62254    
          74   15.43983    
          75  0.0000000E+00
 
 year:        1991
           1   34.88189    
           2  0.0000000E+00
           3  0.0000000E+00
           4   173.0847    
           5   20.87353    
           6   37.79149    
           7  0.0000000E+00
           8  0.0000000E+00
           9   32.81407    
          10  0.0000000E+00
          11  0.0000000E+00
          12   73.85034    
          13   37.22771    
          14   42.43985    
          15   8.822938    
          16   11.04840    
          17   57.68951    
          18  0.0000000E+00
          19   3.481463    
          20   11.40240    
          21   71.92778    
          22  0.0000000E+00
          23   10.57271    
          24   35.32139    
          25   30.67471    
          26   97.31151    
          27  0.0000000E+00
          28   23.03321    
          29   76.19943    
          30   137.1552    
          31  0.0000000E+00
          32   85.54224    
          33   20.87099    
          34  0.0000000E+00
          35   9.888535    
          36   90.16829    
          37   28.39744    
          38   16.97256    
          39   31.53232    
          40   22.88859    
          41   31.51927    
          42  0.0000000E+00
          43   70.44939    
          44   32.99076    
          45   86.21234    
          46   74.30237    
          47  0.9605759    
          48   118.6045    
          49  0.0000000E+00
          50   29.88687    
          51  7.1288031E-03
          52   5.870073    
          53  0.0000000E+00
          54  0.0000000E+00
          55  0.0000000E+00
          56  0.0000000E+00
          57   2.010780    
          58  0.0000000E+00
          59  0.0000000E+00
          60  0.0000000E+00
          61  0.0000000E+00
          62   17.54252    
          63  0.0000000E+00
          64  0.0000000E+00
          65  0.0000000E+00
          66   30.20674    
          67  0.0000000E+00
          68  0.0000000E+00
          69  0.0000000E+00
          70   25.15614    
          71   26.11171    
          72   28.73310    
          73   24.42973    
          74   25.60931    
          75  0.0000000E+00
 
 year:        1992
           1   29.10562    
           2  0.0000000E+00
           3  0.0000000E+00
           4   91.94753    
           5  0.0000000E+00
           6   20.51114    
           7  0.0000000E+00
           8  0.0000000E+00
           9   17.97234    
          10  0.0000000E+00
          11  0.0000000E+00
          12   85.55838    
          13   18.31902    
          14   45.39457    
          15  0.0000000E+00
          16   22.92075    
          17  1.4940500E-02
          18  7.9387486E-05
          19   2.489952    
          20   10.52253    
          21   93.26809    
          22  0.0000000E+00
          23   10.00669    
          24  3.0578487E-02
          25   34.18047    
          26   94.09719    
          27  0.0000000E+00
          28  0.0000000E+00
          29   30.95928    
          30   46.58068    
          31  0.0000000E+00
          32   79.02018    
          33   30.74075    
          34  0.0000000E+00
          35   30.47659    
          36   34.77313    
          37   57.40194    
          38   17.89568    
          39   27.46130    
          40   71.02046    
          41   64.14660    
          42  0.0000000E+00
          43   90.91154    
          44   44.23377    
          45   119.0497    
          46   89.01178    
          47   35.02681    
          48   154.5903    
          49   128.5237    
          50   62.10871    
          51   50.57015    
          52   134.4324    
          53   105.2765    
          54   92.57844    
          55   114.9239    
          56   90.26981    
          57   57.21301    
          58  0.0000000E+00
          59  0.0000000E+00
          60  0.0000000E+00
          61   59.80346    
          62   45.22609    
          63   20.94713    
          64  0.0000000E+00
          65  0.0000000E+00
          66   40.64253    
          67   6.249680    
          68   20.93584    
          69  0.0000000E+00
          70   48.34554    
          71   50.44537    
          72  0.0000000E+00
          73   51.49503    
          74   54.90117    
          75   14.72893    
 
 year:        1993
           1   29.83650    
           2  0.0000000E+00
           3  0.0000000E+00
           4   127.5078    
           5  0.0000000E+00
           6   29.95393    
           7  0.0000000E+00
           8  0.0000000E+00
           9   15.55062    
          10  0.0000000E+00
          11  0.0000000E+00
          12   81.97559    
          13   17.89857    
          14   46.42698    
          15   262.5043    
          16   104.2936    
          17   42.00751    
          18   39.93528    
          19   4.036755    
          20   14.02732    
          21   63.15942    
          22  0.0000000E+00
          23   24.90526    
          24   31.73462    
          25   40.97787    
          26  0.0000000E+00
          27  0.0000000E+00
          28   22.46820    
          29  0.7652748    
          30   95.54094    
          31   18.39560    
          32   56.23509    
          33   58.53326    
          34  0.0000000E+00
          35   58.12378    
          36   128.1997    
          37   41.19640    
          38   1.330902    
          39   36.05454    
          40   130.7123    
          41   132.9926    
          42  0.0000000E+00
          43   170.2951    
          44   98.08433    
          45   215.3286    
          46   150.4310    
          47   88.97196    
          48   277.7271    
          49   228.1474    
          50   112.0471    
          51   92.08806    
          52   230.1528    
          53   200.7340    
          54   169.1292    
          55   209.4429    
          56   193.2537    
          57   130.3527    
          58  0.0000000E+00
          59  0.0000000E+00
          60  0.0000000E+00
          61   124.9791    
          62   56.18604    
          63   30.98877    
          64  0.0000000E+00
          65  0.0000000E+00
          66   29.44285    
          67   13.65979    
          68   22.01233    
          69  0.0000000E+00
          70   56.75824    
          71   55.52354    
          72  0.0000000E+00
          73   52.22161    
          74   52.87603    
          75   38.55927    
 
 year:        1994
           1   21.41034    
           2  0.0000000E+00
           3  0.0000000E+00
           4   42.91705    
           5  0.0000000E+00
           6   15.14087    
           7  0.0000000E+00
           8  0.0000000E+00
           9   7.389522    
          10   52.15730    
          11  0.0000000E+00
          12   79.54313    
          13   17.55309    
          14   24.60489    
          15   49.48663    
          16   21.07097    
          17   11.21837    
          18   18.74969    
          19   1.625510    
          20   12.74120    
          21   69.40967    
          22  0.0000000E+00
          23   13.77959    
          24  1.1354102E-02
          25   22.17340    
          26  0.0000000E+00
          27  0.0000000E+00
          28  0.0000000E+00
          29  0.2444336    
          30   65.16918    
          31   17.18542    
          32   45.84800    
          33   2.477151    
          34  0.0000000E+00
          35  0.0000000E+00
          36   13.72982    
          37   9.137446    
          38  0.0000000E+00
          39  0.0000000E+00
          40  0.0000000E+00
          41   4.832195    
          42  0.0000000E+00
          43  0.0000000E+00
          44   25.39133    
          45   30.96960    
          46   73.12318    
          47  0.0000000E+00
          48   66.33393    
          49   24.96643    
          50  0.0000000E+00
          51  0.0000000E+00
          52   39.59402    
          53  0.0000000E+00
          54  0.0000000E+00
          55   22.69894    
          56  0.0000000E+00
          57   9.427489    
          58  0.0000000E+00
          59  0.0000000E+00
          60  0.0000000E+00
          61  0.4800479    
          62   1.156073    
          63  0.0000000E+00
          64  0.0000000E+00
          65  0.0000000E+00
          66   14.47122    
          67  0.0000000E+00
          68  0.0000000E+00
          69  0.0000000E+00
          70  0.0000000E+00
          71   7.785115    
          72  0.0000000E+00
          73  0.0000000E+00
          74  0.0000000E+00
          75  0.0000000E+00
 
 year:        1995
           1   45.99797    
           2  0.0000000E+00
           3  0.0000000E+00
           4   165.2358    
           5  0.0000000E+00
           6   38.90058    
           7   19.55819    
           8  0.0000000E+00
           9   29.35258    
          10   43.65663    
          11  0.0000000E+00
          12   66.17591    
          13   18.29173    
          14   50.13129    
          15   57.34320    
          16   33.87481    
          17   47.68188    
          18   52.91474    
          19   5.431696    
          20   17.83953    
          21   54.16016    
          22  0.0000000E+00
          23   22.46498    
          24   17.88209    
          25   44.38310    
          26   46.75603    
          27  0.0000000E+00
          28   40.67902    
          29   119.4667    
          30   76.31687    
          31   21.22425    
          32   162.5142    
          33   37.98938    
          34  0.0000000E+00
          35   31.22513    
          36   119.2387    
          37   66.42519    
          38   60.50633    
          39   39.95905    
          40   104.3027    
          41   68.79703    
          42  0.0000000E+00
          43   85.42141    
          44   45.35231    
          45   186.3215    
          46   96.65862    
          47   44.12918    
          48   177.5633    
          49   200.4238    
          50   68.90676    
          51   54.47947    
          52   211.1273    
          53   170.5487    
          54   148.4495    
          55   182.1924    
          56   160.3562    
          57   76.53742    
          58  0.0000000E+00
          59  0.0000000E+00
          60  0.0000000E+00
          61   88.91630    
          62   77.60675    
          63   49.53975    
          64  0.0000000E+00
          65  0.0000000E+00
          66  7.8916934E-04
          67   35.22886    
          68   41.08951    
          69  0.0000000E+00
          70  0.0000000E+00
          71  4.6810010E-04
          72  0.0000000E+00
          73  0.0000000E+00
          74  0.0000000E+00
          75   33.24529    
 
 year:        1996
           1   22.15237    
           2  0.0000000E+00
           3  0.0000000E+00
           4   49.29260    
           5  0.0000000E+00
           6   12.26242    
           7  0.0000000E+00
           8  0.0000000E+00
           9   11.02692    
          10   64.27942    
          11  0.0000000E+00
          12   34.15029    
          13   9.878511    
          14   40.96472    
          15  0.0000000E+00
          16  0.0000000E+00
          17  5.7488315E-02
          18   8.497774    
          19  3.7230786E-02
          20   4.803950    
          21   25.86347    
          22  0.0000000E+00
          23   5.056708    
          24  9.2215389E-03
          25   10.93196    
          26   21.67370    
          27  0.0000000E+00
          28  0.0000000E+00
          29  0.0000000E+00
          30   76.02798    
          31   32.53716    
          32   30.34374    
          33  0.0000000E+00
          34  0.0000000E+00
          35  0.0000000E+00
          36  0.0000000E+00
          37  0.3279651    
          38  0.0000000E+00
          39   6.110794    
          40  0.0000000E+00
          41   1.870513    
          42  0.0000000E+00
          43   4.006590    
          44  0.0000000E+00
          45   15.17470    
          46   43.03901    
          47  0.0000000E+00
          48   66.23088    
          49  0.0000000E+00
          50   4.242179    
          51  0.0000000E+00
          52  0.0000000E+00
          53  0.0000000E+00
          54  0.0000000E+00
          55  0.0000000E+00
          56  0.0000000E+00
          57   28.81621    
          58  0.0000000E+00
          59  0.0000000E+00
          60  0.0000000E+00
          61   23.15667    
          62  0.0000000E+00
          63  0.0000000E+00
          64  0.0000000E+00
          65  0.0000000E+00
          66  0.0000000E+00
          67  0.0000000E+00
          68  0.0000000E+00
          69  0.0000000E+00
          70  0.0000000E+00
          71  0.0000000E+00
          72  0.0000000E+00
          73  0.0000000E+00
          74  0.0000000E+00
          75  0.0000000E+00
 
 year:        1997
           1   40.59093    
           2  0.0000000E+00
           3  0.0000000E+00
           4   151.3227    
           5  0.0000000E+00
           6   35.88136    
           7  0.7123554    
           8  0.0000000E+00
           9   30.61925    
          10   45.47435    
          11  0.0000000E+00
          12   45.02780    
          13   10.43139    
          14   38.40744    
          15   17.61767    
          16   36.01104    
          17   45.54654    
          18   62.93939    
          19   4.744927    
          20   17.82727    
          21   109.2874    
          22  0.0000000E+00
          23   20.27282    
          24  1.5489659E-02
          25   80.55508    
          26   20.20255    
          27   37.08590    
          28   10.55993    
          29   35.85842    
          30   59.78915    
          31   14.18457    
          32   94.99619    
          33   27.21426    
          34  0.0000000E+00
          35   30.07437    
          36   112.3823    
          37   83.43904    
          38   38.91415    
          39   32.22155    
          40   131.9693    
          41   80.38757    
          42  0.0000000E+00
          43   96.34734    
          44   50.69618    
          45   190.7330    
          46   80.46568    
          47   45.90990    
          48   215.8202    
          49   247.3849    
          50   94.77295    
          51   58.83348    
          52   261.7512    
          53   227.1934    
          54   185.9992    
          55   233.4622    
          56   217.6690    
          57   88.30795    
          58  0.0000000E+00
          59  0.0000000E+00
          60  0.0000000E+00
          61   86.02975    
          62   42.55602    
          63  0.0000000E+00
          64  0.0000000E+00
          65  0.0000000E+00
          66  0.0000000E+00
          67  0.0000000E+00
          68  0.0000000E+00
          69  0.0000000E+00
          70  0.0000000E+00
          71   14.67616    
          72  0.0000000E+00
          73  0.0000000E+00
          74  0.0000000E+00
          75   17.79743    
 
 year:        1998
           1   23.87868    
           2  0.0000000E+00
           3  0.0000000E+00
           4   62.53537    
           5  0.0000000E+00
           6   19.37542    
           7   1.149171    
           8  0.0000000E+00
           9   10.19793    
          10   20.40257    
          11  0.0000000E+00
          12   19.53669    
          13   13.12206    
          14   15.70816    
          15  0.0000000E+00
          16  0.0000000E+00
          17  0.0000000E+00
          18   3.829846    
          19   2.556047    
          20   8.548944    
          21   59.36253    
          22  0.0000000E+00
          23   7.460890    
          24  5.1501505E-03
          25   9.387203    
          26   14.96352    
          27  0.0000000E+00
          28  0.0000000E+00
          29  0.0000000E+00
          30   68.13224    
          31   25.75801    
          32   7.038787    
          33  0.0000000E+00
          34  0.0000000E+00
          35  0.0000000E+00
          36   19.14316    
          37   19.34106    
          38  0.0000000E+00
          39   25.69631    
          40   97.03991    
          41   54.87886    
          42  0.0000000E+00
          43   42.67435    
          44  0.0000000E+00
          45   131.2380    
          46   128.9919    
          47   23.36512    
          48   177.0188    
          49  0.0000000E+00
          50   55.51751    
          51   28.00930    
          52   25.80991    
          53  0.0000000E+00
          54  0.0000000E+00
          55   12.06478    
          56  0.0000000E+00
          57   51.71586    
          58  0.0000000E+00
          59  0.0000000E+00
          60  0.0000000E+00
          61   60.13801    
          62   50.78172    
          63   16.97104    
          64  0.0000000E+00
          65  0.0000000E+00
          66  0.0000000E+00
          67   6.484277    
          68   17.93753    
          69  0.0000000E+00
          70  0.0000000E+00
          71   23.91942    
          72  0.0000000E+00
          73  0.0000000E+00
          74  0.0000000E+00
          75   31.41691    
 
 year:        1999
           1   44.24684    
           2  0.0000000E+00
           3  0.0000000E+00
           4   194.6269    
           5  0.4491502    
           6   42.01868    
           7  0.9674652    
           8  0.0000000E+00
           9   26.39717    
          10   41.36557    
          11  0.0000000E+00
          12   34.10633    
          13   16.67101    
          14   25.75650    
          15   21.05242    
          16   21.93368    
          17   41.34331    
          18   43.54410    
          19   1.954922    
          20   13.81010    
          21   28.99949    
          22  0.0000000E+00
          23   19.61079    
          24  0.0000000E+00
          25   34.26302    
          26   70.49992    
          27  0.0000000E+00
          28  0.0000000E+00
          29  0.0000000E+00
          30   84.57677    
          31   21.04093    
          32   51.31684    
          33  0.0000000E+00
          34  0.0000000E+00
          35  0.0000000E+00
          36   100.7006    
          37   31.47379    
          38  0.0000000E+00
          39  1.8207310E-04
          40   9.367463    
          41   9.038494    
          42  0.0000000E+00
          43   5.451661    
          44   10.90924    
          45   31.95095    
          46   78.10387    
          47  6.2017520E-03
          48   30.33536    
          49   126.6154    
          50   12.73693    
          51  1.2253181E-03
          52   126.9359    
          53   108.5863    
          54   76.25127    
          55   116.7607    
          56   100.8422    
          57   5.836702    
          58  0.0000000E+00
          59  0.0000000E+00
          60  0.0000000E+00
          61   2.641271    
          62   1.618691    
          63   8.743236    
          64  0.0000000E+00
          65  0.0000000E+00
          66  0.0000000E+00
          67   2.867293    
          68   7.093385    
          69  0.0000000E+00
          70  0.0000000E+00
          71  4.6765996E-05
          72  0.0000000E+00
          73  0.0000000E+00
          74  0.0000000E+00
          75  7.9200957E-03
 
 year:        2000
           1   21.53031    
           2  0.0000000E+00
           3  0.0000000E+00
           4   94.31278    
           5   3.679282    
           6   18.88697    
           7   1.313812    
           8  0.0000000E+00
           9   10.53989    
          10   13.17862    
          11  0.0000000E+00
          12   10.25468    
          13   17.48433    
          14  0.0000000E+00
          15  0.0000000E+00
          16  0.0000000E+00
          17  0.0000000E+00
          18  0.0000000E+00
          19   1.535449    
          20   6.649609    
          21   2.351993    
          22  0.0000000E+00
          23   4.115328    
          24  0.0000000E+00
          25   3.379153    
          26  0.0000000E+00
          27  0.0000000E+00
          28  0.0000000E+00
          29  0.0000000E+00
          30   47.91715    
          31   39.36895    
          32   14.90384    
          33  0.0000000E+00
          34  0.0000000E+00
          35  0.0000000E+00
          36   47.11621    
          37   12.97261    
          38  0.0000000E+00
          39   1.779506    
          40   31.82597    
          41   2.258165    
          42  0.0000000E+00
          43  0.0000000E+00
          44  0.0000000E+00
          45   68.93264    
          46   70.38379    
          47  0.0000000E+00
          48   90.49326    
          49  0.0000000E+00
          50  0.0000000E+00
          51  0.0000000E+00
          52  0.0000000E+00
          53  0.0000000E+00
          54  0.0000000E+00
          55  0.0000000E+00
          56  0.0000000E+00
          57   28.65898    
          58  0.0000000E+00
          59   5.788721    
          60  0.0000000E+00
          61   7.124568    
          62   5.848689    
          63  0.0000000E+00
          64  0.0000000E+00
          65  0.0000000E+00
          66  0.0000000E+00
          67  0.0000000E+00
          68  0.0000000E+00
          69  0.0000000E+00
          70  0.0000000E+00
          71  0.0000000E+00
          72  0.0000000E+00
          73  0.0000000E+00
          74  0.0000000E+00
          75   8.206270    
 
 year:        2001
           1   29.67422    
           2  0.0000000E+00
           3  0.0000000E+00
           4   127.0561    
           5   4.639309    
           6   46.70076    
           7   1.021112    
           8  0.0000000E+00
           9  0.0000000E+00
          10   43.78125    
          11  0.0000000E+00
          12   34.32110    
          13   18.44270    
          14   19.02158    
          15  0.0000000E+00
          16  0.0000000E+00
          17   37.81046    
          18   35.00269    
          19  0.9474272    
          20   12.99373    
          21   65.93082    
          22  0.0000000E+00
          23   18.60186    
          24  0.0000000E+00
          25   64.80058    
          26   37.15621    
          27   49.81915    
          28  0.0000000E+00
          29  0.0000000E+00
          30   112.5122    
          31   14.42135    
          32   43.54225    
          33   12.46239    
          34  0.0000000E+00
          35  0.0000000E+00
          36   53.47822    
          37   26.49009    
          38   1.524353    
          39   4.812546    
          40   71.28605    
          41   5.866935    
          42  0.0000000E+00
          43   23.56652    
          44   30.84067    
          45   130.1160    
          46   54.27792    
          47   1.208818    
          48   95.28684    
          49   31.19514    
          50   16.94353    
          51  0.0000000E+00
          52   42.06545    
          53   22.41455    
          54   13.41104    
          55   23.37400    
          56   17.03152    
          57   65.22844    
          58   6.467533    
          59   55.67328    
          60  0.0000000E+00
          61   50.06925    
          62   7.307330    
          63  0.0000000E+00
          64  0.0000000E+00
          65  0.0000000E+00
          66  0.0000000E+00
          67  0.0000000E+00
          68  0.0000000E+00
          69  0.0000000E+00
          70  0.0000000E+00
          71   9.910174    
          72  0.0000000E+00
          73  0.0000000E+00
          74  0.0000000E+00
          75   12.21013    
 
 year:        2002
           1   7.851609    
           2  0.0000000E+00
           3  0.0000000E+00
           4   33.32594    
           5   3.629779    
           6  0.1166625    
           7   1.317922    
           8  0.0000000E+00
           9   8.621785    
          10   11.76449    
          11  0.0000000E+00
          12   11.84127    
          13   11.52472    
          14   6.253803    
          15  0.0000000E+00
          16  0.0000000E+00
          17  0.0000000E+00
          18  0.0000000E+00
          19  0.0000000E+00
          20  0.0000000E+00
          21   1.673810    
          22  0.0000000E+00
          23  0.0000000E+00
          24  0.0000000E+00
          25   2.621448    
          26  0.0000000E+00
          27  0.0000000E+00
          28  0.0000000E+00
          29  0.0000000E+00
          30   45.41056    
          31   33.37443    
          32  0.0000000E+00
          33  0.0000000E+00
          34  0.0000000E+00
          35  0.0000000E+00
          36  0.0000000E+00
          37  0.0000000E+00
          38  0.0000000E+00
          39   1.309860    
          40  0.0000000E+00
          41   3.206575    
          42  0.0000000E+00
          43  0.0000000E+00
          44  0.0000000E+00
          45  0.0000000E+00
          46   26.40482    
          47  0.0000000E+00
          48   19.53531    
          49  0.0000000E+00
          50  0.0000000E+00
          51  0.0000000E+00
          52  0.0000000E+00
          53  0.0000000E+00
          54  0.0000000E+00
          55  0.0000000E+00
          56  0.0000000E+00
          57   19.58745    
          58   12.62721    
          59   17.52779    
          60  0.0000000E+00
          61   16.58385    
          62   17.07973    
          63  0.0000000E+00
          64  0.0000000E+00
          65  0.0000000E+00
          66   15.75911    
          67  0.0000000E+00
          68  0.0000000E+00
          69  0.0000000E+00
          70  0.0000000E+00
          71   16.94484    
          72  0.0000000E+00
          73  0.0000000E+00
          74  0.0000000E+00
          75   10.08327    
 
 year:        2003
           1   21.15207    
           2  0.0000000E+00
           3  0.0000000E+00
           4   99.57928    
           5   3.362500    
           6   18.69941    
           7   1.276939    
           8  0.0000000E+00
           9   7.313979    
          10   23.07192    
          11  0.0000000E+00
          12   21.34198    
          13   24.34055    
          14   20.38506    
          15  0.0000000E+00
          16  0.0000000E+00
          17  0.0000000E+00
          18  0.0000000E+00
          19  0.0000000E+00
          20   7.372910    
          21  0.0000000E+00
          22  0.0000000E+00
          23   3.518071    
          24  0.0000000E+00
          25   1.493341    
          26   55.98658    
          27  0.0000000E+00
          28  0.0000000E+00
          29  0.0000000E+00
          30   36.98901    
          31   25.25796    
          32  0.0000000E+00
          33  0.0000000E+00
          34  0.0000000E+00
          35  0.0000000E+00
          36  0.0000000E+00
          37  0.0000000E+00
          38  0.0000000E+00
          39   2.388421    
          40   41.13266    
          41   5.707485    
          42  0.0000000E+00
          43   2.861577    
          44  0.0000000E+00
          45   43.64023    
          46   59.70526    
          47  0.0000000E+00
          48   75.14742    
          49  0.0000000E+00
          50   19.60655    
          51  0.0000000E+00
          52  0.0000000E+00
          53  0.0000000E+00
          54  0.0000000E+00
          55  0.0000000E+00
          56  0.0000000E+00
          57   80.65106    
          58   33.16689    
          59   57.81104    
          60  0.0000000E+00
          61   49.67111    
          62   46.13078    
          63   23.60281    
          64  0.0000000E+00
          65  0.0000000E+00
          66  0.0000000E+00
          67   19.39558    
          68   24.88307    
          69  0.0000000E+00
          70  0.0000000E+00
          71  0.0000000E+00
          72  0.0000000E+00
          73  0.0000000E+00
          74  0.0000000E+00
          75   38.55855    
 
 year:        2004
           1   12.09078    
           2  0.0000000E+00
           3  0.0000000E+00
           4   179.5816    
           5   5.743205    
           6   17.64992    
           7  0.6113147    
           8  0.0000000E+00
           9   7.249305    
          10   38.60047    
          11  0.0000000E+00
          12   38.27573    
          13   29.59972    
          14   14.18680    
          15  0.0000000E+00
          16  0.0000000E+00
          17  0.0000000E+00
          18   6.241361    
          19   1.291506    
          20   9.549809    
          21   44.42327    
          22  0.0000000E+00
          23   16.80453    
          24  0.0000000E+00
          25   43.45206    
          26   75.22967    
          27   21.38032    
          28  0.0000000E+00
          29  0.0000000E+00
          30   121.3948    
          31   28.92776    
          32   14.19959    
          33   6.753767    
          34  0.0000000E+00
          35  0.0000000E+00
          36   49.38374    
          37   2.242262    
          38  0.0000000E+00
          39   11.35932    
          40   40.76299    
          41   34.67822    
          42  0.0000000E+00
          43  0.0000000E+00
          44   2.418621    
          45   127.5866    
          46   113.8315    
          47  0.0000000E+00
          48   166.1460    
          49   55.55786    
          50  0.0000000E+00
          51  0.0000000E+00
          52   62.68953    
          53   40.85225    
          54   42.96086    
          55   42.50181    
          56   40.02240    
          57   71.17123    
          58   8.329584    
          59   59.52174    
          60  0.0000000E+00
          61   43.56676    
          62   20.99332    
          63  0.0000000E+00
          64  0.0000000E+00
          65  0.0000000E+00
          66  0.0000000E+00
          67  0.0000000E+00
          68  0.0000000E+00
          69  0.0000000E+00
          70   12.53077    
          71   4.542002    
          72  0.0000000E+00
          73  0.0000000E+00
          74  0.0000000E+00
          75   7.521173    
 
 year:        2005
           1   15.41144    
           2  0.0000000E+00
           3  0.0000000E+00
           4   184.2292    
           5   5.834611    
           6   21.46738    
           7  0.0000000E+00
           8  0.0000000E+00
           9   8.135212    
          10   51.20129    
          11  0.0000000E+00
          12   44.06929    
          13   8.574510    
          14   11.51898    
          15  0.0000000E+00
          16  0.0000000E+00
          17   37.55054    
          18   66.19121    
          19   4.512926    
          20   20.21646    
          21   44.27268    
          22  0.0000000E+00
          23   18.82682    
          24  0.0000000E+00
          25   60.25005    
          26  0.0000000E+00
          27   62.65979    
          28   7.772119    
          29   4.266820    
          30   109.6321    
          31   13.18771    
          32   57.82833    
          33   43.19041    
          34  0.3865534    
          35  0.0000000E+00
          36   157.0258    
          37   25.88095    
          38   3.317611    
          39   9.219734    
          40   78.23879    
          41   20.37277    
          42  0.0000000E+00
          43   3.611402    
          44   36.93110    
          45   178.1679    
          46   107.9751    
          47  0.0000000E+00
          48   157.3231    
          49   108.1802    
          50   5.162349    
          51  0.0000000E+00
          52   114.8384    
          53   91.71359    
          54   71.05125    
          55   85.05294    
          56   78.24554    
          57   85.64671    
          58   22.52186    
          59   97.65874    
          60  0.0000000E+00
          61   69.86017    
          62   74.16371    
          63   51.23171    
          64  0.0000000E+00
          65  0.0000000E+00
          66  0.0000000E+00
          67   32.71448    
          68   28.06431    
          69  0.0000000E+00
          70  0.0000000E+00
          71   3.618845    
          72  0.0000000E+00
          73  0.0000000E+00
          74   9.364531    
          75   6.867857    
 
 year:        2006
           1   9.700974    
           2  0.0000000E+00
           3   2.712082    
           4   90.32217    
           5   2.445632    
           6   14.60384    
           7  0.0000000E+00
           8  0.0000000E+00
           9   6.113676    
          10   180.2533    
          11  0.0000000E+00
          12   181.6386    
          13   26.35751    
          14   14.43472    
          15   11.67909    
          16   60.01475    
          17   21.28000    
          18   24.04815    
          19   1.381139    
          20   5.969068    
          21   187.5222    
          22  0.0000000E+00
          23   26.43903    
          24  0.0000000E+00
          25   107.1879    
          26   54.53148    
          27  0.0000000E+00
          28  0.0000000E+00
          29  0.0000000E+00
          30   105.0546    
          31   28.94414    
          32   12.99802    
          33   151.5303    
          34   60.08063    
          35  0.0000000E+00
          36  0.0000000E+00
          37   73.20121    
          38   36.77039    
          39   70.53750    
          40   49.14503    
          41   150.2723    
          42  0.0000000E+00
          43   114.2876    
          44   75.81461    
          45   160.9954    
          46   81.62625    
          47   80.50364    
          48   154.2008    
          49  0.0000000E+00
          50   67.47078    
          51   49.21659    
          52  0.0000000E+00
          53  0.0000000E+00
          54  0.0000000E+00
          55  0.0000000E+00
          56  0.0000000E+00
          57   73.12171    
          58   34.67089    
          59   56.22990    
          60  0.0000000E+00
          61   63.55096    
          62  0.0000000E+00
          63  0.0000000E+00
          64  0.0000000E+00
          65  0.0000000E+00
          66  0.0000000E+00
          67  0.0000000E+00
          68  0.0000000E+00
          69  0.0000000E+00
          70  0.0000000E+00
          71  0.0000000E+00
          72  0.0000000E+00
          73  0.0000000E+00
          74  0.0000000E+00
          75  0.0000000E+00
 
 year:        2007
           1   18.57328    
           2  0.0000000E+00
           3   5.272061    
           4   69.89179    
           5   1.401090    
           6   19.06211    
           7   67.87617    
           8  0.0000000E+00
           9   8.465033    
          10   45.92384    
          11  0.0000000E+00
          12   128.2119    
          13   9.508874    
          14   17.52612    
          15   159.4483    
          16   177.2712    
          17   166.7922    
          18   104.3209    
          19   4.913620    
          20   13.73118    
          21   53.42083    
          22  0.0000000E+00
          23   36.65599    
          24   110.9174    
          25   18.71901    
          26   13.76460    
          27  0.0000000E+00
          28   212.0347    
          29   218.6219    
          30  0.0000000E+00
          31   19.46965    
          32   229.8082    
          33   284.7547    
          34  8.6646486E-04
          35  0.0000000E+00
          36   36.82751    
          37   171.7729    
          38   139.3352    
          39   75.56712    
          40   68.64487    
          41   86.15166    
          42  0.0000000E+00
          43   91.83343    
          44   150.5252    
          45   141.5875    
          46   42.54037    
          47   57.82705    
          48   81.62418    
          49  0.0000000E+00
          50   25.50275    
          51   18.77313    
          52  0.0000000E+00
          53  0.0000000E+00
          54  0.0000000E+00
          55  0.0000000E+00
          56  0.0000000E+00
          57   6.972923    
          58  2.2281395E-02
          59   1.540716    
          60  0.0000000E+00
          61   6.199157    
          62   9.783395    
          63  0.0000000E+00
          64  0.0000000E+00
          65  0.0000000E+00
          66  0.0000000E+00
          67  0.0000000E+00
          68  0.0000000E+00
          69  0.0000000E+00
          70  0.0000000E+00
          71   12.98715    
          72  0.0000000E+00
          73  0.0000000E+00
          74  0.0000000E+00
          75   6.309115    
 
 year:        2008
           1   14.72756    
           2  0.0000000E+00
           3   21.17636    
           4   124.0215    
           5  0.0000000E+00
           6   13.25087    
           7  0.0000000E+00
           8  0.0000000E+00
           9   5.666519    
          10  0.0000000E+00
          11  0.0000000E+00
          12   101.1829    
          13  0.0000000E+00
          14   12.16264    
          15  0.0000000E+00
          16  0.0000000E+00
          17  0.0000000E+00
          18   84.78951    
          19   5.595289    
          20   12.93219    
          21  0.0000000E+00
          22  0.0000000E+00
          23   36.77523    
          24   119.5673    
          25   38.06485    
          26   2.813296    
          27  0.0000000E+00
          28   186.4330    
          29   197.8934    
          30   47.83727    
          31   26.61866    
          32   160.1449    
          33   254.9896    
          34  0.0000000E+00
          35  0.0000000E+00
          36   79.05648    
          37   103.9083    
          38   147.4498    
          39   110.3936    
          40  0.0000000E+00
          41   104.9926    
          42  0.0000000E+00
          43   173.4035    
          44   149.3934    
          45   187.4063    
          46   54.01760    
          47   113.3529    
          48   144.4286    
          49  0.0000000E+00
          50   68.28029    
          51   68.07565    
          52  0.0000000E+00
          53  0.0000000E+00
          54  0.0000000E+00
          55  0.0000000E+00
          56  0.0000000E+00
          57   42.26189    
          58   26.00855    
          59   36.99525    
          60  0.0000000E+00
          61   51.60198    
          62   77.75973    
          63   52.31799    
          64  0.0000000E+00
          65  0.0000000E+00
          66  0.0000000E+00
          67   33.04191    
          68   51.04088    
          69  0.0000000E+00
          70  0.0000000E+00
          71   12.70012    
          72  0.0000000E+00
          73  0.0000000E+00
          74   9.894381    
          75   24.39151    
 
 year:        2009
           1   19.63111    
           2  0.0000000E+00
           3  2.1345662E-03
           4   75.94693    
           5  0.0000000E+00
           6   26.40478    
           7   20.15331    
           8  0.0000000E+00
           9   5.290475    
          10  0.0000000E+00
          11  0.0000000E+00
          12   101.0911    
          13   18.75322    
          14   13.53583    
          15  0.0000000E+00
          16  0.0000000E+00
          17  0.0000000E+00
          18  3.3457440E-05
          19   2.453449    
          20   7.819563    
          21   75.29849    
          22  0.0000000E+00
          23   19.43237    
          24   68.15494    
          25   37.82627    
          26   18.29244    
          27  0.0000000E+00
          28   113.9430    
          29   140.4851    
          30  0.0000000E+00
          31   19.70961    
          32   29.45002    
          33   61.40299    
          34  0.0000000E+00
          35  0.0000000E+00
          36  0.0000000E+00
          37  0.0000000E+00
          38   93.58180    
          39   32.02383    
          40  0.0000000E+00
          41   41.65062    
          42  0.0000000E+00
          43   78.62818    
          44   60.35270    
          45   61.71519    
          46   39.97638    
          47   39.39454    
          48   51.54399    
          49  0.0000000E+00
          50   15.14134    
          51   7.425854    
          52  0.0000000E+00
          53  0.0000000E+00
          54  0.0000000E+00
          55  0.0000000E+00
          56  0.0000000E+00
          57  1.2162972E-04
          58  1.5913319E-03
          59  0.0000000E+00
          60  0.0000000E+00
          61  0.0000000E+00
          62   15.84913    
          63  0.0000000E+00
          64  0.0000000E+00
          65  0.0000000E+00
          66  0.0000000E+00
          67  0.0000000E+00
          68  0.0000000E+00
          69  0.0000000E+00
          70  0.0000000E+00
          71  0.0000000E+00
          72  0.0000000E+00
          73  0.0000000E+00
          74  0.0000000E+00
          75  0.0000000E+00
 
 year:        2010
           1   3.453156    
           2   29.29835    
           3  0.0000000E+00
           4   78.11121    
           5  0.0000000E+00
           6   14.93079    
           7  0.0000000E+00
           8  0.0000000E+00
           9   7.793150    
          10   37.27935    
          11  0.0000000E+00
          12   94.67773    
          13   18.68198    
          14   19.00856    
          15  0.0000000E+00
          16  0.0000000E+00
          17   77.03555    
          18   13.24942    
          19  0.0000000E+00
          20   7.622060    
          21   73.80783    
          22  0.0000000E+00
          23   11.00073    
          24   28.78141    
          25   37.40043    
          26  0.0000000E+00
          27  0.0000000E+00
          28  0.0000000E+00
          29   74.59957    
          30   31.39479    
          31   19.04827    
          32   80.97844    
          33   79.40899    
          34  0.0000000E+00
          35  0.0000000E+00
          36   29.60568    
          37  0.0000000E+00
          38   56.52693    
          39   54.85487    
          40  0.0000000E+00
          41   70.61220    
          42  0.0000000E+00
          43   117.0400    
          44   54.79026    
          45   103.2783    
          46   74.92804    
          47   61.43986    
          48   78.58708    
          49  0.0000000E+00
          50   61.21150    
          51   39.13758    
          52  0.0000000E+00
          53  0.0000000E+00
          54  0.0000000E+00
          55  0.0000000E+00
          56  0.0000000E+00
          57   33.18332    
          58   18.97273    
          59   31.70424    
          60  0.0000000E+00
          61   24.60567    
          62   44.15945    
          63   7.006271    
          64  0.0000000E+00
          65  0.0000000E+00
          66  0.0000000E+00
          67  0.0000000E+00
          68   10.68618    
          69  0.0000000E+00
          70  0.0000000E+00
          71   18.59757    
          72  0.0000000E+00
          73  0.0000000E+00
          74  0.0000000E+00
          75   23.32414    
 
 year:        2011
           1   28.19530    
           2  0.0000000E+00
           3  0.0000000E+00
           4   153.4609    
           5  0.0000000E+00
           6   19.77317    
           7  0.0000000E+00
           8  0.0000000E+00
           9   16.50748    
          10   40.25491    
          11  0.0000000E+00
          12   86.33344    
          13  7.6531391E-03
          14   15.15449    
          15   12.16358    
          16  0.0000000E+00
          17  0.0000000E+00
          18   32.45864    
          19  0.0000000E+00
          20   10.41992    
          21   72.31785    
          22  0.0000000E+00
          23   11.36466    
          24   25.58689    
          25   37.23207    
          26   22.26327    
          27  0.0000000E+00
          28   28.22149    
          29   81.94379    
          30   46.67728    
          31   20.85278    
          32   67.74376    
          33   56.78894    
          34  0.0000000E+00
          35  0.0000000E+00
          36   10.30564    
          37  0.0000000E+00
          38   32.77087    
          39   50.39335    
          40  0.0000000E+00
          41   26.55075    
          42  0.0000000E+00
          43   14.16162    
          44   29.80489    
          45   26.38620    
          46   87.00764    
          47  0.0000000E+00
          48   58.13955    
          49  0.0000000E+00
          50  5.9429635E-03
          51  3.7333977E-03
          52  0.0000000E+00
          53  0.0000000E+00
          54  0.0000000E+00
          55  0.0000000E+00
          56  0.0000000E+00
          57   1.044604    
          58  0.0000000E+00
          59   1.314283    
          60  0.0000000E+00
          61   1.047565    
          62   68.99912    
          63   33.05691    
          64  0.0000000E+00
          65  0.0000000E+00
          66  0.0000000E+00
          67  0.0000000E+00
          68   15.84127    
          69  0.0000000E+00
          70  0.0000000E+00
          71  0.0000000E+00
          72  0.0000000E+00
          73  0.0000000E+00
          74   10.81070    
          75  0.0000000E+00
 
