 APEX deep percolation (mm) (for each Subarea)
 
 Day:           1
 Recharge (mm), Soil Perc. (mm) for each subarea
          69  0.0000000E+00  0.0000000E+00
          65  0.0000000E+00  0.0000000E+00
          59  0.0000000E+00  0.0000000E+00
          54  0.0000000E+00  0.0000000E+00
          45  0.0000000E+00  0.0000000E+00
          44  0.0000000E+00  0.0000000E+00
          52  0.0000000E+00  0.0000000E+00
          53  0.0000000E+00  0.0000000E+00
          49  0.0000000E+00  0.0000000E+00
          56  0.0000000E+00  0.0000000E+00
          40  0.0000000E+00  0.0000000E+00
          37  0.0000000E+00  0.0000000E+00
          43  0.0000000E+00  0.0000000E+00
          34  0.0000000E+00  0.0000000E+00
          27  0.0000000E+00  0.0000000E+00
          20  0.0000000E+00  0.0000000E+00
          14  0.0000000E+00  0.0000000E+00
           6  0.0000000E+00  0.0000000E+00
           1  0.0000000E+00  0.0000000E+00
           9  0.0000000E+00  0.0000000E+00
           3  0.0000000E+00  0.0000000E+00
           4  0.0000000E+00  0.0000000E+00
           8  0.0000000E+00  0.0000000E+00
          11  0.0000000E+00  0.0000000E+00
           5  0.0000000E+00  0.0000000E+00
           2  0.0000000E+00  0.0000000E+00
           7  0.0000000E+00  0.0000000E+00
          10  0.0000000E+00  0.0000000E+00
          12  0.0000000E+00  0.0000000E+00
          13  0.0000000E+00  0.0000000E+00
          19  0.0000000E+00  0.0000000E+00
          23  0.0000000E+00  0.0000000E+00
          18  0.0000000E+00  0.0000000E+00
          17  0.0000000E+00  0.0000000E+00
          21  0.0000000E+00  0.0000000E+00
          22  0.0000000E+00  0.0000000E+00
          25  0.0000000E+00  0.0000000E+00
          31  0.0000000E+00  0.0000000E+00
          30  0.0000000E+00  0.0000000E+00
          33  0.0000000E+00  0.0000000E+00
          36  0.0000000E+00  0.0000000E+00
          26  0.0000000E+00  0.0000000E+00
          16  0.0000000E+00  0.0000000E+00
          15  0.0000000E+00  0.0000000E+00
          24  0.0000000E+00  0.0000000E+00
          29  0.0000000E+00  0.0000000E+00
          28  0.0000000E+00  0.0000000E+00
          32  0.0000000E+00  0.0000000E+00
          35  0.0000000E+00  0.0000000E+00
          39  0.0000000E+00  0.0000000E+00
          38  0.0000000E+00  0.0000000E+00
          41  0.0000000E+00  0.0000000E+00
          42  0.0000000E+00  0.0000000E+00
          46  0.0000000E+00  0.0000000E+00
          48  0.0000000E+00  0.0000000E+00
          47  0.0000000E+00  0.0000000E+00
          51  0.0000000E+00  0.0000000E+00
          50  0.0000000E+00  0.0000000E+00
          55  0.0000000E+00  0.0000000E+00
          57  0.0000000E+00  0.0000000E+00
          58  0.0000000E+00  0.0000000E+00
          64  0.0000000E+00  0.0000000E+00
          63  0.0000000E+00  0.0000000E+00
          61  0.0000000E+00  0.0000000E+00
          60  0.0000000E+00  0.0000000E+00
          62  0.0000000E+00  0.0000000E+00
          67  0.0000000E+00  0.0000000E+00
          66  0.0000000E+00  0.0000000E+00
          68  0.0000000E+00  0.0000000E+00
          71  0.0000000E+00  0.0000000E+00
          70  0.0000000E+00  0.0000000E+00
          72  0.0000000E+00  0.0000000E+00
          74  0.0000000E+00  0.0000000E+00
          73  0.0000000E+00  0.0000000E+00
          75  0.0000000E+00  0.0000000E+00
 
 
 Day:         100
 Recharge (mm), Soil Perc. (mm) for each subarea
          69  0.0000000E+00  0.0000000E+00
          65  0.0000000E+00  0.0000000E+00
          59  0.0000000E+00  0.0000000E+00
          54  0.0000000E+00  0.0000000E+00
          45  0.0000000E+00  0.0000000E+00
          44  0.7360540      0.3021866    
          52  0.0000000E+00  0.0000000E+00
          53  0.0000000E+00  0.0000000E+00
          49  0.0000000E+00  0.0000000E+00
          56  0.0000000E+00  0.0000000E+00
          40  0.0000000E+00  0.0000000E+00
          37  0.0000000E+00  0.0000000E+00
          43  0.0000000E+00  0.0000000E+00
          34  0.0000000E+00  0.0000000E+00
          27  0.0000000E+00  0.0000000E+00
          20  0.0000000E+00  0.0000000E+00
          14  0.0000000E+00  0.0000000E+00
           6  0.0000000E+00  0.0000000E+00
           1  0.0000000E+00  0.0000000E+00
           9  0.0000000E+00  0.0000000E+00
           3  0.0000000E+00  0.0000000E+00
           4  0.0000000E+00  0.0000000E+00
           8  0.0000000E+00  0.0000000E+00
          11  0.0000000E+00  0.0000000E+00
           5  0.0000000E+00  0.0000000E+00
           2  0.0000000E+00  0.0000000E+00
           7  0.0000000E+00  0.0000000E+00
          10  0.0000000E+00  0.0000000E+00
          12  0.0000000E+00  0.0000000E+00
          13  0.0000000E+00  0.0000000E+00
          19  0.0000000E+00  0.0000000E+00
          23  5.6829080E-02  7.8175142E-03
          18  0.0000000E+00  0.0000000E+00
          17  0.0000000E+00  0.0000000E+00
          21   1.865047       1.758186    
          22  7.1435876E-02  8.4654492E-04
          25   1.585716       1.708960    
          31  0.0000000E+00  0.0000000E+00
          30   2.917429       2.075507    
          33  0.0000000E+00  0.0000000E+00
          36  0.0000000E+00  0.0000000E+00
          26  0.0000000E+00  0.0000000E+00
          16  0.0000000E+00  0.0000000E+00
          15  0.0000000E+00  0.0000000E+00
          24  0.0000000E+00  0.0000000E+00
          29  0.0000000E+00  0.0000000E+00
          28  0.0000000E+00  0.0000000E+00
          32  0.0000000E+00  0.0000000E+00
          35  0.0000000E+00  0.0000000E+00
          39  0.2392743      0.5854673    
          38  0.0000000E+00  0.0000000E+00
          41  0.0000000E+00  0.0000000E+00
          42  0.0000000E+00  0.0000000E+00
          46  0.4314069      0.9538113    
          48  0.0000000E+00  0.0000000E+00
          47  0.0000000E+00  0.0000000E+00
          51  0.0000000E+00  0.0000000E+00
          50  0.0000000E+00  0.0000000E+00
          55  0.0000000E+00  0.0000000E+00
          57  0.0000000E+00  0.0000000E+00
          58  0.0000000E+00  0.0000000E+00
          64  0.0000000E+00  0.0000000E+00
          63  0.0000000E+00  0.0000000E+00
          61  0.0000000E+00  0.0000000E+00
          60  0.0000000E+00  0.0000000E+00
          62  0.0000000E+00  0.0000000E+00
          67  0.0000000E+00  0.0000000E+00
          66  2.4148324E-03  0.0000000E+00
          68  0.0000000E+00  0.0000000E+00
          71  0.0000000E+00  0.0000000E+00
          70  0.0000000E+00  0.0000000E+00
          72  0.0000000E+00  0.0000000E+00
          74  0.0000000E+00  0.0000000E+00
          73  0.0000000E+00  0.0000000E+00
          75  0.0000000E+00  0.0000000E+00
 
