 Annual Total GW/SW Rates for apex subareas (m3)
 Positive values: GW --> SW
 Negative values: SW --> GW
 
 year:        1987
           1  -3941.904    
           2  -11662.63    
           3  0.0000000E+00
           4  -61808.16    
           5  -16637.39    
           6  -2486.044    
           7  -833245.6    
           8  -108382.3    
           9  -794904.8    
          10  -180185.0    
          11  -191605.1    
          12  -347454.2    
          13  -4017254.    
          14  -295955.3    
          15  -32879.52    
          16  -26088.02    
          17  -10360.85    
          18  -27799.30    
          19 -1.0616934E+07
          20  -401638.4    
          21  -270136.2    
          22   5957.095    
          23  -2036825.    
          24  -6771460.    
          25   1907003.    
          26  -163733.4    
          27   672583.2    
          28  -249126.3    
          29  -3688772.    
          30  -405339.1    
          31  -1042448.    
          32  -6461722.    
          33  -1838371.    
          34  -605940.9    
          35  -2258042.    
          36  -1241769.    
          37  -14075.30    
          38  -36827.98    
          39  -7173050.    
          40  -94.82925    
          41  -156653.3    
          42  -143589.5    
          43  -861675.9    
          44   2427281.    
          45  -24501.22    
          46  -3484771.    
          47  -573450.5    
          48  -7552970.    
          49  -106834.4    
          50  -232916.2    
          51  -8696370.    
          52  -3293080.    
          53  -394038.3    
          54  -58505.41    
          55  -6235188.    
          56  -4739506.    
          57  -662178.3    
          58  -1777650.    
          59  -385537.8    
          60  -886.5225    
          61  -445.9922    
          62  -200906.2    
          63  -127079.3    
          64  -2113035.    
          65  -176499.2    
          66  -3822.422    
          67  -972530.2    
          68  -303743.5    
          69  -1375.443    
          70  -49924.49    
          71  -1051072.    
          72  -424322.1    
          73  -35997.45    
          74  -1282917.    
          75  -6113160.    
 
 year:        1988
           1  -4433.969    
           2  -12325.62    
           3  0.0000000E+00
           4  -110926.9    
           5  -17583.19    
           6  -2796.372    
           7  -726460.1    
           8  -139776.3    
           9  -936727.3    
          10   55805.95    
          11   59342.93    
          12   215798.4    
          13   2758525.    
          14   1150.752    
          15  -39214.32    
          16  -31114.29    
          17   195359.6    
          18   635383.2    
          19  -475322.3    
          20   16345.97    
          21   1618451.    
          22   203255.3    
          23   1519307.    
          24  -4655464.    
          25   2432174.    
          26  -121419.1    
          27   695424.9    
          28   42561.44    
          29   198316.7    
          30   858095.1    
          31   944118.9    
          32   1186973.    
          33   1293864.    
          34   180173.5    
          35  -271576.2    
          36   155322.3    
          37  -16435.64    
          38   317820.9    
          39   2511440.    
          40  -110.7314    
          41   180685.2    
          42   330642.3    
          43  -827857.9    
          44   7374529.    
          45  -18085.57    
          46   603942.8    
          47  -66513.20    
          48   883126.7    
          49  -122875.9    
          50   56660.07    
          51   1176188.    
          52   1500427.    
          53  -248206.0    
          54   186906.1    
          55   509612.6    
          56   374544.1    
          57  -10921.12    
          58   298720.2    
          59   109939.9    
          60  -1218.321    
          61  -612.9116    
          62  -106908.0    
          63   56078.72    
          64   510470.0    
          65   10537.62    
          66   19194.03    
          67   649530.3    
          68   223437.2    
          69   210822.3    
          70   23242.71    
          71   924485.9    
          72   157155.5    
          73   6843.527    
          74   362700.5    
          75  -2895626.    
 
 year:        1989
           1  -5410.452    
           2  -13493.29    
           3   37066.48    
           4  -50875.40    
           5  -19249.00    
           6  -3412.209    
           7   174035.3    
           8  -104451.1    
           9  -1050151.    
          10   55390.34    
          11   58901.14    
          12   98623.40    
          13   1596620.    
          14   11833.84    
          15  -24280.26    
          16  -19265.02    
          17   1183339.    
          18   2016990.    
          19   93305.31    
          20   65551.17    
          21   1230935.    
          22   165482.5    
          23   1282026.    
          24   663886.2    
          25   2403472.    
          26  -67447.05    
          27   650196.6    
          28   99168.31    
          29   1100751.    
          30   2300339.    
          31   1029041.    
          32   1463552.    
          33   630304.6    
          34   54771.76    
          35  -117027.2    
          36   39869.38    
          37  -16192.91    
          38   255482.0    
          39   2010838.    
          40  -109.0953    
          41   165665.0    
          42   349232.5    
          43   227771.8    
          44   8023050.    
          45   28171.48    
          46   555388.9    
          47  -39931.18    
          48   1120019.    
          49  -40011.04    
          50   50500.62    
          51   1485285.    
          52   2344799.    
          53   65110.18    
          54   899350.8    
          55   559105.1    
          56   1727848.    
          57  -30805.93    
          58   436720.4    
          59   99145.96    
          60  -1008.708    
          61  -507.4606    
          62  -95317.81    
          63   34675.89    
          64   431385.9    
          65   713.6353    
          66   19017.92    
          67   244704.4    
          68   57333.67    
          69   227277.8    
          70   3787.901    
          71   279195.6    
          72   17074.67    
          73   848.0422    
          74   58749.44    
          75  -2999654.    
 
 year:        1990
           1  -4361.550    
           2  -11820.68    
           3   35728.27    
           4   66520.96    
           5  -16862.95    
           6  -2750.703    
           7   329239.2    
           8   11906.34    
           9  -419865.3    
          10   75122.32    
          11   79883.59    
          12   92539.67    
          13   1104313.    
          14  -7301.098    
          15  -23960.06    
          16  -19010.93    
          17   2013192.    
          18   3189269.    
          19   82392.58    
          20   66404.44    
          21   1033592.    
          22   143015.0    
          23   1175178.    
          24   923689.9    
          25   2537385.    
          26   1057465.    
          27   578467.1    
          28   97076.43    
          29   995888.2    
          30   3914591.    
          31   1199553.    
          32   1583428.    
          33   1122392.    
          34   132864.6    
          35   75680.78    
          36   98345.95    
          37  -15672.26    
          38   315864.9    
          39   2495387.    
          40  -105.5880    
          41   205744.1    
          42   376542.8    
          43   400841.6    
          44  1.0490473E+07
          45   34495.87    
          46   1235663.    
          47  -128481.8    
          48   1227923.    
          49   13570.08    
          50   48613.92    
          51   1515886.    
          52   2260053.    
          53   112692.2    
          54   1092748.    
          55   558145.4    
          56   1512619.    
          57  -33301.39    
          58   433620.3    
          59   182978.8    
          60  -687.4802    
          61  -345.8571    
          62  -53307.90    
          63   33424.49    
          64   360766.8    
          65   43220.54    
          66   69600.79    
          67   223951.9    
          68   48134.78    
          69   157977.0    
          70   6112.466    
          71   196171.5    
          72   52350.14    
          73   1953.227    
          74   124540.8    
          75  -3598350.    
 
 year:        1991
           1  -5166.657    
           2  -13003.30    
           3   36521.47    
           4   128572.1    
           5  -18550.02    
           6  -3258.465    
           7   131401.8    
           8   47096.94    
           9  -86427.40    
          10   47811.65    
          11   50842.00    
          12   122589.4    
          13   1334436.    
          14  -1749.545    
          15  -18754.35    
          16  -14880.50    
          17   2423382.    
          18   2272032.    
          19   144787.4    
          20   65386.49    
          21   870301.2    
          22   128022.9    
          23   1011995.    
          24   1068039.    
          25   2921666.    
          26   2008990.    
          27   549737.1    
          28   91460.20    
          29   949505.3    
          30   3457163.    
          31   1113171.    
          32   1517880.    
          33   574109.6    
          34   178216.1    
          35   68725.04    
          36   128691.0    
          37  -12555.92    
          38   678203.6    
          39   1901896.    
          40  -84.59226    
          41   198126.8    
          42   368202.6    
          43   449749.8    
          44   8623325.    
          45   39044.77    
          46   1000666.    
          47  -116921.6    
          48   1765878.    
          49   16740.59    
          50   51381.49    
          51   1594442.    
          52   2561692.    
          53   117636.3    
          54   1113848.    
          55   539308.9    
          56   1512131.    
          57  -33905.86    
          58   433535.5    
          59   256161.3    
          60  -1224.937    
          61  -616.2416    
          62  -118082.0    
          63   35025.98    
          64   305190.4    
          65   62953.38    
          66   88117.32    
          67   204932.9    
          68   70024.19    
          69   279897.7    
          70   17262.76    
          71   681452.9    
          72   106614.0    
          73   2762.648    
          74   177774.5    
          75  -3604528.    
 
 year:        1992
           1   19377.45    
           2  -13698.19    
           3   37227.75    
           4   80220.73    
           5   24551.61    
           6  -2659.652    
           7   118081.7    
           8   41694.47    
           9   152717.7    
          10   47635.16    
          11   50654.34    
          12   122262.7    
          13   1181299.    
          14  -7836.661    
          15  -17732.70    
          16  -14069.88    
          17   2228285.    
          18   2009285.    
          19   167343.2    
          20   66158.87    
          21   1123972.    
          22   133232.9    
          23   938069.6    
          24   684075.6    
          25   2721000.    
          26   2481139.    
          27   509335.0    
          28   90336.95    
          29   781801.4    
          30   1981206.    
          31   984850.5    
          32   1551120.    
          33   576648.4    
          34   168209.4    
          35   76310.05    
          36   74391.19    
          37  -14876.55    
          38   787284.6    
          39   1843926.    
          40  -100.2269    
          41   225026.5    
          42   394593.3    
          43   597596.8    
          44   9983152.    
          45   198575.6    
          46   1312213.    
          47  -84056.45    
          48   2362775.    
          49   69421.16    
          50   72281.07    
          51   2223628.    
          52   4680873.    
          53   294536.8    
          54   1902468.    
          55   1783286.    
          56   2754667.    
          57   8825.313    
          58   451160.9    
          59   263796.2    
          60  -1767.526    
          61  -889.2072    
          62  -69021.58    
          63   50278.35    
          64   284461.7    
          65   65920.97    
          66   126632.3    
          67   274292.2    
          68   167849.9    
          69   546163.5    
          70   87489.43    
          71   1238602.    
          72   70689.93    
          73   6507.544    
          74   367713.4    
          75  -3359284.    
 
 year:        1993
           1   189164.9    
           2  -13344.33    
           3   53079.00    
           4   98275.74    
           5   129902.6    
           6  -2140.828    
           7   109722.3    
           8   45741.19    
           9   176810.0    
          10   47740.28    
          11   50766.11    
          12   124690.4    
          13   1148577.    
          14   52204.22    
          15   114546.6    
          16   170809.0    
          17   2900689.    
          18   2763290.    
          19   221548.7    
          20   77825.98    
          21   1001882.    
          22   128272.9    
          23   1049289.    
          24   1268685.    
          25   2818539.    
          26   1699292.    
          27   493994.4    
          28   88293.05    
          29   658093.3    
          30   2835573.    
          31   1262080.    
          32   1457754.    
          33   773128.0    
          34   200771.6    
          35   228675.6    
          36   183134.5    
          37  -12802.34    
          38   801057.0    
          39   2135274.    
          40  -86.25287    
          41   296573.2    
          42   451752.8    
          43   1114382.    
          44  1.4008191E+07
          45   360107.3    
          46   2016492.    
          47  -15159.36    
          48   3655590.    
          49   134450.6    
          50   95419.07    
          51   2843382.    
          52   7033321.    
          53   509778.6    
          54   3111643.    
          55   2995390.    
          56   4440076.    
          57   71574.97    
          58   479580.6    
          59   264548.3    
          60  -1607.770    
          61  -808.8376    
          62   81850.61    
          63   59108.93    
          64   279045.6    
          65   66263.50    
          66   123655.0    
          67   373448.5    
          68   229445.5    
          69   726331.1    
          70   390854.2    
          71   1664390.    
          72   162630.0    
          73   9127.944    
          74   558434.1    
          75  -3232584.    
 
 year:        1994
           1   393895.8    
           2  -14223.82    
           3   66710.27    
           4   49919.15    
           5   222325.8    
           6  -2094.869    
           7   112372.5    
           8   37732.57    
           9   132471.4    
          10   56883.30    
          11   60488.61    
          12   120355.8    
          13   1115392.    
          14   380415.7    
          15   161125.8    
          16   190927.1    
          17   2377458.    
          18   2058280.    
          19   225430.6    
          20   74864.77    
          21   964089.4    
          22   122902.9    
          23   901451.9    
          24   780933.1    
          25   2558391.    
          26   1306195.    
          27   468334.2    
          28   103493.2    
          29   663464.1    
          30   2129474.    
          31   1158689.    
          32   1388279.    
          33   451964.2    
          34   161798.1    
          35   70328.99    
          36   42956.04    
          37   4551.776    
          38   745681.1    
          39   1458864.    
          40   30.66636    
          41   191910.1    
          42   387589.8    
          43   363497.8    
          44  1.0352714E+07
          45   189743.3    
          46   1326134.    
          47  -89887.49    
          48   2466056.    
          49   111894.0    
          50   57240.49    
          51   2028787.    
          52   4293064.    
          53   263540.7    
          54   1777970.    
          55   1205091.    
          56   2486367.    
          57   15367.70    
          58   470486.8    
          59   263328.1    
          60  -1073.217    
          61  -539.9125    
          62  -20160.14    
          63   36555.22    
          64   256393.7    
          65   71297.73    
          66   102611.0    
          67   243354.0    
          68   86830.17    
          69   407902.1    
          70   136704.1    
          71   649038.2    
          72   111496.7    
          73   2612.031    
          74   194530.1    
          75  -3300376.    
 
 year:        1995
           1   766452.7    
           2   28190.59    
           3   73305.70    
           4   125226.7    
           5   249234.5    
           6   21157.25    
           7   149605.1    
           8   50877.11    
           9   264218.6    
          10   55999.80    
          11   59549.04    
          12   114918.8    
          13   1119472.    
          14   708588.6    
          15   278149.5    
          16   308068.2    
          17   3191262.    
          18   3131160.    
          19   324979.8    
          20   109950.6    
          21   933198.1    
          22   121772.7    
          23   979209.4    
          24   1094437.    
          25   2695610.    
          26   1839552.    
          27   460564.0    
          28   238824.0    
          29   1354372.    
          30   2358511.    
          31   1228385.    
          32   2552707.    
          33   685867.1    
          34   206140.1    
          35   261064.0    
          36   197514.0    
          37   94026.23    
          38   1369183.    
          39   2172476.    
          40   633.4781    
          41   240766.7    
          42   417098.8    
          43   753199.2    
          44  1.0849998E+07
          45   387756.8    
          46   1727781.    
          47  -7079.216    
          48   3529268.    
          49   417500.7    
          50   85781.19    
          51   2643560.    
          52   7472498.    
          53   543551.4    
          54   3336942.    
          55   3075095.    
          56   4894777.    
          57   81940.10    
          58   504824.8    
          59   261565.0    
          60  -1281.176    
          61   263645.2    
          62   187892.4    
          63   79504.66    
          64   243807.7    
          65   117355.5    
          66   97391.57    
          67   679067.9    
          68   266386.0    
          69   652560.4    
          70   123681.9    
          71   1095914.    
          72   80465.22    
          73   4558.827    
          74   152385.9    
          75  -3140106.    
 
 year:        1996
           1   986381.7    
           2   39476.30    
           3   72950.52    
           4   56336.86    
           5   247611.6    
           6   162438.8    
           7   122414.6    
           8   38408.96    
           9   179559.9    
          10   55105.29    
          11   58597.95    
          12   93923.99    
          13   1022936.    
          14   908580.9    
          15   254747.1    
          16   272439.7    
          17   2229821.    
          18   2042696.    
          19   243553.7    
          20   163681.5    
          21   583976.0    
          22   104932.7    
          23   739990.6    
          24   834940.0    
          25   2327697.    
          26   1512976.    
          27   422074.7    
          28   170734.0    
          29   979451.0    
          30   2346470.    
          31   1298866.    
          32   1623044.    
          33   453632.5    
          34   167847.2    
          35   87813.15    
          36   51909.79    
          37   30004.21    
          38   1025036.    
          39   1497863.    
          40   202.1457    
          41   172321.4    
          42   379421.7    
          43   302212.5    
          44   7450610.    
          45   197081.3    
          46   1069311.    
          47   69032.62    
          48   2724559.    
          49   203147.9    
          50   61117.70    
          51   2130627.    
          52   4070901.    
          53   308076.1    
          54   1945792.    
          55   1201940.    
          56   2792564.    
          57   44012.01    
          58   521816.5    
          59   261793.1    
          60   7360.166    
          61   243887.2    
          62   19657.63    
          63   41385.26    
          64   245814.9    
          65   90953.84    
          66   86902.44    
          67   284912.9    
          68   83073.23    
          69   330300.2    
          70   67509.69    
          71   442450.4    
          72   71476.82    
          73   3711.750    
          74   147903.8    
          75  -3319989.    
 
 year:        1997
           1   1439885.    
           2   61313.18    
           3   78702.66    
           4   119980.1    
           5   242964.8    
           6   324847.7    
           7   114605.5    
           8   51107.71    
           9   296436.1    
          10   53794.83    
          11   57204.41    
          12   99082.08    
          13   1077241.    
          14   970791.2    
          15   316397.2    
          16   494082.1    
          17   3025150.    
          18   3306090.    
          19   325768.7    
          20   198685.5    
          21   1256180.    
          22   135827.4    
          23   933608.2    
          24   841156.2    
          25   3165194.    
          26   1623147.    
          27   639282.9    
          28   205748.7    
          29   1235154.    
          30   2244636.    
          31   1239422.    
          32   2358402.    
          33   658965.2    
          34   226958.0    
          35   246148.7    
          36   199795.3    
          37   114715.6    
          38   1384531.    
          39   2001154.    
          40   772.8658    
          41   229849.6    
          42   412687.4    
          43   739369.8    
          44  1.0374166E+07
          45   468937.4    
          46   1585082.    
          47   212656.6    
          48   4110642.    
          49   565966.8    
          50   97226.72    
          51   2836835.    
          52   8713919.    
          53   777788.1    
          54   4173420.    
          55   4089922.    
          56   6381020.    
          57   116411.9    
          58   551255.6    
          59   263896.0    
          60   24235.24    
          61   596870.0    
          62   217846.5    
          63   44797.05    
          64   229935.3    
          65   79966.59    
          66   85216.12    
          67   274020.5    
          68   72760.59    
          69   235718.8    
          70   50816.03    
          71   342200.1    
          72   62809.39    
          73   4805.998    
          74   143430.0    
          75  -3850237.    
 
 year:        1998
           1   1516760.    
           2   69010.87    
           3   90062.76    
           4   64226.30    
           5   240019.2    
           6   310279.3    
           7   99396.80    
           8   36131.82    
           9   253708.2    
          10   44839.69    
          11   47681.66    
          12   77694.59    
          13   1042018.    
          14   814593.1    
          15   289775.9    
          16   409866.1    
          17   2232764.    
          18   2265975.    
          19   304624.9    
          20   204558.2    
          21   863137.2    
          22   114996.2    
          23   768358.9    
          24   818850.3    
          25   2352564.    
          26   1501448.    
          27   451989.9    
          28   173676.0    
          29   1005243.    
          30   2275565.    
          31   1271830.    
          32   1594801.    
          33   465219.1    
          34   198113.7    
          35   131127.5    
          36   92164.85    
          37   60341.69    
          38   1086912.    
          39   1860423.    
          40   11262.11    
          41   217918.9    
          42   402712.4    
          43   479017.2    
          44   7182649.    
          45   370110.6    
          46   1840691.    
          47   190298.8    
          48   3939697.    
          49   259692.5    
          50   79732.91    
          51   2547517.    
          52   4901660.    
          53   382317.0    
          54   2343368.    
          55   1702647.    
          56   3151836.    
          57   69380.49    
          58   527981.3    
          59   263980.0    
          60   27468.30    
          61   537165.5    
          62   264032.5    
          63   51315.99    
          64   208926.4    
          65   75276.22    
          66   84230.59    
          67   315999.3    
          68   140449.9    
          69   264783.8    
          70   49993.41    
          71   644004.1    
          72   55529.02    
          73   5250.775    
          74   133599.3    
          75  -2661408.    
 
 year:        1999
           1   1945669.    
           2   67120.94    
           3   101650.8    
           4   142049.2    
           5   249049.4    
           6   396055.9    
           7   98047.46    
           8   46779.27    
           9   377729.8    
          10   49683.91    
          11   52832.94    
          12   82696.27    
          13   1099259.    
          14   856437.1    
          15   442677.2    
          16   597225.1    
          17   2743896.    
          18   2790479.    
          19   301473.0    
          20   240681.2    
          21   685275.1    
          22   111168.5    
          23   870834.3    
          24   835662.6    
          25   2599761.    
          26   1986309.    
          27   442305.5    
          28   186138.9    
          29   945254.4    
          30   2511344.    
          31   1214557.    
          32   1950427.    
          33   542964.1    
          34   222571.8    
          35   183593.3    
          36   196102.4    
          37   65561.72    
          38   1032089.    
          39   1478735.    
          40   54190.97    
          41   190060.5    
          42   384974.4    
          43   330327.4    
          44   7284640.    
          45   404439.4    
          46   1677686.    
          47   152890.8    
          48   3138967.    
          49   428597.3    
          50   76259.73    
          51   2344404.    
          52   6637356.    
          53   596503.8    
          54   3189872.    
          55   3126270.    
          56   4542898.    
          57   49187.39    
          58   522156.7    
          59   263698.2    
          60   17970.03    
          61   299465.6    
          62   72470.05    
          63   42264.74    
          64   218628.9    
          65   78198.46    
          66   87177.84    
          67   297526.7    
          68   108220.2    
          69   303484.6    
          70   49802.48    
          71   476783.0    
          72   54746.94    
          73   4068.027    
          74   131569.3    
          75  -3502326.    
 
 year:        2000
           1   1819292.    
           2   65430.72    
           3   114340.2    
           4   83715.29    
           5   259880.2    
           6   379590.2    
           7   89508.88    
           8   35714.57    
           9   302271.3    
          10   42154.28    
          11   44826.04    
          12   64779.45    
          13   1104064.    
          14   718027.3    
          15   355832.4    
          16   476137.7    
          17   2008805.    
          18   1875970.    
          19   298004.2    
          20   244591.7    
          21   416597.2    
          22   95216.95    
          23   683569.9    
          24   793290.3    
          25   2120390.    
          26   1328542.    
          27   398881.4    
          28   186699.7    
          29   884021.7    
          30   1864726.    
          31   1317203.    
          32   1608735.    
          33   490766.0    
          34   206421.2    
          35   154468.2    
          36   129552.6    
          37   48885.13    
          38   1016007.    
          39   1398021.    
          40   76941.70    
          41   171768.6    
          42   374480.0    
          43   242699.9    
          44   6325806.    
          45   339676.5    
          46   1445213.    
          47   180378.2    
          48   3345346.    
          49   261244.9    
          50   72179.48    
          51   2318423.    
          52   4397682.    
          53   391603.0    
          54   2292226.    
          55   1609850.    
          56   3065769.    
          57   51074.47    
          58   522703.9    
          59   280233.7    
          60   39185.45    
          61   317260.9    
          62   82403.82    
          63   38016.08    
          64   222074.8    
          65   66914.70    
          66   83697.95    
          67   266204.2    
          68   71092.91    
          69   190064.8    
          70   38790.61    
          71   305117.9    
          72   51390.96    
          73   4402.093    
          74   131491.3    
          75  -2799476.    
 
 year:        2001
           1   1959064.    
           2   63401.40    
           3   130107.8    
           4   94719.52    
           5   256942.3    
           6   566051.6    
           7   91394.53    
           8   28827.03    
           9   236151.7    
          10   49214.88    
          11   52334.16    
          12   75200.12    
          13   1123469.    
          14   808492.5    
          15   345159.2    
          16   469418.2    
          17   2646132.    
          18   2459341.    
          19   284391.8    
          20   280823.7    
          21   877027.1    
          22   117928.6    
          23   848475.4    
          24   822762.1    
          25   2939544.    
          26   1550937.    
          27   663837.4    
          28   217858.5    
          29   844692.7    
          30   2931458.    
          31   1284902.    
          32   1837207.    
          33   533245.8    
          34   210398.1    
          35   169162.5    
          36   138192.8    
          37   227744.1    
          38   1038732.    
          39   1379358.    
          40   122406.7    
          41   168374.9    
          42   369274.6    
          43   309761.2    
          44   7831792.    
          45   536359.6    
          46   1394388.    
          47   209512.9    
          48   3461641.    
          49   285315.7    
          50   76560.15    
          51   2306360.    
          52   4742577.    
          53   407353.4    
          54   2312879.    
          55   1879119.    
          56   3022682.    
          57   86222.18    
          58   586612.2    
          59   426516.1    
          60   52681.77    
          61   538348.2    
          62   86225.39    
          63   36328.15    
          64   215038.0    
          65   60152.38    
          66   83337.38    
          67   246070.5    
          68   79937.12    
          69   199460.5    
          70   40237.02    
          71   454477.3    
          72   46714.78    
          73   4514.410    
          74   123872.5    
          75  -3176009.    
 
 year:        2002
           1   1623844.    
           2   61669.98    
           3   135231.5    
           4   49245.19    
           5   259468.5    
           6   456764.6    
           7   76118.48    
           8   34172.48    
           9   291639.9    
          10   41740.21    
          11   44385.79    
          12   57774.41    
          13   1050225.    
          14   732380.6    
          15   341158.4    
          16   456822.4    
          17   1891623.    
          18   1693909.    
          19   242760.3    
          20   279486.4    
          21   414423.3    
          22   93062.52    
          23   607184.0    
          24   786425.2    
          25   2126038.    
          26   1079968.    
          27   441534.9    
          28   206748.2    
          29   769780.9    
          30   1856061.    
          31   1254510.    
          32   1404933.    
          33   418153.4    
          34   193919.5    
          35   114606.4    
          36   63740.65    
          37   162351.8    
          38   1014494.    
          39   1318665.    
          40   50627.54    
          41   144349.0    
          42   349449.8    
          43   152321.3    
          44   6036036.    
          45   300992.2    
          46   916225.4    
          47   207522.8    
          48   2739175.    
          49   229912.9    
          50   74859.44    
          51   2286397.    
          52   4003218.    
          53   347237.8    
          54   2027258.    
          55   1498332.    
          56   2672960.    
          57   55980.18    
          58   593403.8    
          59   350897.8    
          60   46015.87    
          61   375849.4    
          62   128618.8    
          63   37266.66    
          64   212358.8    
          65   55309.61    
          66   81938.22    
          67   245231.5    
          68   86445.38    
          69   201924.8    
          70   41142.64    
          71   546786.9    
          72   45575.88    
          73   4359.929    
          74   122933.0    
          75  -2029154.    
 
 year:        2003
           1   1744905.    
           2   60502.43    
           3   133754.8    
           4   82229.97    
           5   267400.8    
           6   502186.1    
           7   75989.87    
           8   30261.44    
           9   280457.5    
          10   43856.40    
          11   46636.10    
          12   62514.11    
          13   1167205.    
          14   802245.2    
          15   338906.5    
          16   437318.8    
          17   1684915.    
          18   1476833.    
          19   222579.4    
          20   306451.3    
          21   317598.8    
          22   88636.38    
          23   567380.2    
          24   800753.2    
          25   1956927.    
          26   1593709.    
          27   409546.7    
          28   204059.0    
          29   674019.8    
          30   1731119.    
          31   1264323.    
          32   1313428.    
          33   403087.0    
          34   201317.1    
          35   118799.1    
          36   61031.44    
          37   156942.7    
          38   986749.5    
          39   1264726.    
          40   92935.16    
          41   145461.6    
          42   350194.8    
          43   131877.3    
          44   5628842.    
          45   313506.8    
          46   1116440.    
          47   219862.5    
          48   2996119.    
          49   212375.4    
          50   78731.25    
          51   2287063.    
          52   3701837.    
          53   318539.8    
          54   1909307.    
          55   1477190.    
          56   2467130.    
          57   110497.8    
          58   724433.7    
          59   478230.0    
          60   65775.47    
          61   560790.8    
          62   277095.8    
          63   55461.83    
          64   212209.5    
          65   77312.82    
          66   89118.77    
          67   434902.7    
          68   141484.3    
          69   233050.5    
          70   37515.35    
          71   332258.8    
          72   40063.47    
          73   6326.036    
          74   127596.9    
          75  -2027934.    
 
 year:        2004
           1   1604969.    
           2   58313.25    
           3   132818.6    
           4   125010.5    
           5   256128.8    
           6   502249.1    
           7   76780.01    
           8   30192.60    
           9   281209.6    
          10   47163.61    
          11   50152.87    
          12   72180.34    
          13   1255195.    
          14   769363.6    
          15   336490.6    
          16   443053.6    
          17   1626327.    
          18   1518084.    
          19   257842.6    
          20   332132.2    
          21   599999.2    
          22   104367.8    
          23   704888.2    
          24   824206.7    
          25   2518036.    
          26   2075327.    
          27   504022.8    
          28   205227.8    
          29   628232.9    
          30   2891009.    
          31   1349720.    
          32   1372314.    
          33   468403.3    
          34   224019.0    
          35   170270.7    
          36   135304.5    
          37   163459.9    
          38   971869.7    
          39   1411302.    
          40   95824.09    
          41   174114.7    
          42   362836.8    
          43   131635.5    
          44   5461034.    
          45   495001.7    
          46   1692439.    
          47   241984.3    
          48   3759044.    
          49   277689.4    
          50   81326.73    
          51   2293181.    
          52   4522428.    
          53   378465.0    
          54   2304212.    
          55   2066145.    
          56   2893644.    
          57   113014.7    
          58   659751.8    
          59   626070.6    
          60   60048.40    
          61   592220.0    
          62   157259.3    
          63   39384.47    
          64   230628.4    
          65   62669.18    
          66   84894.29    
          67   266664.8    
          68   93927.41    
          69   234154.9    
          70   59935.22    
          71   592243.3    
          72   68755.55    
          73   7272.879    
          74   274422.1    
          75  -2967272.    
 
 year:        2005
           1   1615101.    
           2   57324.04    
           3   132562.8    
           4   128909.5    
           5   264050.8    
           6   523955.4    
           7   73408.84    
           8   31427.72    
           9   280793.9    
          10   49797.93    
          11   52954.19    
          12   73151.56    
          13   1056079.    
          14   775857.8    
          15   334559.4    
          16   485532.5    
          17   2242089.    
          18   2808256.    
          19   308547.2    
          20   385910.4    
          21   810519.8    
          22   111414.1    
          23   802098.5    
          24   799089.1    
          25   3074066.    
          26   1288952.    
          27   801855.2    
          28   240802.7    
          29   650063.2    
          30   3144949.    
          31   1233675.    
          32   1746577.    
          33   710973.1    
          34   263399.2    
          35   255810.6    
          36   280815.7    
          37   274966.8    
          38   985510.9    
          39   1415141.    
          40   150203.5    
          41   173670.4    
          42   360294.1    
          43   136098.1    
          44   7287650.    
          45   743224.5    
          46   1868239.    
          47   246427.2    
          48   3928545.    
          49   359341.5    
          50   93119.70    
          51   2356531.    
          52   5499352.    
          53   475208.9    
          54   2733070.    
          55   2855986.    
          56   3448174.    
          57   159948.5    
          58   769908.1    
          59   906122.0    
          60   90450.25    
          61   1012372.    
          62   439659.8    
          63   82022.85    
          64   271008.2    
          65   110879.7    
          66   93122.02    
          67   683130.4    
          68   165428.4    
          69   245521.3    
          70   46328.77    
          71   303739.1    
          72   52202.25    
          73   7898.849    
          74   168151.4    
          75  -3041720.    
 
 year:        2006
           1   1507573.    
           2   54895.47    
           3   149637.7    
           4   78646.56    
           5   251330.0    
           6   499803.0    
           7   92333.95    
           8   33518.98    
           9   270139.2    
          10   82202.31    
          11   87412.32    
          12   151801.0    
          13   1252286.    
          14   785028.2    
          15   376728.2    
          16   849988.2    
          17   2088603.    
          18   2157760.    
          19   295705.3    
          20   371353.2    
          21   1376932.    
          22   146182.9    
          23   881603.8    
          24   817312.4    
          25   3314801.    
          26   1758847.    
          27   568359.6    
          28   210500.3    
          29   613777.3    
          30   2827179.    
          31   1366211.    
          32   1369942.    
          33   1036504.    
          34   480166.4    
          35   250077.5    
          36   123003.6    
          37   671409.4    
          38   1425986.    
          39   2458747.    
          40   153085.8    
          41   239102.0    
          42   359326.4    
          43   588824.1    
          44   9310281.    
          45   595408.3    
          46   1598084.    
          47   429068.9    
          48   3755888.    
          49   221251.6    
          50   118701.3    
          51   2850565.    
          52   3688412.    
          53   312571.3    
          54   1983933.    
          55   1680444.    
          56   2421322.    
          57   153257.8    
          58   790829.8    
          59   724609.3    
          60   62750.00    
          61   941633.8    
          62   76574.20    
          63   40068.16    
          64   219756.4    
          65   81067.86    
          66   84164.88    
          67   279659.4    
          68   63568.10    
          69   145700.8    
          70   35075.21    
          71   223010.3    
          72   38096.34    
          73   4606.460    
          74   122165.8    
          75  -3312414.    
 
 year:        2007
           1   1609701.    
           2   72795.52    
           3   168980.0    
           4   76057.84    
           5   252203.2    
           6   495278.7    
           7   389791.1    
           8   35468.15    
           9   282303.9    
          10   66336.31    
          11   70540.70    
          12   140676.7    
          13   1105906.    
          14   807689.3    
          15   1349441.    
          16   2217463.    
          17   5386304.    
          18   4759356.    
          19   303542.2    
          20   419820.6    
          21   1269822.    
          22   127296.1    
          23   1109287.    
          24   2679832.    
          25   2590326.    
          26   1665991.    
          27   475154.7    
          28   965798.2    
          29   2079966.    
          30   1684824.    
          31   1297883.    
          32   3914125.    
          33   1863947.    
          34   399765.7    
          35   363319.7    
          36   204164.5    
          37   1998401.    
          38   3370925.    
          39   2863942.    
          40   283823.5    
          41   199489.3    
          42   377471.4    
          43   628132.8    
          44  1.7633898E+07
          45   736762.6    
          46   1317315.    
          47   572075.7    
          48   3501596.    
          49   205200.2    
          50   105623.5    
          51   2621021.    
          52   3413640.    
          53   287867.5    
          54   1875903.    
          55   1617280.    
          56   2202190.    
          57   110983.0    
          58   638845.1    
          59   513399.5    
          60   53270.62    
          61   484965.0    
          62   112975.8    
          63   40338.94    
          64   222883.7    
          65   71582.04    
          66   85713.73    
          67   282699.4    
          68   93434.90    
          69   190527.0    
          70   41849.52    
          71   555744.9    
          72   41266.79    
          73   4444.575    
          74   125206.1    
          75  -3979241.    
 
 year:        2008
           1   1559490.    
           2   57879.60    
           3   280243.1    
           4   93863.16    
           5   257658.4    
           6   474079.2    
           7   106911.0    
           8   35047.21    
           9   290933.7    
          10   49128.12    
          11   52241.90    
          12   129960.5    
          13   975640.4    
          14   774876.6    
          15   625863.1    
          16   952888.2    
          17   2792208.    
          18   4049534.    
          19   357372.6    
          20   516827.4    
          21   650614.2    
          22   112399.1    
          23   1177718.    
          24   3262853.    
          25   2661568.    
          26   1964215.    
          27   497246.9    
          28   1386570.    
          29   3220184.    
          30   2137381.    
          31   1312253.    
          32   4691509.    
          33   1839439.    
          34   440343.1    
          35   534614.1    
          36   292018.5    
          37   1731892.    
          38   5321824.    
          39   3740908.    
          40   124762.2    
          41   209454.5    
          42   411495.3    
          43   1076398.    
          44  2.1979520E+07
          45   860271.6    
          46   1392776.    
          47   1268030.    
          48   3910234.    
          49   190576.7    
          50   133276.9    
          51   3198671.    
          52   3230922.    
          53   270713.4    
          54   1783919.    
          55   1665685.    
          56   2092766.    
          57   151437.1    
          58   775695.8    
          59   663539.2    
          60   96351.20    
          61   912183.0    
          62   473407.8    
          63   85850.01    
          64   254999.5    
          65   118638.4    
          66   102254.9    
          67   746635.8    
          68   248355.3    
          69   331685.3    
          70   49332.63    
          71   390492.6    
          72   41018.14    
          73   5367.930    
          74   129821.5    
          75  -3620008.    
 
 year:        2009
           1   1635201.    
           2   55798.57    
           3   165455.7    
           4   73614.59    
           5   279580.0    
           6   539731.0    
           7   97717.77    
           8   33973.49    
           9   269395.8    
          10   47254.38    
          11   50249.43    
          12   131935.6    
          13   1409284.    
          14   761067.9    
          15   479779.8    
          16   793650.2    
          17   2486254.    
          18   3076630.    
          19   318795.8    
          20   591233.4    
          21   933512.2    
          22   122140.3    
          23   1040373.    
          24   2869086.    
          25   2606786.    
          26   2299460.    
          27   507353.6    
          28   1235187.    
          29   2784825.    
          30   1412192.    
          31   1154902.    
          32   3001796.    
          33   800637.9    
          34   373948.1    
          35   360814.2    
          36   133765.7    
          37   848547.2    
          38   5827775.    
          39   2500916.    
          40   133250.3    
          41   164677.9    
          42   400917.2    
          43   776562.7    
          44  1.7508600E+07
          45   536455.8    
          46   1158382.    
          47   1202049.    
          48   3170257.    
          49   178110.6    
          50   104040.4    
          51   2599332.    
          52   3095564.    
          53   257168.8    
          54   1721426.    
          55   1566710.    
          56   2023485.    
          57   96398.54    
          58   623059.4    
          59   470330.3    
          60   55391.01    
          61   407972.7    
          62   155186.6    
          63   46463.52    
          64   240897.2    
          65   91965.65    
          66   90439.27    
          67   326417.0    
          68   89849.02    
          69   183682.0    
          70   40327.69    
          71   408551.2    
          72   45662.23    
          73   4983.979    
          74   159380.4    
          75  -3389189.    
 
 year:        2010
           1   1437176.    
           2   223433.6    
           3   156658.3    
           4   74342.74    
           5   282087.8    
           6   489284.4    
           7   138591.2    
           8   37040.95    
           9   290343.1    
          10   62269.02    
          11   66215.67    
          12   129832.5    
          13   1011984.    
          14   799827.2    
          15   423077.6    
          16   668987.1    
          17   3638655.    
          18   2447831.    
          19   272776.1    
          20   616285.9    
          21   933139.2    
          22   120859.0    
          23   928039.2    
          24   2189150.    
          25   2522208.    
          26   1859182.    
          27   503148.0    
          28   683943.3    
          29   2202312.    
          30   1627510.    
          31   1195432.    
          32   3337820.    
          33   1015175.    
          34   400525.7    
          35   477971.3    
          36   180556.2    
          37   725883.2    
          38   4852930.    
          39   3002525.    
          40   153898.2    
          41   183980.3    
          42   422266.1    
          43   1105538.    
          44  1.6098321E+07
          45   629805.0    
          46   1397546.    
          47   1429757.    
          48   3209016.    
          49   166329.0    
          50   127873.2    
          51   2962075.    
          52   2964521.    
          53   238988.4    
          54   1656123.    
          55   1597781.    
          56   1902935.    
          57   128505.8    
          58   718823.9    
          59   606604.6    
          60   74573.86    
          61   623085.9    
          62   289099.8    
          63   49681.44    
          64   238944.3    
          65   80182.75    
          66   91952.78    
          67   317348.0    
          68   120502.1    
          69   185183.8    
          70   43176.46    
          71   376214.1    
          72   52799.19    
          73   7583.128    
          74   213167.2    
          75  -3029494.    
 
 year:        2011
           1   1535671.    
           2   103116.4    
           3   152475.3    
           4   116356.4    
           5   269099.8    
           6   502569.8    
           7   225609.1    
           8   41568.97    
           9   360678.7    
          10   56728.66    
          11   60324.07    
          12   125322.4    
          13   1041880.    
          14   837266.4    
          15   518732.8    
          16   648601.9    
          17   2596240.    
          18   3049344.    
          19   265023.1    
          20   668297.3    
          21   931674.1    
          22   120848.3    
          23   910397.7    
          24   2153001.    
          25   2552772.    
          26   1719398.    
          27   493019.9    
          28   756851.4    
          29   2178125.    
          30   1945140.    
          31   1223193.    
          32   3032056.    
          33   843808.4    
          34   400613.8    
          35   489657.9    
          36   149619.4    
          37   639035.6    
          38   3943893.    
          39   3018804.    
          40   130929.7    
          41   158104.5    
          42   395223.1    
          43   574433.6    
          44  1.3170827E+07
          45   442974.1    
          46   1494398.    
          47   1025846.    
          48   2958554.    
          49   156056.3    
          50   96808.73    
          51   2506206.    
          52   2869955.    
          53   224454.8    
          54   1598502.    
          55   1489075.    
          56   1848957.    
          57   85711.54    
          58   601898.2    
          59   448016.3    
          60   80213.75    
          61   394305.4    
          62   419889.0    
          63   60300.98    
          64   231784.9    
          65   75430.45    
          66   92554.80    
          67   318540.5    
          68   99884.67    
          69   192570.2    
          70   43182.00    
          71   474509.8    
          72   42134.88    
          73   4512.482    
          74   128973.2    
          75  -3751300.    
 
