 Yearly Total Recharge Values from apex (mm)
 
 year:        1987
           1   11.33863    
           2   5.538856    
           3   3.016011    
           4   65.74972    
           5   54.60388    
           6   13.02566    
           7  0.0000000E+00
           8  0.0000000E+00
           9   29.06570    
          10   127.1349    
          11  0.0000000E+00
          12   125.2279    
          13   191.3879    
          14   32.89330    
          15   7.370861    
          16   15.17679    
          17   74.98833    
          18   98.45058    
          19   8.521072    
          20   5.641957    
          21   226.9236    
          22   8.179895    
          23   8.805917    
          24  0.0000000E+00
          25   222.9173    
          26   87.76228    
          27  0.0000000E+00
          28  0.0000000E+00
          29   24.45412    
          30   166.6543    
          31  0.0000000E+00
          32   85.69469    
          33   106.1918    
          34  0.0000000E+00
          35  0.0000000E+00
          36  0.0000000E+00
          37   24.35975    
          38  0.0000000E+00
          39   62.05743    
          40  0.0000000E+00
          41   4.058567    
          42  0.0000000E+00
          43   10.89886    
          44   19.05714    
          45  0.0000000E+00
          46   83.97755    
          47  0.0000000E+00
          48  0.0000000E+00
          49  0.0000000E+00
          50  0.0000000E+00
          51  0.0000000E+00
          52  0.0000000E+00
          53  0.0000000E+00
          54  0.0000000E+00
          55  0.0000000E+00
          56  0.0000000E+00
          57  0.0000000E+00
          58  0.0000000E+00
          59  0.0000000E+00
          60  0.0000000E+00
          61  0.0000000E+00
          62  0.0000000E+00
          63  0.0000000E+00
          64  0.0000000E+00
          65  0.0000000E+00
          66   49.92107    
          67  0.0000000E+00
          68  0.0000000E+00
          69  0.0000000E+00
          70  0.0000000E+00
          71  0.0000000E+00
          72  0.0000000E+00
          73  0.0000000E+00
          74  0.0000000E+00
          75  0.0000000E+00
 
 year:        1988
           1   44.84732    
           2   137.4039    
           3   136.9491    
           4   190.7807    
           5   36.21663    
           6   40.78433    
           7   99.03417    
           8  0.0000000E+00
           9   26.92678    
          10   241.6230    
          11   153.7209    
          12   187.9804    
          13   279.9642    
          14   41.02034    
          15   136.7544    
          16   203.0368    
          17   217.2051    
          18   244.6392    
          19   9.667002    
          20   16.05491    
          21   333.4344    
          22  0.0000000E+00
          23   37.23898    
          24   90.17566    
          25   28.40520    
          26   168.0101    
          27  0.0000000E+00
          28   196.8562    
          29   200.6423    
          30   276.4452    
          31  0.0000000E+00
          32   163.7849    
          33   278.2694    
          34   128.1051    
          35   94.63501    
          36   57.56502    
          37   147.6954    
          38   146.4378    
          39   106.7334    
          40   60.68189    
          41   106.9873    
          42  0.0000000E+00
          43   179.9692    
          44   154.8833    
          45   172.5366    
          46   109.7323    
          47   84.90255    
          48   137.8105    
          49  0.0000000E+00
          50   63.60860    
          51   32.04608    
          52  0.0000000E+00
          53  0.0000000E+00
          54  0.0000000E+00
          55  0.0000000E+00
          56  0.0000000E+00
          57   28.28871    
          58   16.80167    
          59   24.82463    
          60  0.0000000E+00
          61   44.46639    
          62   69.82972    
          63   59.16771    
          64  0.0000000E+00
          65  0.0000000E+00
          66   73.89976    
          67   49.27706    
          68   49.90666    
          69  0.0000000E+00
          70   58.31393    
          71   76.99052    
          72   58.67843    
          73   61.47185    
          74   60.72280    
          75   24.62931    
 
 year:        1989
           1   21.85220    
           2  0.0000000E+00
           3   77.14402    
           4   78.56888    
           5   37.62289    
           6   19.64046    
           7   67.83845    
           8  0.0000000E+00
           9   9.612667    
          10   99.82031    
          11   58.41136    
          12  0.0000000E+00
          13   50.73281    
          14   36.57261    
          15   75.75929    
          16   115.1274    
          17   137.6222    
          18   182.0378    
          19   2.176654    
          20   7.261447    
          21   150.2231    
          22  0.0000000E+00
          23   20.54026    
          24   66.91808    
          25   37.75252    
          26   138.4967    
          27  0.0000000E+00
          28   109.3899    
          29   142.5274    
          30   148.2027    
          31  0.0000000E+00
          32   132.4841    
          33   90.80811    
          34  0.0000000E+00
          35   33.53367    
          36  0.0000000E+00
          37   84.99520    
          38   92.66060    
          39   31.46489    
          40   28.22315    
          41   38.64948    
          42  0.0000000E+00
          43   79.32572    
          44   66.00034    
          45   59.67631    
          46   52.76776    
          47   38.07928    
          48   50.82494    
          49  0.0000000E+00
          50   16.55120    
          51   10.21772    
          52  0.0000000E+00
          53  0.0000000E+00
          54  0.0000000E+00
          55  0.0000000E+00
          56  0.0000000E+00
          57  1.2013815E-04
          58  1.9157919E-03
          59  0.0000000E+00
          60  0.0000000E+00
          61  0.0000000E+00
          62  0.0000000E+00
          63  3.1293500E-03
          64  0.0000000E+00
          65  0.0000000E+00
          66   23.85485    
          67  4.3313086E-04
          68  1.6105033E-02
          69  0.0000000E+00
          70   5.164775    
          71   2.714681    
          72   3.179362    
          73   3.082090    
          74   3.571767    
          75  3.4031385E-05
 
 year:        1990
           1   25.58163    
           2  0.0000000E+00
           3  0.0000000E+00
           4   108.8846    
           5   27.46771    
           6   24.04412    
           7   43.70313    
           8  0.0000000E+00
           9   21.17030    
          10   123.0103    
          11   59.71127    
          12   18.65754    
          13  0.0000000E+00
          14   40.25261    
          15   76.05490    
          16   84.68037    
          17   133.4921    
          18   144.1054    
          19  0.0000000E+00
          20   12.66907    
          21   98.52512    
          22  0.0000000E+00
          23   17.76044    
          24   37.26902    
          25   18.74669    
          26   105.4253    
          27  0.0000000E+00
          28   85.31107    
          29   96.62512    
          30   216.1418    
          31  0.0000000E+00
          32   104.9556    
          33   168.6596    
          34  0.0000000E+00
          35   6.767090    
          36   40.09736    
          37   60.19792    
          38   48.24242    
          39   65.65616    
          40   18.68220    
          41   30.18154    
          42  0.0000000E+00
          43   67.93229    
          44   78.81435    
          45   88.70629    
          46   148.8228    
          47   11.08172    
          48   56.99496    
          49  0.0000000E+00
          50   13.54475    
          51  6.6470653E-03
          52  0.0000000E+00
          53  0.0000000E+00
          54  0.0000000E+00
          55  0.0000000E+00
          56  0.0000000E+00
          57  0.0000000E+00
          58  0.0000000E+00
          59  0.0000000E+00
          60  0.0000000E+00
          61  0.0000000E+00
          62  0.0000000E+00
          63  0.0000000E+00
          64  0.0000000E+00
          65  0.0000000E+00
          66   25.97257    
          67  0.0000000E+00
          68  0.0000000E+00
          69  0.0000000E+00
          70  0.0000000E+00
          71  0.0000000E+00
          72   18.31411    
          73   16.62341    
          74   15.44147    
          75  0.0000000E+00
 
 year:        1991
           1   34.88228    
           2  0.0000000E+00
           3  0.0000000E+00
           4   173.8997    
           5   21.10444    
           6   37.79149    
           7  0.0000000E+00
           8  0.0000000E+00
           9   32.81407    
          10  0.0000000E+00
          11  0.0000000E+00
          12   74.02594    
          13   37.14293    
          14   42.44024    
          15   8.822826    
          16   11.04842    
          17   57.68951    
          18  0.0000000E+00
          19   3.481422    
          20   11.40240    
          21   55.77373    
          22  0.0000000E+00
          23   10.57270    
          24   35.32140    
          25   35.96136    
          26   97.31151    
          27  0.0000000E+00
          28   23.03321    
          29   76.19943    
          30   142.8830    
          31  0.0000000E+00
          32   85.54224    
          33   20.86859    
          34  0.0000000E+00
          35   9.888531    
          36   90.16828    
          37   28.39748    
          38   16.97256    
          39   31.53183    
          40   22.88860    
          41   31.51927    
          42  0.0000000E+00
          43   70.44942    
          44   32.99076    
          45   86.21234    
          46   74.30235    
          47  0.9605745    
          48   118.6045    
          49  0.0000000E+00
          50   29.88688    
          51  7.2211400E-03
          52   5.870057    
          53  0.0000000E+00
          54  0.0000000E+00
          55  0.0000000E+00
          56  0.0000000E+00
          57   2.010843    
          58  0.0000000E+00
          59  0.0000000E+00
          60  0.0000000E+00
          61  0.0000000E+00
          62   17.54248    
          63  0.0000000E+00
          64  0.0000000E+00
          65  0.0000000E+00
          66   30.20674    
          67  0.0000000E+00
          68  0.0000000E+00
          69  0.0000000E+00
          70   25.15431    
          71   26.11144    
          72   28.73323    
          73   24.42962    
          74   25.60970    
          75  0.0000000E+00
 
 year:        1992
           1   29.10494    
           2  0.0000000E+00
           3  0.0000000E+00
           4   91.89555    
           5  0.0000000E+00
           6   20.51114    
           7  0.0000000E+00
           8  0.0000000E+00
           9   17.97233    
          10  0.0000000E+00
          11  0.0000000E+00
          12   82.16883    
          13   18.40024    
          14   45.39473    
          15  0.0000000E+00
          16   22.92076    
          17  1.1698249E-02
          18  3.8976971E-02
          19   2.489961    
          20   10.52253    
          21   106.3497    
          22  0.0000000E+00
          23   10.00671    
          24  3.0578487E-02
          25   33.62144    
          26   88.34241    
          27  0.0000000E+00
          28  0.0000000E+00
          29   30.96125    
          30   40.42234    
          31  0.0000000E+00
          32   79.02019    
          33   30.73846    
          34  0.0000000E+00
          35   30.47660    
          36   34.77299    
          37   57.40194    
          38   17.89568    
          39   27.46287    
          40   71.02045    
          41   64.14659    
          42  0.0000000E+00
          43   90.91155    
          44   44.23377    
          45   119.0497    
          46   89.01176    
          47   35.02682    
          48   154.5903    
          49   128.5238    
          50   62.10872    
          51   50.57016    
          52   134.4324    
          53   105.2774    
          54   92.57835    
          55   114.9240    
          56   90.26974    
          57   57.21311    
          58  0.0000000E+00
          59  0.0000000E+00
          60  0.0000000E+00
          61   59.80346    
          62   45.22689    
          63   20.94715    
          64  0.0000000E+00
          65  0.0000000E+00
          66   40.64251    
          67   6.249583    
          68   20.93598    
          69  0.0000000E+00
          70   48.34325    
          71   50.44533    
          72  0.0000000E+00
          73   51.49477    
          74   54.90106    
          75   14.72877    
 
 year:        1993
           1   29.83730    
           2  0.0000000E+00
           3  0.0000000E+00
           4   127.7156    
           5  0.0000000E+00
           6   29.95393    
           7  0.0000000E+00
           8  0.0000000E+00
           9   15.55062    
          10  0.0000000E+00
          11  0.0000000E+00
          12   86.39780    
          13   17.70951    
          14   46.42706    
          15   262.5043    
          16   104.2937    
          17   42.01031    
          18   45.58090    
          19   4.036837    
          20   14.02732    
          21   64.17824    
          22  0.0000000E+00
          23   24.90524    
          24   31.73467    
          25   36.93998    
          26  0.0000000E+00
          27  0.0000000E+00
          28   22.46820    
          29  0.7632610    
          30   97.15582    
          31   19.43697    
          32   56.23510    
          33   58.53563    
          34  0.0000000E+00
          35   58.12378    
          36   128.1998    
          37   41.19642    
          38   1.330902    
          39   36.05441    
          40   130.7123    
          41   132.9926    
          42  0.0000000E+00
          43   170.2950    
          44   98.08433    
          45   215.3286    
          46   150.4310    
          47   88.97198    
          48   277.7271    
          49   228.1474    
          50   112.0471    
          51   92.08813    
          52   230.1529    
          53   200.7347    
          54   169.1290    
          55   209.4431    
          56   193.2532    
          57   130.3526    
          58  0.0000000E+00
          59  0.0000000E+00
          60  0.0000000E+00
          61   124.9789    
          62   56.18645    
          63   30.98882    
          64  0.0000000E+00
          65  0.0000000E+00
          66   29.44284    
          67   13.65971    
          68   22.01243    
          69  0.0000000E+00
          70   56.75527    
          71   55.52356    
          72  0.0000000E+00
          73   52.22039    
          74   52.88079    
          75   38.55888    
 
 year:        1994
           1   21.41043    
           2  0.0000000E+00
           3  0.0000000E+00
           4   42.91644    
           5  0.0000000E+00
           6   15.14087    
           7  0.0000000E+00
           8  0.0000000E+00
           9   7.389520    
          10   61.07479    
          11  0.0000000E+00
          12   76.21215    
          13   17.50951    
          14   24.60489    
          15   49.48652    
          16   21.07099    
          17   6.092019    
          18   7.641717    
          19   1.625417    
          20   12.74175    
          21   69.77032    
          22  0.0000000E+00
          23   13.77958    
          24  1.1354102E-02
          25   26.91465    
          26  0.0000000E+00
          27  0.0000000E+00
          28  0.0000000E+00
          29  0.2447172    
          30   67.98782    
          31   16.84371    
          32   45.84800    
          33   2.488378    
          34  0.0000000E+00
          35  0.0000000E+00
          36   13.72989    
          37   9.137449    
          38  0.0000000E+00
          39  0.0000000E+00
          40  0.0000000E+00
          41   4.832192    
          42  0.0000000E+00
          43  0.0000000E+00
          44   25.39133    
          45   30.96960    
          46   73.12318    
          47  0.0000000E+00
          48   66.33392    
          49   24.96652    
          50  0.0000000E+00
          51  0.0000000E+00
          52   39.59426    
          53  0.0000000E+00
          54  0.0000000E+00
          55   22.69882    
          56  0.0000000E+00
          57   9.427489    
          58  0.0000000E+00
          59  0.0000000E+00
          60  0.0000000E+00
          61  0.4800294    
          62   1.156582    
          63  0.0000000E+00
          64  0.0000000E+00
          65  0.0000000E+00
          66   14.47122    
          67  0.0000000E+00
          68  0.0000000E+00
          69  0.0000000E+00
          70  0.0000000E+00
          71   7.785178    
          72  0.0000000E+00
          73  0.0000000E+00
          74  0.0000000E+00
          75  0.0000000E+00
 
 year:        1995
           1   45.99841    
           2  0.0000000E+00
           3  0.0000000E+00
           4   165.2358    
           5  0.0000000E+00
           6   38.90058    
           7   8.386884    
           8  0.0000000E+00
           9   29.35259    
          10   43.52905    
          11  0.0000000E+00
          12   66.37689    
          13   18.32133    
          14   50.13140    
          15   57.34269    
          16   33.87481    
          17   58.80391    
          18   61.27004    
          19   5.431885    
          20   17.83952    
          21   53.39598    
          22  0.0000000E+00
          23   22.46500    
          24   17.88200    
          25   36.92258    
          26   52.30094    
          27  0.0000000E+00
          28   40.67902    
          29   119.4632    
          30   67.19407    
          31   21.25896    
          32   162.5142    
          33   37.98916    
          34  0.0000000E+00
          35   31.22513    
          36   119.2388    
          37   66.42519    
          38   60.50633    
          39   39.95815    
          40   104.3026    
          41   68.79701    
          42  0.0000000E+00
          43   85.42141    
          44   45.35231    
          45   186.3215    
          46   96.65860    
          47   44.12915    
          48   177.5633    
          49   200.4241    
          50   68.90676    
          51   54.47955    
          52   211.1278    
          53   170.5496    
          54   148.4489    
          55   182.1923    
          56   160.3555    
          57   76.53767    
          58  0.0000000E+00
          59  0.0000000E+00
          60  0.0000000E+00
          61   88.91632    
          62   77.60667    
          63   49.53988    
          64  0.0000000E+00
          65  0.0000000E+00
          66  7.8916934E-04
          67   35.22882    
          68   41.08965    
          69  0.0000000E+00
          70  0.0000000E+00
          71   27.46725    
          72  0.0000000E+00
          73  0.0000000E+00
          74  0.0000000E+00
          75   33.24281    
 
 year:        1996
           1   22.15256    
           2  0.0000000E+00
           3  0.0000000E+00
           4   49.29396    
           5  0.0000000E+00
           6   12.26242    
           7   2.009448    
           8  0.0000000E+00
           9   11.02693    
          10   64.61948    
          11  0.0000000E+00
          12   34.20218    
          13   10.74029    
          14   40.96468    
          15  0.0000000E+00
          16  0.0000000E+00
          17  7.0887181E-06
          18  0.5507100    
          19  3.7217125E-02
          20   4.803902    
          21   25.97430    
          22  0.0000000E+00
          23   5.056701    
          24  9.2215389E-03
          25   10.84852    
          26   10.52438    
          27  0.0000000E+00
          28  0.0000000E+00
          29  0.0000000E+00
          30   84.00560    
          31   27.48778    
          32   30.34374    
          33  0.0000000E+00
          34  0.0000000E+00
          35  0.0000000E+00
          36  0.0000000E+00
          37  0.3279693    
          38  0.0000000E+00
          39   6.110445    
          40  0.0000000E+00
          41   1.870531    
          42  0.0000000E+00
          43   4.006591    
          44  0.0000000E+00
          45   15.17470    
          46   43.03901    
          47  0.0000000E+00
          48   66.23088    
          49  0.0000000E+00
          50   4.242168    
          51  0.0000000E+00
          52  0.0000000E+00
          53  0.0000000E+00
          54  0.0000000E+00
          55  0.0000000E+00
          56  0.0000000E+00
          57   28.81629    
          58  0.0000000E+00
          59  0.0000000E+00
          60  0.0000000E+00
          61   23.15672    
          62  0.0000000E+00
          63  0.0000000E+00
          64  0.0000000E+00
          65  0.0000000E+00
          66  0.0000000E+00
          67  0.0000000E+00
          68  0.0000000E+00
          69  0.0000000E+00
          70  0.0000000E+00
          71  0.0000000E+00
          72  0.0000000E+00
          73  0.0000000E+00
          74  0.0000000E+00
          75  0.0000000E+00
 
 year:        1997
           1   40.59151    
           2  0.0000000E+00
           3  0.0000000E+00
           4   151.3238    
           5  0.0000000E+00
           6   35.88136    
           7   1.126487    
           8  0.0000000E+00
           9   30.61924    
          10   46.20008    
          11  0.0000000E+00
          12   45.05288    
          13   13.09831    
          14   38.40745    
          15   17.61758    
          16   36.01099    
          17   43.43172    
          18   62.91951    
          19   4.744911    
          20   17.82727    
          21   109.6256    
          22  0.0000000E+00
          23   20.27279    
          24  1.5489659E-02
          25   87.06985    
          26   24.24153    
          27   37.08573    
          28   10.55993    
          29   35.64285    
          30   58.11058    
          31   21.38876    
          32   94.99614    
          33   27.21244    
          34  0.0000000E+00
          35   30.07437    
          36   112.3825    
          37   83.43906    
          38   38.91415    
          39   32.22074    
          40   131.9693    
          41   80.38755    
          42  0.0000000E+00
          43   96.34737    
          44   50.69618    
          45   190.7330    
          46   80.46568    
          47   45.90989    
          48   215.8202    
          49   247.3848    
          50   94.77295    
          51   58.83360    
          52   261.7509    
          53   227.1939    
          54   185.9993    
          55   233.4627    
          56   217.6680    
          57   88.30790    
          58  0.0000000E+00
          59  0.0000000E+00
          60  0.0000000E+00
          61   86.02971    
          62   42.55781    
          63  0.0000000E+00
          64  0.0000000E+00
          65  0.0000000E+00
          66  0.0000000E+00
          67  0.0000000E+00
          68  0.0000000E+00
          69  0.0000000E+00
          70  0.0000000E+00
          71  0.0000000E+00
          72  0.0000000E+00
          73  0.0000000E+00
          74  0.0000000E+00
          75   17.79323    
 
 year:        1998
           1   23.87912    
           2  0.0000000E+00
           3  0.0000000E+00
           4   62.53568    
           5  0.0000000E+00
           6   19.37542    
           7   1.151305    
           8  0.0000000E+00
           9   10.19795    
          10   20.46462    
          11  0.0000000E+00
          12   19.64631    
          13   11.49891    
          14   15.33812    
          15  0.0000000E+00
          16  0.0000000E+00
          17  0.0000000E+00
          18   8.226252    
          19   2.555792    
          20   8.548943    
          21   58.70508    
          22  0.0000000E+00
          23   7.460892    
          24  5.1501505E-03
          25   6.484315    
          26   18.99129    
          27  0.0000000E+00
          28  0.0000000E+00
          29  0.0000000E+00
          30   68.14256    
          31   28.76015    
          32   7.038788    
          33  0.0000000E+00
          34  0.0000000E+00
          35  0.0000000E+00
          36   19.14327    
          37   19.34105    
          38  0.0000000E+00
          39   25.69536    
          40   97.03991    
          41   54.87886    
          42  0.0000000E+00
          43   42.67445    
          44  0.0000000E+00
          45   131.2380    
          46   128.9919    
          47   23.36513    
          48   177.0189    
          49  0.0000000E+00
          50   55.51752    
          51   28.00938    
          52   25.80982    
          53  0.0000000E+00
          54  0.0000000E+00
          55   12.06497    
          56  0.0000000E+00
          57   51.71619    
          58  0.0000000E+00
          59  0.0000000E+00
          60  0.0000000E+00
          61   60.13829    
          62   50.78214    
          63   16.97110    
          64  0.0000000E+00
          65  0.0000000E+00
          66  0.0000000E+00
          67   6.484271    
          68   17.93757    
          69  0.0000000E+00
          70  0.0000000E+00
          71   25.18816    
          72  0.0000000E+00
          73  0.0000000E+00
          74  0.0000000E+00
          75   31.41549    
 
 year:        1999
           1   44.24773    
           2  0.0000000E+00
           3  0.0000000E+00
           4   195.2545    
           5   2.257990    
           6   42.01869    
           7  0.9672161    
           8  0.0000000E+00
           9   26.39717    
          10   41.49937    
          11  0.0000000E+00
          12   34.15747    
          13   16.74076    
          14   24.83632    
          15   21.05224    
          16   21.93367    
          17   41.38622    
          18   43.38440    
          19   1.954821    
          20   13.81010    
          21   29.16774    
          22  0.0000000E+00
          23   19.61083    
          24  0.0000000E+00
          25   34.09842    
          26   70.39487    
          27  0.0000000E+00
          28  0.0000000E+00
          29  0.0000000E+00
          30   84.58307    
          31   16.06779    
          32   51.31685    
          33  0.0000000E+00
          34  0.0000000E+00
          35  0.0000000E+00
          36   100.7007    
          37   31.47380    
          38  0.0000000E+00
          39  1.8207115E-04
          40   9.367463    
          41   9.038495    
          42  0.0000000E+00
          43   5.451739    
          44   10.90924    
          45   31.95095    
          46   78.10387    
          47  6.2017376E-03
          48   30.33536    
          49   126.6152    
          50   12.73691    
          51  1.2253181E-03
          52   126.9359    
          53   108.5867    
          54   76.25115    
          55   116.7609    
          56   100.8414    
          57   5.836720    
          58  0.0000000E+00
          59  0.0000000E+00
          60  0.0000000E+00
          61   2.641271    
          62   1.618618    
          63   8.743151    
          64  0.0000000E+00
          65  0.0000000E+00
          66  0.0000000E+00
          67   2.867330    
          68   7.093475    
          69  0.0000000E+00
          70  0.0000000E+00
          71  5.2161446E-05
          72  0.0000000E+00
          73  0.0000000E+00
          74  0.0000000E+00
          75  7.8278882E-03
 
 year:        2000
           1   21.53023    
           2  0.0000000E+00
           3  0.0000000E+00
           4   95.39700    
           5   3.573109    
           6   18.88697    
           7   1.320078    
           8  0.0000000E+00
           9   11.28214    
          10   13.33081    
          11  0.0000000E+00
          12   10.30065    
          13   18.08297    
          14  9.3363942E-06
          15  0.0000000E+00
          16  0.0000000E+00
          17  0.0000000E+00
          18  0.0000000E+00
          19   1.536025    
          20   6.649612    
          21   2.366547    
          22  0.0000000E+00
          23   4.115349    
          24  0.0000000E+00
          25   3.326979    
          26  0.0000000E+00
          27  0.0000000E+00
          28  0.0000000E+00
          29  0.0000000E+00
          30   47.93335    
          31   37.99297    
          32   14.90383    
          33  0.0000000E+00
          34  0.0000000E+00
          35  0.0000000E+00
          36   47.11620    
          37   12.97263    
          38  0.0000000E+00
          39   1.779557    
          40   31.82600    
          41   2.258193    
          42  0.0000000E+00
          43  0.0000000E+00
          44  0.0000000E+00
          45   68.93264    
          46   70.38380    
          47  0.0000000E+00
          48   90.49329    
          49  0.0000000E+00
          50  0.0000000E+00
          51  0.0000000E+00
          52  0.0000000E+00
          53  0.0000000E+00
          54  0.0000000E+00
          55  0.0000000E+00
          56  0.0000000E+00
          57   28.65923    
          58  0.0000000E+00
          59   5.788492    
          60  0.0000000E+00
          61   7.124731    
          62   5.849155    
          63  0.0000000E+00
          64  0.0000000E+00
          65  0.0000000E+00
          66  0.0000000E+00
          67  0.0000000E+00
          68  0.0000000E+00
          69  0.0000000E+00
          70  0.0000000E+00
          71  0.0000000E+00
          72  0.0000000E+00
          73  0.0000000E+00
          74  0.0000000E+00
          75   8.205730    
 
 year:        2001
           1   29.67450    
           2  0.0000000E+00
           3  0.0000000E+00
           4   127.0487    
           5   2.690956    
           6   48.73270    
           7   1.014981    
           8  0.0000000E+00
           9  0.0000000E+00
          10   44.00954    
          11  0.0000000E+00
          12   34.34995    
          13   17.25859    
          14   20.45906    
          15  0.0000000E+00
          16  0.0000000E+00
          17   37.86043    
          18   34.99258    
          19  0.9474694    
          20   12.99372    
          21   66.09026    
          22  0.0000000E+00
          23   18.60186    
          24  0.0000000E+00
          25   64.62797    
          26   34.20819    
          27   49.81878    
          28  0.0000000E+00
          29  0.0000000E+00
          30   112.5298    
          31   16.84430    
          32   43.54224    
          33   12.46166    
          34  0.0000000E+00
          35  0.0000000E+00
          36   53.47824    
          37   26.49009    
          38   1.524358    
          39   4.811940    
          40   71.28603    
          41   5.866930    
          42  0.0000000E+00
          43   23.56671    
          44   30.84067    
          45   130.1160    
          46   54.27791    
          47   1.208811    
          48   95.28686    
          49   31.19567    
          50   16.94353    
          51  0.0000000E+00
          52   42.06512    
          53   22.41488    
          54   13.41092    
          55   23.37437    
          56   17.03071    
          57   65.22836    
          58   6.468060    
          59   55.67329    
          60  0.0000000E+00
          61   50.06923    
          62   7.307526    
          63  0.0000000E+00
          64  0.0000000E+00
          65  0.0000000E+00
          66  0.0000000E+00
          67  0.0000000E+00
          68  0.0000000E+00
          69  0.0000000E+00
          70  0.0000000E+00
          71   9.814940    
          72  0.0000000E+00
          73  0.0000000E+00
          74  0.0000000E+00
          75   12.20912    
 
 year:        2002
           1   7.851214    
           2  0.0000000E+00
           3  0.0000000E+00
           4   33.31851    
           5   3.547074    
           6  0.2031667    
           7   1.317563    
           8  0.0000000E+00
           9   8.383807    
          10   11.82854    
          11  0.0000000E+00
          12   11.93077    
          13   12.30713    
          14   6.103072    
          15  0.0000000E+00
          16  0.0000000E+00
          17  0.0000000E+00
          18  0.0000000E+00
          19  0.0000000E+00
          20  0.0000000E+00
          21   1.711590    
          22  0.0000000E+00
          23  0.0000000E+00
          24  0.0000000E+00
          25   2.618513    
          26  0.0000000E+00
          27  0.0000000E+00
          28  0.0000000E+00
          29  0.0000000E+00
          30   45.41603    
          31   33.32738    
          32  0.0000000E+00
          33  0.0000000E+00
          34  0.0000000E+00
          35  0.0000000E+00
          36  0.0000000E+00
          37  0.0000000E+00
          38  0.0000000E+00
          39   1.309828    
          40  0.0000000E+00
          41   3.206581    
          42  0.0000000E+00
          43  0.0000000E+00
          44  0.0000000E+00
          45  0.0000000E+00
          46   26.40482    
          47  0.0000000E+00
          48   19.53531    
          49  0.0000000E+00
          50  0.0000000E+00
          51  0.0000000E+00
          52  0.0000000E+00
          53  0.0000000E+00
          54  0.0000000E+00
          55  0.0000000E+00
          56  0.0000000E+00
          57   19.58768    
          58   12.62618    
          59   17.52825    
          60  0.0000000E+00
          61   16.58389    
          62   17.08016    
          63  0.0000000E+00
          64  0.0000000E+00
          65  0.0000000E+00
          66  0.0000000E+00
          67  0.0000000E+00
          68  0.0000000E+00
          69  0.0000000E+00
          70  0.0000000E+00
          71   17.00309    
          72  0.0000000E+00
          73  0.0000000E+00
          74  0.0000000E+00
          75   10.08080    
 
 year:        2003
           1   21.12846    
           2  0.0000000E+00
           3  0.0000000E+00
           4   99.57876    
           5   5.509116    
           6   18.89208    
           7   1.283974    
           8  0.0000000E+00
           9   6.904536    
          10   23.08972    
          11  0.0000000E+00
          12   21.34310    
          13   23.59528    
          14   20.35894    
          15  0.0000000E+00
          16  0.0000000E+00
          17  0.0000000E+00
          18  0.0000000E+00
          19  0.0000000E+00
          20   7.373010    
          21  0.0000000E+00
          22  0.0000000E+00
          23   3.518077    
          24  0.0000000E+00
          25   1.430196    
          26   57.02697    
          27  0.0000000E+00
          28  0.0000000E+00
          29  0.0000000E+00
          30   37.00362    
          31   25.17191    
          32  0.0000000E+00
          33  0.0000000E+00
          34  0.0000000E+00
          35  0.0000000E+00
          36  0.0000000E+00
          37  0.0000000E+00
          38  0.0000000E+00
          39   2.388592    
          40   41.13267    
          41   5.707486    
          42  0.0000000E+00
          43   2.861682    
          44  0.0000000E+00
          45   43.64023    
          46   59.70525    
          47  0.0000000E+00
          48   75.14742    
          49  0.0000000E+00
          50   19.60655    
          51  0.0000000E+00
          52  0.0000000E+00
          53  0.0000000E+00
          54  0.0000000E+00
          55  0.0000000E+00
          56  0.0000000E+00
          57   80.65137    
          58   33.16698    
          59   57.81111    
          60  0.0000000E+00
          61   49.67107    
          62   46.13069    
          63   23.60272    
          64  0.0000000E+00
          65  0.0000000E+00
          66  0.0000000E+00
          67   19.39574    
          68   24.88302    
          69  0.0000000E+00
          70  0.0000000E+00
          71  0.0000000E+00
          72  0.0000000E+00
          73  0.0000000E+00
          74  0.0000000E+00
          75   38.55918    
 
 year:        2004
           1   11.92019    
           2  0.0000000E+00
           3  0.0000000E+00
           4   179.5825    
           5   3.681617    
           6   17.80773    
           7  0.6112754    
           8  0.0000000E+00
           9   8.001470    
          10   38.75999    
          11  0.0000000E+00
          12   38.36419    
          13   31.03570    
          14   11.80213    
          15  0.0000000E+00
          16  0.0000000E+00
          17  0.0000000E+00
          18   6.238538    
          19   1.291537    
          20   9.549627    
          21   44.56353    
          22  0.0000000E+00
          23   16.80452    
          24  0.0000000E+00
          25   43.33556    
          26   78.02507    
          27   21.37977    
          28  0.0000000E+00
          29  0.0000000E+00
          30   121.4094    
          31   28.83217    
          32   14.19958    
          33   6.754356    
          34  0.0000000E+00
          35  0.7514614    
          36   49.38386    
          37   2.242269    
          38  0.0000000E+00
          39   11.35961    
          40   40.76300    
          41   34.67823    
          42  0.0000000E+00
          43  0.0000000E+00
          44   2.418621    
          45   127.5866    
          46   113.8315    
          47  0.0000000E+00
          48   166.1460    
          49   55.55821    
          50  0.0000000E+00
          51  0.0000000E+00
          52   62.68785    
          53   40.85379    
          54   42.96080    
          55   42.50236    
          56   40.01927    
          57   71.17146    
          58   8.331446    
          59   59.52177    
          60  0.0000000E+00
          61   43.56970    
          62   20.99362    
          63  0.0000000E+00
          64  0.0000000E+00
          65  0.0000000E+00
          66  0.0000000E+00
          67  0.0000000E+00
          68  0.0000000E+00
          69  0.0000000E+00
          70   2.892001    
          71   15.79122    
          72  0.0000000E+00
          73  0.0000000E+00
          74   14.84884    
          75   9.090231    
 
 year:        2005
           1   15.41402    
           2  0.0000000E+00
           3  0.0000000E+00
           4   184.7533    
           5   5.985743    
           6   21.46692    
           7  0.0000000E+00
           8  0.0000000E+00
           9   7.466217    
          10   51.27045    
          11  0.0000000E+00
          12   44.08798    
          13   7.992774    
          14   13.84200    
          15  0.0000000E+00
          16  0.0000000E+00
          17   37.58193    
          18   66.18488    
          19   4.509351    
          20   20.21650    
          21   44.41026    
          22  0.0000000E+00
          23   18.82679    
          24  0.0000000E+00
          25   60.11453    
          26  0.0000000E+00
          27   62.65967    
          28   7.772119    
          29   4.271687    
          30   110.7475    
          31   14.64802    
          32   57.82840    
          33   43.19016    
          34  0.3866644    
          35  0.0000000E+00
          36   157.0259    
          37   25.88098    
          38   3.317654    
          39   9.219257    
          40   78.23879    
          41   20.37276    
          42  0.0000000E+00
          43   3.611384    
          44   36.93110    
          45   178.1679    
          46   107.9751    
          47  0.0000000E+00
          48   157.3231    
          49   108.1808    
          50   5.162366    
          51  0.0000000E+00
          52   114.8379    
          53   91.71401    
          54   71.05108    
          55   85.05355    
          56   78.24476    
          57   85.64812    
          58   22.52222    
          59   97.65846    
          60  0.0000000E+00
          61   69.86015    
          62   74.16408    
          63   51.23153    
          64  0.0000000E+00
          65  0.0000000E+00
          66  0.0000000E+00
          67   32.71458    
          68   28.06310    
          69  0.0000000E+00
          70  0.0000000E+00
          71  0.0000000E+00
          72  0.0000000E+00
          73  0.0000000E+00
          74  0.0000000E+00
          75   29.31735    
 
 year:        2006
           1   9.693843    
           2  0.0000000E+00
           3   2.711172    
           4   88.36144    
           5   3.252203    
           6   16.88296    
           7  0.0000000E+00
           8  0.0000000E+00
           9   5.880087    
          10   180.3301    
          11  0.0000000E+00
          12   181.6850    
          13   26.41179    
          14   14.38238    
          15   11.67907    
          16   60.01513    
          17   21.22431    
          18   24.05299    
          19   1.381541    
          20   5.969009    
          21   187.5264    
          22  0.0000000E+00
          23   26.43909    
          24  0.0000000E+00
          25   107.2138    
          26   54.44290    
          27  0.0000000E+00
          28  0.0000000E+00
          29  0.0000000E+00
          30   106.1806    
          31   27.03597    
          32   12.99802    
          33   151.5253    
          34   60.06985    
          35   14.23507    
          36  0.0000000E+00
          37   73.20123    
          38   36.77032    
          39   70.53689    
          40   49.14502    
          41   150.2723    
          42  0.0000000E+00
          43   114.2878    
          44   75.81461    
          45   160.9954    
          46   81.62623    
          47   80.50368    
          48   154.2008    
          49  0.0000000E+00
          50   67.47079    
          51   49.21664    
          52  0.0000000E+00
          53  0.0000000E+00
          54  0.0000000E+00
          55  0.0000000E+00
          56  0.0000000E+00
          57   73.12199    
          58   34.67154    
          59   56.22969    
          60  0.0000000E+00
          61   63.55113    
          62  0.0000000E+00
          63  0.0000000E+00
          64  0.0000000E+00
          65  0.0000000E+00
          66  0.0000000E+00
          67  0.0000000E+00
          68  0.0000000E+00
          69  0.0000000E+00
          70  0.0000000E+00
          71  0.0000000E+00
          72  0.0000000E+00
          73  0.0000000E+00
          74  0.0000000E+00
          75  0.0000000E+00
 
 year:        2007
           1   18.51082    
           2  0.0000000E+00
           3   5.271995    
           4   81.39453    
           5   1.400404    
           6   17.94330    
           7   67.66303    
           8  0.0000000E+00
           9   6.774393    
          10   45.92261    
          11  0.0000000E+00
          12   128.0894    
          13   9.508221    
          14   16.41730    
          15   159.4481    
          16   177.2709    
          17   166.7966    
          18   104.3184    
          19   4.913341    
          20   13.73115    
          21   49.47559    
          22  0.0000000E+00
          23   36.65601    
          24   110.9173    
          25   18.60407    
          26   13.73056    
          27  0.0000000E+00
          28   212.0347    
          29   218.6305    
          30  0.0000000E+00
          31   21.59986    
          32   229.8083    
          33   284.7121    
          34  7.6861226E-04
          35  0.0000000E+00
          36   36.82761    
          37   171.7721    
          38   139.3352    
          39   75.56693    
          40   68.64488    
          41   86.15179    
          42  0.0000000E+00
          43   91.83463    
          44   150.5248    
          45   141.5726    
          46   42.54037    
          47   57.82783    
          48   81.62423    
          49  0.0000000E+00
          50   25.50247    
          51   18.77306    
          52  0.0000000E+00
          53  0.0000000E+00
          54  0.0000000E+00
          55  0.0000000E+00
          56  0.0000000E+00
          57   6.973111    
          58  2.2281585E-02
          59   1.540287    
          60  0.0000000E+00
          61   6.199115    
          62   9.783969    
          63  0.0000000E+00
          64  0.0000000E+00
          65  0.0000000E+00
          66  0.0000000E+00
          67  0.0000000E+00
          68  0.0000000E+00
          69  0.0000000E+00
          70  0.0000000E+00
          71   15.72245    
          72  0.0000000E+00
          73  0.0000000E+00
          74  0.0000000E+00
          75  0.0000000E+00
 
 year:        2008
           1   14.75594    
           2  0.0000000E+00
           3   23.04821    
           4   114.3870    
           5  0.0000000E+00
           6   13.38247    
           7  0.0000000E+00
           8  0.0000000E+00
           9   7.034341    
          10  0.0000000E+00
          11  0.0000000E+00
          12   104.8287    
          13  0.0000000E+00
          14   12.75601    
          15  0.0000000E+00
          16  0.0000000E+00
          17  0.0000000E+00
          18   82.30504    
          19   5.595291    
          20   12.93225    
          21  0.0000000E+00
          22  0.0000000E+00
          23   36.77529    
          24   119.5674    
          25   36.20872    
          26   2.825568    
          27  0.0000000E+00
          28   186.4330    
          29   197.8930    
          30   47.80076    
          31   25.79119    
          32   160.1449    
          33   246.4355    
          34  0.0000000E+00
          35  0.0000000E+00
          36   79.05566    
          37   101.3274    
          38   147.4497    
          39   110.3937    
          40  0.0000000E+00
          41   104.9910    
          42  0.0000000E+00
          43   173.4073    
          44   149.3934    
          45   187.4055    
          46   54.01758    
          47   113.3538    
          48   144.4286    
          49  0.0000000E+00
          50   68.28027    
          51   68.07572    
          52  0.0000000E+00
          53  0.0000000E+00
          54  0.0000000E+00
          55  0.0000000E+00
          56  0.0000000E+00
          57   42.26193    
          58   26.00877    
          59   36.99538    
          60  0.0000000E+00
          61   51.60180    
          62   77.75992    
          63   52.31746    
          64  0.0000000E+00
          65  0.0000000E+00
          66   1.695896    
          67   33.04211    
          68   51.03981    
          69  0.0000000E+00
          70   3.781625    
          71   5.702114    
          72  0.0000000E+00
          73  0.0000000E+00
          74  0.0000000E+00
          75   16.87563    
 
 year:        2009
           1   19.63229    
           2  0.0000000E+00
           3  2.0653848E-04
           4   77.74751    
           5  0.0000000E+00
           6   26.40762    
           7  0.0000000E+00
           8  0.0000000E+00
           9   4.809086    
          10  0.0000000E+00
          11  0.0000000E+00
          12   89.25996    
          13   37.30024    
          14   8.388505    
          15  0.0000000E+00
          16  0.0000000E+00
          17  0.0000000E+00
          18  2.2214386E-04
          19   2.452705    
          20   7.819535    
          21   75.30810    
          22  0.0000000E+00
          23   19.43241    
          24   68.15498    
          25   39.29883    
          26   24.31917    
          27  0.0000000E+00
          28   113.6721    
          29   140.4371    
          30  0.0000000E+00
          31   19.21282    
          32   29.58910    
          33   56.23595    
          34  0.0000000E+00
          35  0.0000000E+00
          36  0.0000000E+00
          37  0.0000000E+00
          38   93.58177    
          39   32.02370    
          40  0.0000000E+00
          41   41.65043    
          42  0.0000000E+00
          43   78.62827    
          44   60.35266    
          45   61.70742    
          46   39.97639    
          47   39.39533    
          48   51.54399    
          49  0.0000000E+00
          50   15.14128    
          51   7.425925    
          52  0.0000000E+00
          53  0.0000000E+00
          54  0.0000000E+00
          55  0.0000000E+00
          56  0.0000000E+00
          57  1.2162972E-04
          58  1.5913319E-03
          59  0.0000000E+00
          60  0.0000000E+00
          61  0.0000000E+00
          62   15.84941    
          63  0.0000000E+00
          64  0.0000000E+00
          65  0.0000000E+00
          66  0.0000000E+00
          67  0.0000000E+00
          68  0.0000000E+00
          69  0.0000000E+00
          70  0.0000000E+00
          71   7.573035    
          72  0.0000000E+00
          73  0.0000000E+00
          74   3.549205    
          75  0.0000000E+00
 
 year:        2010
           1   7.651269    
           2   51.28864    
           3  0.0000000E+00
           4   78.11398    
           5  0.0000000E+00
           6   14.93250    
           7   5.697956    
           8  0.0000000E+00
           9   7.787562    
          10   73.98843    
          11  0.0000000E+00
          12   100.1486    
          13  0.0000000E+00
          14   19.52659    
          15  0.0000000E+00
          16  0.0000000E+00
          17   71.41386    
          18   13.71581    
          19  0.0000000E+00
          20   7.622098    
          21   73.90833    
          22  0.0000000E+00
          23   11.00072    
          24   28.78140    
          25   38.17016    
          26  0.0000000E+00
          27  0.0000000E+00
          28  0.0000000E+00
          29   74.57039    
          30   31.52437    
          31   19.77807    
          32   84.86383    
          33   92.29633    
          34  0.0000000E+00
          35  0.0000000E+00
          36   29.61266    
          37  0.0000000E+00
          38   56.52694    
          39   54.85560    
          40  0.0000000E+00
          41   70.60957    
          42  0.0000000E+00
          43   117.0866    
          44   54.79004    
          45   103.2801    
          46   74.92802    
          47   61.44102    
          48   78.58405    
          49  0.0000000E+00
          50   61.21156    
          51   39.13781    
          52  0.0000000E+00
          53  0.0000000E+00
          54  0.0000000E+00
          55  0.0000000E+00
          56  0.0000000E+00
          57   33.18346    
          58   18.97286    
          59   31.70469    
          60  0.0000000E+00
          61   24.60911    
          62   44.15965    
          63   7.005971    
          64  0.0000000E+00
          65  0.0000000E+00
          66  0.0000000E+00
          67  0.0000000E+00
          68   13.41831    
          69  0.0000000E+00
          70  0.0000000E+00
          71   6.130142    
          72  0.0000000E+00
          73  0.0000000E+00
          74   7.710010    
          75   23.14613    
 
 year:        2011
           1   17.53731    
           2  0.0000000E+00
           3  0.0000000E+00
           4   151.5569    
           5  0.0000000E+00
           6   19.77517    
           7   25.35109    
           8  0.0000000E+00
           9   15.42833    
          10   36.76878    
          11  0.0000000E+00
          12   86.49104    
          13   13.00579    
          14   21.05582    
          15   16.89601    
          16  0.0000000E+00
          17  0.0000000E+00
          18   38.59224    
          19  0.0000000E+00
          20   10.41991    
          21   72.30032    
          22  0.0000000E+00
          23   11.36464    
          24   25.58688    
          25   37.15634    
          26   1.563740    
          27  0.0000000E+00
          28   28.22800    
          29   81.99620    
          30   46.71288    
          31   21.02695    
          32   60.62576    
          33   58.50468    
          34  0.0000000E+00
          35  0.0000000E+00
          36   10.30875    
          37  0.0000000E+00
          38   32.77143    
          39   50.39412    
          40  0.0000000E+00
          41   26.55072    
          42  0.0000000E+00
          43   14.11419    
          44   29.80487    
          45   26.38811    
          46   87.00765    
          47  0.0000000E+00
          48   58.12639    
          49  0.0000000E+00
          50  5.9479089E-03
          51  3.7342007E-03
          52  0.0000000E+00
          53  0.0000000E+00
          54  0.0000000E+00
          55  0.0000000E+00
          56  0.0000000E+00
          57   1.043667    
          58  0.0000000E+00
          59   1.313532    
          60  0.0000000E+00
          61   1.047961    
          62   68.99947    
          63   33.05676    
          64  0.0000000E+00
          65  0.0000000E+00
          66  0.0000000E+00
          67  0.0000000E+00
          68   3.092465    
          69  0.0000000E+00
          70  0.0000000E+00
          71   10.59725    
          72  0.0000000E+00
          73  0.0000000E+00
          74  0.0000000E+00
          75  0.0000000E+00
 
