time,elapsed_seconds,message
10:05:23,0.0001017,PEST++ performance logger started
10:05:23,0.0006789,starting to process control file
10:05:23,0.0784063,finished processing control file
10:05:23,0.053301,initializing
10:05:23,0.0004767,using glm algorithm
10:05:23,7.64e-05,using REDSVD for truncated svd solve
10:05:23,7.14e-05,maxsing: 10000000
10:05:23,6.68e-05,eigthresh:  1e-06
10:05:23,6.16e-05,initializing localizer
10:05:23,7.18e-05,not using localization
10:05:23,7.49e-05,using lambda multipliers: 
10:05:23,7.18e-05,using lambda scaling factors: 
10:05:23,7.09e-05,acceptable phi factor:  1.05
10:05:23,6.5e-05,lambda increase factor:  10
10:05:23,6.38e-05,lambda decrease factor:  0.75
10:05:23,6.23e-05,max run fail:  1
10:05:23,8.03e-05,sanity_check warnings
10:05:23,6.45e-05,noptmax > 10, don't expect anything meaningful from the results!
10:05:23,6.2e-05,continuing initialization...
10:05:23,7.44e-05,initializing prior parameter covariance matrix
10:05:23,8.9e-06,initializing parcov
10:05:23,0.0004624,parcov loaded  from parameter bounds, using par_sigma_range 4
10:05:23,0.0004575,initializing observation noise covariance matrix
10:05:23,0.0242833,obscov loaded  from observation weights
10:05:23,0.0034379,using reg_factor:  0
10:05:23,0.0001186,drawing parameter realizations:  150
10:05:23,0.0006287,parameters not grouped by parameter groups, reordering par ensemble
10:05:23,0.0010406,making standard normal draws
10:05:23,0.002157,scaling by std
10:05:23,6.04e-05,checking realization for invalid values
10:05:23,0.000559,resizing reals matrix
10:05:23,0.0001397,filling reals matrix and adding mean values
10:05:23,0.001098,not using prior parameter covariance matrix scaling
10:05:23,0.000123,drawing observation noise realizations:  150
10:05:23,0.0110853,making standard normal draws
10:05:23,0.0090541,scaling by std
10:05:23,0.0001678,checking realization for invalid values
10:05:23,0.0017069,resizing reals matrix
10:05:23,0.0003325,filling reals matrix and adding mean values
10:05:23,0.013398,adding 'base' parameter values to ensemble
10:05:23,0.0014072,adding 'base' observation values to ensemble
10:05:23,0.0043939,checking for denormal values in pe
10:05:23,0.0472284,saved initial parameter ensemble to  animas_amrs_pp_rw_ies_init_zero.0.par.csv
10:05:23,1.64e-05,checking for denormal values in obs + noise ensemble
10:05:25,1.70648,saved obs+noise observation ensemble (obsval + noise realizations) to  animas_amrs_pp_rw_ies_init_zero.obs+noise.csv
10:05:25,0.000355,setting weights ensemble from control file weights
10:05:25,0.0009481,checking for denormal values in weights ensemble
10:05:25,0.0008043,using subset in lambda testing, number of realizations used in subset testing:  4
10:05:25,8.15e-05,subset how:  RANDOM
10:05:25,0.0063832,centering on ensemble mean vector
10:05:25,1.95e-05,running initial ensemble
10:05:25,9.14e-05,running initial ensemble of size 150
10:05:25,4.21e-05,queuing 150 runs
10:05:25,0.0234567,making runs
10:28:33,1388.61,processing runs
10:28:35,2.07802,saved initial obs ensemble to animas_amrs_pp_rw_ies_init_zero.0.obs.csv
10:28:36,0.0869975,calc pre-drop phi
10:28:36,0.0208663,pre-drop initial phi summary
10:28:36,0.0051805,checking for prior-data conflict...
10:28:36,0.0132087,WARNING: 722 non-zero weighted observations are in conflict with the prior simulated ensemble.

10:28:36,0.0030208,  WARNING: Prior-data conflict detected.  Continuing with IES parameter
           adjustment will likely result in parameter and forecast bias.
           Consider using 'ies_drop_conflicts' as a quick fix.
10:28:36,0.0241784,updated observation data information written to file  animas_amrs_pp_rw_ies_init_zero.adjusted.obs_data.csv
10:28:36,0.0090439,dropping realizations as bad:  6
10:28:36,0.0001069,dropping par:obs realizations: 16 : 16 , 54 : 54 , 73 : 73 , 79 : 79 , 127 : 127 , 147 : 147 , 
10:28:36,0.0042693,calc initial phi
10:28:36,0.0211043,initial phi summary
10:28:36,0.0096733,current lambda: 100
10:28:36,6.34e-05,initialization complete
10:28:36,0.0002135,starting solve for iteration: 1
10:28:36,1.15e-05,starting solve for iteration: 1
10:28:36,5.81e-05,current lambda:  100
10:28:36,1.91e-05,reordering variables in pe
10:28:36,0.0018371,preparing EnsembleSolver
10:28:36,0.0028995,preparing fast-look containers for threaded localization solve
10:28:36,0.0119395,starting calcs for glm factor 10
10:28:36,1.56e-05,see .log file for more details
10:28:36,0.0012441,upgrade thread progress: 0 of 1 parts done
10:28:36,0.0949534,finished calcs for: 10
10:28:36,0.0001102,starting calcs for glm factor 100
10:28:36,1.57e-05,see .log file for more details
10:28:36,0.0017172,upgrade thread progress: 0 of 1 parts done
10:28:36,0.140146,finished calcs for: 100
10:28:36,8.24e-05,starting calcs for glm factor 1000
10:28:36,1.11e-05,see .log file for more details
10:28:36,0.0014655,upgrade thread progress: 0 of 1 parts done
10:28:36,0.104201,finished calcs for: 1000
10:28:36,8.78e-05,running upgrade ensembles
10:28:36,1.48e-05,queuing 9 ensembles
10:28:36,0.0049096,subset idx:pe real name:  17:18, 36:37, 69:71, 143:BASE, 
10:28:36,6.96e-05,subset idx:oe real name:  17:18, 36:37, 69:71, 143:BASE, 
10:28:36,0.0034913,making runs
10:38:53,617.051,processing runs
10:38:53,0.0412981,the following par:obs realization runs failed for lambda,scale 100,1-->18:18,
10:38:53,2.07e-05,dropping failed realizations
10:38:53,0.0402991,evaluting upgrade ensembles
10:38:53,7.32e-05,last mean:  2.05725e+06
10:38:53,6.86e-05,last stdev:  335386
10:38:53,0.0142721,phi summary for lambda, scale fac:
10:38:53,0.0136374,phi summary for lambda, scale fac:
10:38:53,0.0125154,phi summary for lambda, scale fac:
10:38:53,0.0129885,phi summary for lambda, scale fac:
10:38:53,0.0139906,phi summary for lambda, scale fac:
10:38:53,0.0137252,phi summary for lambda, scale fac:
10:38:53,0.0127327,phi summary for lambda, scale fac:
10:38:53,0.0129633,phi summary for lambda, scale fac:
10:38:53,0.0133436,phi summary for lambda, scale fac:
10:38:53,0.0063871,phi summary for best lambda, scale fac: 
10:38:53,0.0105426,running remaining realizations for best lambda, scale:
10:38:53,8.5e-06,dropping subset idxs from remaining_pe_lam
10:38:53,0.0001587,dropping subset idxs from remaining_oe_lam
10:38:53,0.0027327,queuing 140 runs
10:38:53,0.015675,making runs
11:02:25,1411.81,processing runs
11:02:25,0.125305,assembling ensembles
11:02:25,0.0133211,dropping realizations as bad:  7
11:02:25,0.0001111,dropping par:obs realizations: 4 : 4 , 58 : 58 , 64 : 64 , 78 : 78 , 98 : 98 , 103 : 103 , 148 : 148 , 
11:02:25,0.0024555,updating phi
11:02:25,0.0153758,phi summary for entire ensemble using lambda,scale_fac 
11:02:25,0.016911,last best mean phi * acceptable phi factor:  2.16012e+06
11:02:25,9.02e-05,current best mean phi:  1.2696e+06
11:02:25,8.72e-05,updating parameter ensemble
11:02:25,6.1e-06,updating parameter ensemble
11:02:25,0.0021713,updating lambda to  750
11:02:27,1.66801,phi-based termination criteria check
11:02:27,0.0001218,phiredstp:  0.01
11:02:27,0.0003052,nphistp:  3
11:02:27,9.59e-05,nphinored (also used for consecutive bad lambda cycles):  3
11:02:27,9.2e-05,best mean phi sequence: 
11:02:27,8.57e-05,best phi yet:  1.2696e+06
11:02:27,9.13e-05,number of consecutive bad lambda testing cycles:  0
11:02:27,9.15e-05,number of iterations satisfying phiredstp criteria:  1
11:02:27,9.42e-05,number of iterations since best yet mean phi:  0
11:02:27,0.0001802,starting solve for iteration: 2
11:02:27,1.35e-05,starting solve for iteration: 2
11:02:27,9.2e-05,current lambda:  750
11:02:27,1.5e-05,reordering variables in pe
11:02:27,0.0033042,preparing EnsembleSolver
11:02:27,0.0035125,preparing fast-look containers for threaded localization solve
11:02:27,0.0120263,starting calcs for glm factor 75
11:02:27,1.5e-05,see .log file for more details
11:02:27,0.0011103,upgrade thread progress: 0 of 1 parts done
11:02:27,0.082192,finished calcs for: 75
11:02:27,0.0001284,starting calcs for glm factor 750
11:02:27,1.56e-05,see .log file for more details
11:02:27,0.0012191,upgrade thread progress: 0 of 1 parts done
11:02:27,0.0828277,finished calcs for: 750
11:02:27,9.68e-05,starting calcs for glm factor 7500
11:02:27,9.6e-06,see .log file for more details
11:02:27,0.0012381,upgrade thread progress: 0 of 1 parts done
11:02:27,0.0828245,finished calcs for: 7500
11:02:27,8.83e-05,running upgrade ensembles
11:02:27,9.5e-06,queuing 9 ensembles
11:02:27,0.0058858,subset idx:pe real name:  3:BASE, 9:6, 55:56, 67:70, 
11:02:27,9.74e-05,subset idx:oe real name:  3:BASE, 9:6, 55:56, 67:70, 
11:02:27,0.0037336,making runs
11:12:40,612.314,processing runs
11:12:40,0.0789027,evaluting upgrade ensembles
11:12:40,0.0001201,last mean:  1.2696e+06
11:12:40,9.23e-05,last stdev:  103951
11:12:40,0.0143278,phi summary for lambda, scale fac:
11:12:40,0.0131566,phi summary for lambda, scale fac:
11:12:40,0.0125119,phi summary for lambda, scale fac:
11:12:40,0.0126482,phi summary for lambda, scale fac:
11:12:40,0.0150951,phi summary for lambda, scale fac:
11:12:40,0.0131624,phi summary for lambda, scale fac:
11:12:40,0.0126353,phi summary for lambda, scale fac:
11:12:40,0.0126079,phi summary for lambda, scale fac:
11:12:40,0.0124517,phi summary for lambda, scale fac:
11:12:40,0.0033343,phi summary for best lambda, scale fac: 
11:12:40,0.0099331,running remaining realizations for best lambda, scale:
11:12:40,8.2e-06,dropping subset idxs from remaining_pe_lam
11:12:40,0.0002264,dropping subset idxs from remaining_oe_lam
11:12:40,0.0023545,queuing 133 runs
11:12:40,0.0152347,making runs
11:35:52,1391.75,processing runs
11:35:52,0.116987,assembling ensembles
11:35:52,0.0132004,dropping realizations as bad:  7
11:35:52,0.0001208,dropping par:obs realizations: 20 : 20 , 63 : 63 , 74 : 74 , 97 : 97 , 101 : 101 , 105 : 105 , 135 : 135 , 
11:35:52,0.002249,updating phi
11:35:52,0.0157232,phi summary for entire ensemble using lambda,scale_fac 
11:35:52,0.0162227,last best mean phi * acceptable phi factor:  1.33308e+06
11:35:52,9.34e-05,current best mean phi:  1.15491e+06
11:35:52,8.72e-05,updating parameter ensemble
11:35:52,6.2e-06,updating parameter ensemble
11:35:52,0.0030636,updating lambda to  562.5
11:35:53,1.58626,phi-based termination criteria check
11:35:53,8.97e-05,phiredstp:  0.01
11:35:53,7.53e-05,nphistp:  3
11:35:53,7.6e-05,nphinored (also used for consecutive bad lambda cycles):  3
11:35:53,7.96e-05,best mean phi sequence: 
11:35:53,9.96e-05,best phi yet:  1.15491e+06
11:35:53,8.06e-05,number of consecutive bad lambda testing cycles:  0
11:35:53,7.53e-05,number of iterations satisfying phiredstp criteria:  1
11:35:53,7.46e-05,number of iterations since best yet mean phi:  0
11:35:53,0.0001371,starting solve for iteration: 3
11:35:53,9.5e-06,starting solve for iteration: 3
11:35:53,7.47e-05,current lambda:  562.5
11:35:53,8.8e-06,reordering variables in pe
11:35:53,0.0022336,preparing EnsembleSolver
11:35:53,0.0025521,preparing fast-look containers for threaded localization solve
11:35:53,0.0116633,starting calcs for glm factor 56.25
11:35:53,1.83e-05,see .log file for more details
11:35:53,0.001059,upgrade thread progress: 0 of 1 parts done
11:35:53,0.0737133,finished calcs for: 56.25
11:35:53,9.89e-05,starting calcs for glm factor 562.5
11:35:53,9.8e-06,see .log file for more details
11:35:53,0.0011319,upgrade thread progress: 0 of 1 parts done
11:35:53,0.0743558,finished calcs for: 562.5
11:35:53,9.52e-05,starting calcs for glm factor 5625
11:35:53,1e-05,see .log file for more details
11:35:53,0.0011749,upgrade thread progress: 0 of 1 parts done
11:35:54,0.0725183,finished calcs for: 5625
11:35:54,9.69e-05,running upgrade ensembles
11:35:54,9e-06,queuing 9 ensembles
11:35:54,0.0057046,subset idx:pe real name:  0:BASE, 26:24, 33:31, 83:93, 
11:35:54,9.66e-05,subset idx:oe real name:  0:BASE, 26:24, 33:31, 83:93, 
11:35:54,0.0033957,making runs
11:46:11,617.876,processing runs
11:46:12,0.0785169,evaluting upgrade ensembles
11:46:12,9.64e-05,last mean:  1.15491e+06
11:46:12,7.35e-05,last stdev:  87914.6
11:46:12,0.0139076,phi summary for lambda, scale fac:
11:46:12,0.0131168,phi summary for lambda, scale fac:
11:46:12,0.0131278,phi summary for lambda, scale fac:
11:46:12,0.0126024,phi summary for lambda, scale fac:
11:46:12,0.0130741,phi summary for lambda, scale fac:
11:46:12,0.0124348,phi summary for lambda, scale fac:
11:46:12,0.0130272,phi summary for lambda, scale fac:
11:46:12,0.012912,phi summary for lambda, scale fac:
11:46:12,0.01243,phi summary for lambda, scale fac:
11:46:12,0.0032049,phi summary for best lambda, scale fac: 
11:46:12,0.0102026,running remaining realizations for best lambda, scale:
11:46:12,1.03e-05,dropping subset idxs from remaining_pe_lam
11:46:12,0.0002245,dropping subset idxs from remaining_oe_lam
11:46:12,0.0022229,queuing 126 runs
11:46:12,0.0152742,making runs
12:09:05,1373.3,processing runs
12:09:05,0.115093,assembling ensembles
12:09:05,0.0126792,dropping realizations as bad:  1
12:09:05,7.88e-05,dropping par:obs realizations: 110 : 110 , 
12:09:05,0.0025664,updating phi
12:09:05,0.0159178,phi summary for entire ensemble using lambda,scale_fac 
12:09:05,0.0170439,last best mean phi * acceptable phi factor:  1.21265e+06
12:09:05,7.52e-05,current best mean phi:  1.1031e+06
12:09:05,7.5e-05,updating parameter ensemble
12:09:05,6e-06,updating parameter ensemble
12:09:05,0.0023235,updating lambda to  4218.75
12:09:07,1.60348,phi-based termination criteria check
12:09:07,8.44e-05,phiredstp:  0.01
12:09:07,6.81e-05,nphistp:  3
12:09:07,6.01e-05,nphinored (also used for consecutive bad lambda cycles):  3
12:09:07,6.27e-05,best mean phi sequence: 
12:09:07,5.63e-05,best phi yet:  1.1031e+06
12:09:07,5.75e-05,number of consecutive bad lambda testing cycles:  0
12:09:07,5.73e-05,number of iterations satisfying phiredstp criteria:  1
12:09:07,5.62e-05,number of iterations since best yet mean phi:  0
12:09:07,9.97e-05,starting solve for iteration: 4
12:09:07,8.8e-06,starting solve for iteration: 4
12:09:07,5.63e-05,current lambda:  4218.75
12:09:07,9.6e-06,reordering variables in pe
12:09:07,0.0020292,preparing EnsembleSolver
12:09:07,0.0024994,preparing fast-look containers for threaded localization solve
12:09:07,0.01176,starting calcs for glm factor 421.875
12:09:07,1.54e-05,see .log file for more details
12:09:07,0.0011152,upgrade thread progress: 0 of 1 parts done
12:09:07,0.0777779,finished calcs for: 421.875
12:09:07,9.5e-05,starting calcs for glm factor 4218.75
12:09:07,1.22e-05,see .log file for more details
12:09:07,0.0014754,upgrade thread progress: 0 of 1 parts done
12:09:07,0.0798262,finished calcs for: 4218.75
12:09:07,9.75e-05,starting calcs for glm factor 42187.5
12:09:07,1.81e-05,see .log file for more details
12:09:07,0.0017724,upgrade thread progress: 0 of 1 parts done
12:09:07,0.0782143,finished calcs for: 42187.5
12:09:07,0.0001012,running upgrade ensembles
12:09:07,1.12e-05,queuing 9 ensembles
12:09:07,0.0057064,subset idx:pe real name:  0:BASE, 24:17, 107:123, 114:131, 
12:09:07,7.32e-05,subset idx:oe real name:  0:BASE, 24:17, 107:123, 114:131, 
12:09:07,0.0038131,making runs
12:19:25,618.237,processing runs
12:19:25,0.0855579,evaluting upgrade ensembles
12:19:25,8.44e-05,last mean:  1.1031e+06
12:19:25,6.24e-05,last stdev:  58383.9
12:19:25,0.0146894,phi summary for lambda, scale fac:
12:19:25,0.0127707,phi summary for lambda, scale fac:
12:19:25,0.013044,phi summary for lambda, scale fac:
12:19:25,0.0130164,phi summary for lambda, scale fac:
12:19:25,0.013353,phi summary for lambda, scale fac:
12:19:25,0.0127288,phi summary for lambda, scale fac:
12:19:25,0.0129892,phi summary for lambda, scale fac:
12:19:25,0.0133035,phi summary for lambda, scale fac:
12:19:25,0.0129419,phi summary for lambda, scale fac:
12:19:25,0.0051388,phi summary for best lambda, scale fac: 
12:19:25,0.009901,running remaining realizations for best lambda, scale:
12:19:25,8.4e-06,dropping subset idxs from remaining_pe_lam
12:19:25,0.0001433,dropping subset idxs from remaining_oe_lam
12:19:25,0.0022261,queuing 125 runs
12:19:25,0.0143817,making runs
12:42:16,1370.26,processing runs
12:42:16,0.112136,assembling ensembles
12:42:16,0.0137652,dropping realizations as bad:  4
12:42:16,0.0001014,dropping par:obs realizations: 91 : 91 , 119 : 119 , 121 : 121 , 130 : 130 , 
12:42:16,0.0028821,updating phi
12:42:16,0.0146056,phi summary for entire ensemble using lambda,scale_fac 
12:42:16,0.0156908,last best mean phi * acceptable phi factor:  1.15825e+06
12:42:16,9.25e-05,current best mean phi:  1.05218e+06
12:42:16,8.47e-05,updating parameter ensemble
12:42:16,6e-06,updating parameter ensemble
12:42:16,0.0020487,updating lambda to  3164.06
12:42:17,1.5532,phi-based termination criteria check
12:42:17,0.0001079,phiredstp:  0.01
12:42:17,6.73e-05,nphistp:  3
12:42:17,5.81e-05,nphinored (also used for consecutive bad lambda cycles):  3
12:42:17,6.96e-05,best mean phi sequence: 
12:42:17,6.31e-05,best phi yet:  1.05218e+06
12:42:17,6.58e-05,number of consecutive bad lambda testing cycles:  0
12:42:17,6.02e-05,number of iterations satisfying phiredstp criteria:  1
12:42:17,5.65e-05,number of iterations since best yet mean phi:  0
12:42:17,0.0001101,starting solve for iteration: 5
12:42:17,9.2e-06,starting solve for iteration: 5
12:42:17,6.07e-05,current lambda:  3164.06
12:42:17,8.3e-06,reordering variables in pe
12:42:17,0.0021649,preparing EnsembleSolver
12:42:17,0.002511,preparing fast-look containers for threaded localization solve
12:42:17,0.0118487,starting calcs for glm factor 316.406
12:42:17,1.5e-05,see .log file for more details
12:42:17,0.0011143,upgrade thread progress: 0 of 1 parts done
12:42:18,0.0702488,finished calcs for: 316.406
12:42:18,0.0001091,starting calcs for glm factor 3164.06
12:42:18,1.43e-05,see .log file for more details
12:42:18,0.0011647,upgrade thread progress: 0 of 1 parts done
12:42:18,0.0699702,finished calcs for: 3164.06
12:42:18,8.73e-05,starting calcs for glm factor 31640.6
12:42:18,1.02e-05,see .log file for more details
12:42:18,0.001043,upgrade thread progress: 0 of 1 parts done
12:42:18,0.0707041,finished calcs for: 31640.6
12:42:18,8.82e-05,running upgrade ensembles
12:42:18,9.1e-06,queuing 9 ensembles
12:42:18,0.0053563,subset idx:pe real name:  0:BASE, 28:21, 57:53, 113:134, 
12:42:18,7.94e-05,subset idx:oe real name:  0:BASE, 28:21, 57:53, 113:134, 
12:42:18,0.0035518,making runs
12:52:36,618.562,processing runs
12:52:36,0.0881954,evaluting upgrade ensembles
12:52:36,8.08e-05,last mean:  1.05218e+06
12:52:36,5.76e-05,last stdev:  44373.9
12:52:36,0.0139415,phi summary for lambda, scale fac:
12:52:36,0.0130847,phi summary for lambda, scale fac:
12:52:36,0.0124235,phi summary for lambda, scale fac:
12:52:36,0.0128451,phi summary for lambda, scale fac:
12:52:36,0.013022,phi summary for lambda, scale fac:
12:52:36,0.0129146,phi summary for lambda, scale fac:
12:52:36,0.0126035,phi summary for lambda, scale fac:
12:52:36,0.0129537,phi summary for lambda, scale fac:
12:52:36,0.0123942,phi summary for lambda, scale fac:
12:52:36,0.0059349,phi summary for best lambda, scale fac: 
12:52:36,0.0101196,running remaining realizations for best lambda, scale:
12:52:36,8.4e-06,dropping subset idxs from remaining_pe_lam
12:52:36,0.0001455,dropping subset idxs from remaining_oe_lam
12:52:36,0.0021556,queuing 121 runs
12:52:36,0.0151401,making runs
13:15:32,1375.37,processing runs
13:15:32,0.108619,assembling ensembles
13:15:32,0.0128049,dropping realizations as bad:  4
13:15:32,9.63e-05,dropping par:obs realizations: 14 : 14 , 26 : 26 , 49 : 49 , 109 : 109 , 
13:15:32,0.0022491,updating phi
13:15:32,0.0142684,phi summary for entire ensemble using lambda,scale_fac 
13:15:32,0.0150568,last best mean phi * acceptable phi factor:  1.10479e+06
13:15:32,7.09e-05,current best mean phi:  1.03938e+06
13:15:32,6.61e-05,updating parameter ensemble
13:15:32,6e-06,updating parameter ensemble
13:15:32,0.0018101,updating lambda to  23730.5
13:15:34,1.55768,phi-based termination criteria check
13:15:34,6.91e-05,phiredstp:  0.01
13:15:34,5.58e-05,nphistp:  3
13:15:34,8.49e-05,nphinored (also used for consecutive bad lambda cycles):  3
13:15:34,6.76e-05,best mean phi sequence: 
13:15:34,5.64e-05,best phi yet:  1.03938e+06
13:15:34,5.77e-05,number of consecutive bad lambda testing cycles:  0
13:15:34,5.73e-05,number of iterations satisfying phiredstp criteria:  1
13:15:34,5.67e-05,number of iterations since best yet mean phi:  0
13:15:34,9.63e-05,starting solve for iteration: 6
13:15:34,8.8e-06,starting solve for iteration: 6
13:15:34,5.6e-05,current lambda:  23730.5
13:15:34,7.9e-06,reordering variables in pe
13:15:34,0.0020507,preparing EnsembleSolver
13:15:34,0.0026514,preparing fast-look containers for threaded localization solve
13:15:34,0.0150363,starting calcs for glm factor 2373.05
13:15:34,2.03e-05,see .log file for more details
13:15:34,0.0011711,upgrade thread progress: 0 of 1 parts done
13:15:34,0.0661595,finished calcs for: 2373.05
13:15:34,7.29e-05,starting calcs for glm factor 23730.5
13:15:34,1.02e-05,see .log file for more details
13:15:34,0.0011074,upgrade thread progress: 0 of 1 parts done
13:15:34,0.0643873,finished calcs for: 23730.5
13:15:34,8.81e-05,starting calcs for glm factor 237305
13:15:34,1.03e-05,see .log file for more details
13:15:34,0.0010916,upgrade thread progress: 0 of 1 parts done
13:15:34,0.0643917,finished calcs for: 237305
13:15:34,8.28e-05,running upgrade ensembles
13:15:34,9.4e-06,queuing 9 ensembles
13:15:34,0.0050951,subset idx:pe real name:  0:BASE, 25:11, 41:36, 47:43, 
13:15:34,6.92e-05,subset idx:oe real name:  0:BASE, 25:11, 41:36, 47:43, 
13:15:34,0.0035524,making runs
13:26:07,633.244,processing runs
13:26:07,0.0791005,evaluting upgrade ensembles
13:26:07,8.48e-05,last mean:  1.03938e+06
13:26:07,6.12e-05,last stdev:  36232.5
13:26:07,0.0136661,phi summary for lambda, scale fac:
13:26:07,0.0129623,phi summary for lambda, scale fac:
13:26:07,0.0130658,phi summary for lambda, scale fac:
13:26:07,0.0129553,phi summary for lambda, scale fac:
13:26:07,0.0185465,phi summary for lambda, scale fac:
13:26:07,0.0201976,phi summary for lambda, scale fac:
13:26:07,0.0207681,phi summary for lambda, scale fac:
13:26:07,0.0206199,phi summary for lambda, scale fac:
13:26:07,0.0208881,phi summary for lambda, scale fac:
13:26:07,0.0064214,phi summary for best lambda, scale fac: 
13:26:07,0.0097716,running remaining realizations for best lambda, scale:
13:26:07,9e-06,dropping subset idxs from remaining_pe_lam
13:26:07,0.0001536,dropping subset idxs from remaining_oe_lam
13:26:07,0.0022047,queuing 117 runs
13:26:07,0.0155006,making runs
13:48:19,1331.33,processing runs
13:48:19,0.104968,assembling ensembles
13:48:19,0.0136958,dropping realizations as bad:  4
13:48:19,0.0001174,dropping par:obs realizations: 47 : 47 , 85 : 85 , 86 : 86 , 132 : 132 , 
13:48:19,0.0020982,updating phi
13:48:19,0.0148166,phi summary for entire ensemble using lambda,scale_fac 
13:48:19,0.0163439,last best mean phi * acceptable phi factor:  1.09135e+06
13:48:19,8.47e-05,current best mean phi:  1.01628e+06
13:48:19,0.0001181,updating parameter ensemble
13:48:19,1.18e-05,updating parameter ensemble
13:48:19,0.0022491,not updating lambda (standard deviation reduction criteria not met)
13:48:20,1.45141,phi-based termination criteria check
13:48:20,0.0001114,phiredstp:  0.01
13:48:20,9.81e-05,nphistp:  3
13:48:20,9.87e-05,nphinored (also used for consecutive bad lambda cycles):  3
13:48:20,0.0001065,best mean phi sequence: 
13:48:20,9.17e-05,best phi yet:  1.01628e+06
13:48:20,9.4e-05,number of consecutive bad lambda testing cycles:  0
13:48:20,9.03e-05,number of iterations satisfying phiredstp criteria:  1
13:48:20,9.4e-05,number of iterations since best yet mean phi:  0
13:48:20,0.0001535,starting solve for iteration: 7
13:48:20,1.53e-05,starting solve for iteration: 7
13:48:20,8.95e-05,current lambda:  23730.5
13:48:20,1.41e-05,reordering variables in pe
13:48:20,0.0032626,preparing EnsembleSolver
13:48:20,0.0031207,preparing fast-look containers for threaded localization solve
13:48:20,0.0102783,starting calcs for glm factor 2373.05
13:48:20,6.77e-05,see .log file for more details
13:48:20,0.0012088,upgrade thread progress: 0 of 1 parts done
13:48:20,0.0615052,finished calcs for: 2373.05
13:48:20,9.53e-05,starting calcs for glm factor 23730.5
13:48:20,1e-05,see .log file for more details
13:48:20,0.0009766,upgrade thread progress: 0 of 1 parts done
13:48:20,0.0795705,finished calcs for: 23730.5
13:48:20,0.0001646,starting calcs for glm factor 237305
13:48:20,2.31e-05,see .log file for more details
13:48:20,0.0026485,upgrade thread progress: 0 of 1 parts done
13:48:20,0.0674945,finished calcs for: 237305
13:48:20,0.0001176,running upgrade ensembles
13:48:20,1e-05,queuing 9 ensembles
13:48:20,0.0064559,subset idx:pe real name:  0:BASE, 16:18, 25:8, 113:143, 
13:48:20,0.0001152,subset idx:oe real name:  0:BASE, 16:18, 25:8, 113:143, 
13:48:20,0.0037335,making runs
13:58:41,621.005,processing runs
13:58:42,0.0795827,evaluting upgrade ensembles
13:58:42,8.42e-05,last mean:  1.01628e+06
13:58:42,5.91e-05,last stdev:  38401.7
13:58:42,0.0144747,phi summary for lambda, scale fac:
13:58:42,0.0131949,phi summary for lambda, scale fac:
13:58:42,0.012522,phi summary for lambda, scale fac:
13:58:42,0.0130507,phi summary for lambda, scale fac:
13:58:42,0.0126469,phi summary for lambda, scale fac:
13:58:42,0.0125105,phi summary for lambda, scale fac:
13:58:42,0.0126069,phi summary for lambda, scale fac:
13:58:42,0.0123514,phi summary for lambda, scale fac:
13:58:42,0.0123618,phi summary for lambda, scale fac:
13:58:42,0.0045515,phi summary for best lambda, scale fac: 
13:58:42,0.0104491,running remaining realizations for best lambda, scale:
13:58:42,8.3e-06,dropping subset idxs from remaining_pe_lam
13:58:42,0.000143,dropping subset idxs from remaining_oe_lam
13:58:42,0.0020455,queuing 113 runs
13:58:42,0.0138414,making runs
14:20:21,1299.18,processing runs
14:20:21,0.111048,assembling ensembles
14:20:21,0.0176687,dropping realizations as bad:  6
14:20:21,0.0001972,dropping par:obs realizations: 10 : 10 , 52 : 52 , 55 : 55 , 92 : 92 , 112 : 112 , 140 : 140 , 
14:20:21,0.0049693,updating phi
14:20:21,0.0267592,phi summary for entire ensemble using lambda,scale_fac 
14:20:21,0.0215145,last best mean phi * acceptable phi factor:  1.06709e+06
14:20:21,0.0001281,current best mean phi:  1.00187e+06
14:20:21,0.0002575,updating parameter ensemble
14:20:21,6.9e-06,updating parameter ensemble
14:20:21,0.0018313,updating lambda to  1779.79
14:20:23,1.47261,phi-based termination criteria check
14:20:23,6.76e-05,phiredstp:  0.01
14:20:23,5.44e-05,nphistp:  3
14:20:23,5.53e-05,nphinored (also used for consecutive bad lambda cycles):  3
14:20:23,7.77e-05,best mean phi sequence: 
14:20:23,5.37e-05,best phi yet:  1.00187e+06
14:20:23,5.45e-05,number of consecutive bad lambda testing cycles:  0
14:20:23,5.41e-05,number of iterations satisfying phiredstp criteria:  1
14:20:23,5.37e-05,number of iterations since best yet mean phi:  0
14:20:23,9.73e-05,starting solve for iteration: 8
14:20:23,9.1e-06,starting solve for iteration: 8
14:20:23,5.34e-05,current lambda:  1779.79
14:20:23,8.2e-06,reordering variables in pe
14:20:23,0.002414,preparing EnsembleSolver
14:20:23,0.0026418,preparing fast-look containers for threaded localization solve
14:20:23,0.0118265,starting calcs for glm factor 177.979
14:20:23,1.73e-05,see .log file for more details
14:20:23,0.001001,upgrade thread progress: 0 of 1 parts done
14:20:23,0.0578061,finished calcs for: 177.979
14:20:23,9.44e-05,starting calcs for glm factor 1779.79
14:20:23,1e-05,see .log file for more details
14:20:23,0.0010475,upgrade thread progress: 0 of 1 parts done
14:20:23,0.0564354,finished calcs for: 1779.79
14:20:23,7.31e-05,starting calcs for glm factor 17797.9
14:20:23,5.2e-05,see .log file for more details
14:20:23,0.0010735,upgrade thread progress: 0 of 1 parts done
14:20:23,0.0548098,finished calcs for: 17797.9
14:20:23,8.86e-05,running upgrade ensembles
14:20:23,1.53e-05,queuing 9 ensembles
14:20:23,0.0057729,subset idx:pe real name:  0:BASE, 5:36, 38:30, 64:72, 
14:20:23,8.82e-05,subset idx:oe real name:  0:BASE, 5:36, 38:30, 64:72, 
14:20:23,0.0035459,making runs
14:30:51,628.606,processing runs
14:30:51,0.100648,evaluting upgrade ensembles
14:30:51,8.46e-05,last mean:  1.00187e+06
14:30:51,6.04e-05,last stdev:  36361.9
14:30:51,0.0162051,phi summary for lambda, scale fac:
14:30:51,0.0142519,phi summary for lambda, scale fac:
14:30:52,0.0141939,phi summary for lambda, scale fac:
14:30:52,0.0138637,phi summary for lambda, scale fac:
14:30:52,0.0151234,phi summary for lambda, scale fac:
14:30:52,0.0137829,phi summary for lambda, scale fac:
14:30:52,0.013848,phi summary for lambda, scale fac:
14:30:52,0.013099,phi summary for lambda, scale fac:
14:30:52,0.0139965,phi summary for lambda, scale fac:
14:30:52,0.003547,phi summary for best lambda, scale fac: 
14:30:52,0.0096725,running remaining realizations for best lambda, scale:
14:30:52,9.1e-06,dropping subset idxs from remaining_pe_lam
14:30:52,0.0001965,dropping subset idxs from remaining_oe_lam
14:30:52,0.0019085,queuing 107 runs
14:30:52,0.0130629,making runs
14:53:02,1330.57,processing runs
14:53:02,0.0990324,assembling ensembles
14:53:02,0.0119566,dropping realizations as bad:  4
14:53:02,9.27e-05,dropping par:obs realizations: 17 : 17 , 70 : 70 , 65 : 65 , 81 : 81 , 
14:53:02,0.0024813,updating phi
14:53:02,0.0132663,phi summary for entire ensemble using lambda,scale_fac 
14:53:02,0.0143837,last best mean phi * acceptable phi factor:  1.05196e+06
14:53:02,8.23e-05,current best mean phi:  990228
14:53:02,7.88e-05,updating parameter ensemble
14:53:02,6.1e-06,updating parameter ensemble
14:53:02,0.0017392,updating lambda to  13348.4
14:53:04,1.33913,phi-based termination criteria check
14:53:04,8.08e-05,phiredstp:  0.01
14:53:04,9.5e-05,nphistp:  3
14:53:04,8.68e-05,nphinored (also used for consecutive bad lambda cycles):  3
14:53:04,0.0001294,best mean phi sequence: 
14:53:04,8.03e-05,best phi yet:  990228
14:53:04,7.17e-05,number of consecutive bad lambda testing cycles:  0
14:53:04,7.12e-05,number of iterations satisfying phiredstp criteria:  1
14:53:04,7.7e-05,number of iterations since best yet mean phi:  0
14:53:04,0.0001524,starting solve for iteration: 9
14:53:04,1.44e-05,starting solve for iteration: 9
14:53:04,7.24e-05,current lambda:  13348.4
14:53:04,1.64e-05,reordering variables in pe
14:53:04,0.0034165,preparing EnsembleSolver
14:53:04,0.0030606,preparing fast-look containers for threaded localization solve
14:53:04,0.0106176,starting calcs for glm factor 1334.84
14:53:04,1.64e-05,see .log file for more details
14:53:04,0.001074,upgrade thread progress: 0 of 1 parts done
14:53:04,0.0559165,finished calcs for: 1334.84
14:53:04,0.0001122,starting calcs for glm factor 13348.4
14:53:04,9.5e-06,see .log file for more details
14:53:04,0.0013041,upgrade thread progress: 0 of 1 parts done
14:53:04,0.051332,finished calcs for: 13348.4
14:53:04,0.0001042,starting calcs for glm factor 133484
14:53:04,9.6e-06,see .log file for more details
14:53:04,0.0012514,upgrade thread progress: 0 of 1 parts done
14:53:04,0.0520389,finished calcs for: 133484
14:53:04,0.0001035,running upgrade ensembles
14:53:04,9.1e-06,queuing 9 ensembles
14:53:04,0.0057144,subset idx:pe real name:  0:BASE, 21:0, 58:66, 99:137, 
14:53:04,0.0001094,subset idx:oe real name:  0:BASE, 21:0, 58:66, 99:137, 
14:53:04,0.0034222,making runs
15:03:26,622.131,processing runs
15:03:26,0.105566,evaluting upgrade ensembles
15:03:26,8.7e-05,last mean:  990228
15:03:26,6.2e-05,last stdev:  30832.2
15:03:26,0.0159748,phi summary for lambda, scale fac:
15:03:26,0.0145746,phi summary for lambda, scale fac:
15:03:26,0.0136801,phi summary for lambda, scale fac:
15:03:26,0.0147702,phi summary for lambda, scale fac:
15:03:26,0.01675,phi summary for lambda, scale fac:
15:03:26,0.0147215,phi summary for lambda, scale fac:
15:03:26,0.0136931,phi summary for lambda, scale fac:
15:03:26,0.0143788,phi summary for lambda, scale fac:
15:03:26,0.0139339,phi summary for lambda, scale fac:
15:03:26,0.0040535,phi summary for best lambda, scale fac: 
15:03:26,0.010153,running remaining realizations for best lambda, scale:
15:03:26,8.4e-06,dropping subset idxs from remaining_pe_lam
15:03:26,0.0001327,dropping subset idxs from remaining_oe_lam
15:03:26,0.0017717,queuing 103 runs
15:03:26,0.0129577,making runs
15:24:14,1248.01,processing runs
15:24:14,0.112789,assembling ensembles
15:24:14,0.0143589,dropping realizations as bad:  6
15:24:14,9.98e-05,dropping par:obs realizations: 43 : 43 , 123 : 123 , 29 : 29 , 67 : 67 , 84 : 84 , 144 : 144 , 
15:24:14,0.0023019,updating phi
15:24:14,0.0161727,phi summary for entire ensemble using lambda,scale_fac 
15:24:14,0.0203153,last best mean phi * acceptable phi factor:  1.03974e+06
15:24:14,0.0001065,current best mean phi:  987373
15:24:14,8.32e-05,updating parameter ensemble
15:24:14,7.8e-06,updating parameter ensemble
15:24:14,0.0028103,updating lambda to  10011.3
15:24:16,1.37282,phi-based termination criteria check
15:24:16,9.38e-05,phiredstp:  0.01
15:24:16,7.33e-05,nphistp:  3
15:24:16,7.19e-05,nphinored (also used for consecutive bad lambda cycles):  3
15:24:16,9.28e-05,best mean phi sequence: 
15:24:16,7.21e-05,best phi yet:  987373
15:24:16,7.28e-05,number of consecutive bad lambda testing cycles:  0
15:24:16,7.34e-05,number of iterations satisfying phiredstp criteria:  2
15:24:16,7.23e-05,number of iterations since best yet mean phi:  0
15:24:16,0.0001256,starting solve for iteration: 10
15:24:16,1.61e-05,starting solve for iteration: 10
15:24:16,7.59e-05,current lambda:  10011.3
15:24:16,1.57e-05,reordering variables in pe
15:24:16,0.0039927,preparing EnsembleSolver
15:24:16,0.0037311,preparing fast-look containers for threaded localization solve
15:24:16,0.0112103,starting calcs for glm factor 1001.13
15:24:16,1.5e-05,see .log file for more details
15:24:16,0.0011133,upgrade thread progress: 0 of 1 parts done
15:24:16,0.045563,finished calcs for: 1001.13
15:24:16,9.33e-05,starting calcs for glm factor 10011.3
15:24:16,1.02e-05,see .log file for more details
15:24:16,0.0010267,upgrade thread progress: 0 of 1 parts done
15:24:16,0.0455694,finished calcs for: 10011.3
15:24:16,6.87e-05,starting calcs for glm factor 100113
15:24:16,9.9e-06,see .log file for more details
15:24:16,0.0011766,upgrade thread progress: 0 of 1 parts done
15:24:16,0.0451487,finished calcs for: 100113
15:24:16,7.08e-05,running upgrade ensembles
15:24:16,9.5e-06,queuing 9 ensembles
15:24:16,0.0050986,subset idx:pe real name:  0:BASE, 62:80, 73:100, 74:102, 
15:24:16,7.02e-05,subset idx:oe real name:  0:BASE, 62:80, 73:100, 74:102, 
15:24:16,0.0036963,making runs
15:35:09,652.533,processing runs
15:35:09,0.0748623,evaluting upgrade ensembles
15:35:09,9.06e-05,last mean:  987373
15:35:09,7.06e-05,last stdev:  27205.1
15:35:09,0.0134071,phi summary for lambda, scale fac:
15:35:09,0.0127871,phi summary for lambda, scale fac:
15:35:09,0.012454,phi summary for lambda, scale fac:
15:35:09,0.0124043,phi summary for lambda, scale fac:
15:35:09,0.0139822,phi summary for lambda, scale fac:
15:35:09,0.0133606,phi summary for lambda, scale fac:
15:35:09,0.0164949,phi summary for lambda, scale fac:
15:35:09,0.0130885,phi summary for lambda, scale fac:
15:35:09,0.0130082,phi summary for lambda, scale fac:
15:35:09,0.0043719,phi summary for best lambda, scale fac: 
15:35:09,0.0094446,running remaining realizations for best lambda, scale:
15:35:09,8.9e-06,dropping subset idxs from remaining_pe_lam
15:35:09,0.0001236,dropping subset idxs from remaining_oe_lam
15:35:09,0.0018147,queuing 97 runs
15:35:09,0.0128455,making runs
15:55:59,1250,processing runs
15:55:59,0.0892831,assembling ensembles
15:55:59,0.0113372,dropping realizations as bad:  4
15:55:59,0.0001171,dropping par:obs realizations: 33 : 33 , 60 : 60 , 62 : 62 , 114 : 114 , 
15:55:59,0.001743,updating phi
15:55:59,0.0142999,phi summary for entire ensemble using lambda,scale_fac 
15:55:59,0.0142343,last best mean phi * acceptable phi factor:  1.03674e+06
15:55:59,0.0002896,current best mean phi:  985664
15:55:59,7.98e-05,updating parameter ensemble
15:55:59,6.6e-06,updating parameter ensemble
15:55:59,0.0017448,updating lambda to  75084.7
15:56:00,1.23596,phi-based termination criteria check
15:56:00,9.26e-05,phiredstp:  0.01
15:56:00,7.5e-05,nphistp:  3
15:56:00,7.54e-05,nphinored (also used for consecutive bad lambda cycles):  3
15:56:00,9.59e-05,best mean phi sequence: 
15:56:00,7.59e-05,best phi yet:  985664
15:56:00,7.49e-05,number of consecutive bad lambda testing cycles:  0
15:56:00,7.44e-05,number of iterations satisfying phiredstp criteria:  3
15:56:00,7.43e-05,number iterations satisfying phiredstp criteria > nphistp
15:56:00,7.61e-05,number of iterations since best yet mean phi:  0
15:56:00,7.46e-05,phi-based termination criteria satisfied, all done
